
CRITICAL - 2025-02-25 00:34:52 --> CodeIgniter\HTTP\Exceptions\BadRequestException: The URI you submitted has disallowed characters: "<"
[Method: GET, Route: %3C]
in SYSTEMPATH\Router\Router.php on line 737.
 1 SYSTEMPATH\Router\Router.php(204): CodeIgniter\Router\Router->checkDisallowedChars('<')
 2 SYSTEMPATH\CodeIgniter.php(834): CodeIgniter\Router\Router->handle('<')
 3 SYSTEMPATH\CodeIgniter.php(457): CodeIgniter\CodeIgniter->tryToRouteIt(Object(CodeIgniter\Router\RouteCollection))
 4 SYSTEMPATH\CodeIgniter.php(355): CodeIgniter\CodeIgniter->handleRequest(null, Object(Config\Cache), false)
 5 SYSTEMPATH\Boot.php(325): CodeIgniter\CodeIgniter->run()
 6 SYSTEMPATH\Boot.php(67): CodeIgniter\Boot::runCodeIgniter(Object(CodeIgniter\CodeIgniter))
 7 FCPATH\index.php(56): CodeIgniter\Boot::bootWeb(Object(Config\Paths))
CRITICAL - 2025-02-25 00:39:38 --> CodeIgniter\HTTP\Exceptions\BadRequestException: The URI you submitted has disallowed characters: "<"
[Method: GET, Route: %3C]
in SYSTEMPATH\Router\Router.php on line 737.
 1 SYSTEMPATH\Router\Router.php(204): CodeIgniter\Router\Router->checkDisallowedChars('<')
 2 SYSTEMPATH\CodeIgniter.php(834): CodeIgniter\Router\Router->handle('<')
 3 SYSTEMPATH\CodeIgniter.php(457): CodeIgniter\CodeIgniter->tryToRouteIt(Object(CodeIgniter\Router\RouteCollection))
 4 SYSTEMPATH\CodeIgniter.php(355): CodeIgniter\CodeIgniter->handleRequest(null, Object(Config\Cache), false)
 5 SYSTEMPATH\Boot.php(325): CodeIgniter\CodeIgniter->run()
 6 SYSTEMPATH\Boot.php(67): CodeIgniter\Boot::runCodeIgniter(Object(CodeIgniter\CodeIgniter))
 7 FCPATH\index.php(56): CodeIgniter\Boot::bootWeb(Object(Config\Paths))
CRITICAL - 2025-02-25 00:39:40 --> CodeIgniter\HTTP\Exceptions\BadRequestException: The URI you submitted has disallowed characters: "<"
[Method: GET, Route: %3C]
in SYSTEMPATH\Router\Router.php on line 737.
 1 SYSTEMPATH\Router\Router.php(204): CodeIgniter\Router\Router->checkDisallowedChars('<')
 2 SYSTEMPATH\CodeIgniter.php(834): CodeIgniter\Router\Router->handle('<')
 3 SYSTEMPATH\CodeIgniter.php(457): CodeIgniter\CodeIgniter->tryToRouteIt(Object(CodeIgniter\Router\RouteCollection))
 4 SYSTEMPATH\CodeIgniter.php(355): CodeIgniter\CodeIgniter->handleRequest(null, Object(Config\Cache), false)
 5 SYSTEMPATH\Boot.php(325): CodeIgniter\CodeIgniter->run()
 6 SYSTEMPATH\Boot.php(67): CodeIgniter\Boot::runCodeIgniter(Object(CodeIgniter\CodeIgniter))
 7 FCPATH\index.php(56): CodeIgniter\Boot::bootWeb(Object(Config\Paths))
CRITICAL - 2025-02-25 01:07:03 --> ErrorException: Undefined array key "IdNumber"
[Method: GET, Route: deleteUser/33]
in APPPATH\Controllers\AdminController.php on line 222.
 1 APPPATH\Controllers\AdminController.php(222): CodeIgniter\Debug\Exceptions->errorHandler(2, 'Undefined array key "IdNumber"', 'C:\\Backup\\trashtobigas\\app\\Controllers\\AdminController.php', 222)
 2 APPPATH\Controllers\AdminController.php(203): App\Controllers\AdminController->insertIDNumber('33')
 3 SYSTEMPATH\CodeIgniter.php(933): App\Controllers\AdminController->delete('33')
 4 SYSTEMPATH\CodeIgniter.php(509): CodeIgniter\CodeIgniter->runController(Object(App\Controllers\AdminController))
 5 SYSTEMPATH\CodeIgniter.php(355): CodeIgniter\CodeIgniter->handleRequest(null, Object(Config\Cache), false)
 6 SYSTEMPATH\Boot.php(325): CodeIgniter\CodeIgniter->run()
 7 SYSTEMPATH\Boot.php(67): CodeIgniter\Boot::runCodeIgniter(Object(CodeIgniter\CodeIgniter))
 8 FCPATH\index.php(56): CodeIgniter\Boot::bootWeb(Object(Config\Paths))
 9 SYSTEMPATH\rewrite.php(44): require_once('C:\\Backup\\trashtobigas\\public\\index.php')
CRITICAL - 2025-02-25 01:07:19 --> ErrorException: Undefined array key "idNumber"
[Method: GET, Route: deleteUser/33]
in APPPATH\Controllers\AdminController.php on line 222.
 1 APPPATH\Controllers\AdminController.php(222): CodeIgniter\Debug\Exceptions->errorHandler(2, 'Undefined array key "idNumber"', 'C:\\Backup\\trashtobigas\\app\\Controllers\\AdminController.php', 222)
 2 APPPATH\Controllers\AdminController.php(203): App\Controllers\AdminController->insertIDNumber('33')
 3 SYSTEMPATH\CodeIgniter.php(933): App\Controllers\AdminController->delete('33')
 4 SYSTEMPATH\CodeIgniter.php(509): CodeIgniter\CodeIgniter->runController(Object(App\Controllers\AdminController))
 5 SYSTEMPATH\CodeIgniter.php(355): CodeIgniter\CodeIgniter->handleRequest(null, Object(Config\Cache), false)
 6 SYSTEMPATH\Boot.php(325): CodeIgniter\CodeIgniter->run()
 7 SYSTEMPATH\Boot.php(67): CodeIgniter\Boot::runCodeIgniter(Object(CodeIgniter\CodeIgniter))
 8 FCPATH\index.php(56): CodeIgniter\Boot::bootWeb(Object(Config\Paths))
 9 SYSTEMPATH\rewrite.php(44): require_once('C:\\Backup\\trashtobigas\\public\\index.php')
CRITICAL - 2025-02-25 01:09:53 --> ErrorException: Undefined array key "idNumber"
[Method: GET, Route: deleteUser/33]
in APPPATH\Controllers\AdminController.php on line 223.
 1 APPPATH\Controllers\AdminController.php(223): CodeIgniter\Debug\Exceptions->errorHandler(2, 'Undefined array key "idNumber"', 'C:\\Backup\\trashtobigas\\app\\Controllers\\AdminController.php', 223)
 2 APPPATH\Controllers\AdminController.php(203): App\Controllers\AdminController->insertIDNumber('33')
 3 SYSTEMPATH\CodeIgniter.php(933): App\Controllers\AdminController->delete('33')
 4 SYSTEMPATH\CodeIgniter.php(509): CodeIgniter\CodeIgniter->runController(Object(App\Controllers\AdminController))
 5 SYSTEMPATH\CodeIgniter.php(355): CodeIgniter\CodeIgniter->handleRequest(null, Object(Config\Cache), false)
 6 SYSTEMPATH\Boot.php(325): CodeIgniter\CodeIgniter->run()
 7 SYSTEMPATH\Boot.php(67): CodeIgniter\Boot::runCodeIgniter(Object(CodeIgniter\CodeIgniter))
 8 FCPATH\index.php(56): CodeIgniter\Boot::bootWeb(Object(Config\Paths))
 9 SYSTEMPATH\rewrite.php(44): require_once('C:\\Backup\\trashtobigas\\public\\index.php')
CRITICAL - 2025-02-25 01:11:32 --> ErrorException: Undefined array key "idNumber"
[Method: GET, Route: deleteUser/34]
in APPPATH\Controllers\AdminController.php on line 223.
 1 APPPATH\Controllers\AdminController.php(223): CodeIgniter\Debug\Exceptions->errorHandler(2, 'Undefined array key "idNumber"', 'C:\\Backup\\trashtobigas\\app\\Controllers\\AdminController.php', 223)
 2 APPPATH\Controllers\AdminController.php(203): App\Controllers\AdminController->insertIDNumber('34')
 3 SYSTEMPATH\CodeIgniter.php(933): App\Controllers\AdminController->delete('34')
 4 SYSTEMPATH\CodeIgniter.php(509): CodeIgniter\CodeIgniter->runController(Object(App\Controllers\AdminController))
 5 SYSTEMPATH\CodeIgniter.php(355): CodeIgniter\CodeIgniter->handleRequest(null, Object(Config\Cache), false)
 6 SYSTEMPATH\Boot.php(325): CodeIgniter\CodeIgniter->run()
 7 SYSTEMPATH\Boot.php(67): CodeIgniter\Boot::runCodeIgniter(Object(CodeIgniter\CodeIgniter))
 8 FCPATH\index.php(56): CodeIgniter\Boot::bootWeb(Object(Config\Paths))
 9 SYSTEMPATH\rewrite.php(44): require_once('C:\\Backup\\trashtobigas\\public\\index.php')
CRITICAL - 2025-02-25 01:12:04 --> ErrorException: Undefined array key "id"
[Method: GET, Route: deleteUser/34]
in APPPATH\Controllers\AdminController.php on line 223.
 1 APPPATH\Controllers\AdminController.php(223): CodeIgniter\Debug\Exceptions->errorHandler(2, 'Undefined array key "id"', 'C:\\Backup\\trashtobigas\\app\\Controllers\\AdminController.php', 223)
 2 APPPATH\Controllers\AdminController.php(203): App\Controllers\AdminController->insertIDNumber('34')
 3 SYSTEMPATH\CodeIgniter.php(933): App\Controllers\AdminController->delete('34')
 4 SYSTEMPATH\CodeIgniter.php(509): CodeIgniter\CodeIgniter->runController(Object(App\Controllers\AdminController))
 5 SYSTEMPATH\CodeIgniter.php(355): CodeIgniter\CodeIgniter->handleRequest(null, Object(Config\Cache), false)
 6 SYSTEMPATH\Boot.php(325): CodeIgniter\CodeIgniter->run()
 7 SYSTEMPATH\Boot.php(67): CodeIgniter\Boot::runCodeIgniter(Object(CodeIgniter\CodeIgniter))
 8 FCPATH\index.php(56): CodeIgniter\Boot::bootWeb(Object(Config\Paths))
 9 SYSTEMPATH\rewrite.php(44): require_once('C:\\Backup\\trashtobigas\\public\\index.php')
CRITICAL - 2025-02-25 01:12:16 --> ErrorException: Trying to access array offset on value of type null
[Method: GET, Route: deleteUser/34]
in APPPATH\Controllers\AdminController.php on line 223.
 1 APPPATH\Controllers\AdminController.php(223): CodeIgniter\Debug\Exceptions->errorHandler(2, 'Trying to access array offset on value of type null', 'C:\\Backup\\trashtobigas\\app\\Controllers\\AdminController.php', 223)
 2 APPPATH\Controllers\AdminController.php(203): App\Controllers\AdminController->insertIDNumber('34')
 3 SYSTEMPATH\CodeIgniter.php(933): App\Controllers\AdminController->delete('34')
 4 SYSTEMPATH\CodeIgniter.php(509): CodeIgniter\CodeIgniter->runController(Object(App\Controllers\AdminController))
 5 SYSTEMPATH\CodeIgniter.php(355): CodeIgniter\CodeIgniter->handleRequest(null, Object(Config\Cache), false)
 6 SYSTEMPATH\Boot.php(325): CodeIgniter\CodeIgniter->run()
 7 SYSTEMPATH\Boot.php(67): CodeIgniter\Boot::runCodeIgniter(Object(CodeIgniter\CodeIgniter))
 8 FCPATH\index.php(56): CodeIgniter\Boot::bootWeb(Object(Config\Paths))
 9 SYSTEMPATH\rewrite.php(44): require_once('C:\\Backup\\trashtobigas\\public\\index.php')
CRITICAL - 2025-02-25 01:12:51 --> CodeIgniter\Database\Exceptions\DataException: There is no data to insert.
[Method: GET, Route: deleteUser/34]
in SYSTEMPATH\BaseModel.php on line 826.
 1 SYSTEMPATH\BaseModel.php(826): CodeIgniter\Database\Exceptions\DataException::forEmptyDataset('insert')
 2 SYSTEMPATH\Model.php(802): CodeIgniter\BaseModel->insert([], false)
 3 SYSTEMPATH\BaseModel.php(751): CodeIgniter\Model->insert([...], false)
 4 APPPATH\Controllers\AdminController.php(227): CodeIgniter\BaseModel->save([...])
 5 APPPATH\Controllers\AdminController.php(203): App\Controllers\AdminController->insertIDNumber('34')
 6 SYSTEMPATH\CodeIgniter.php(933): App\Controllers\AdminController->delete('34')
 7 SYSTEMPATH\CodeIgniter.php(509): CodeIgniter\CodeIgniter->runController(Object(App\Controllers\AdminController))
 8 SYSTEMPATH\CodeIgniter.php(355): CodeIgniter\CodeIgniter->handleRequest(null, Object(Config\Cache), false)
 9 SYSTEMPATH\Boot.php(325): CodeIgniter\CodeIgniter->run()
10 SYSTEMPATH\Boot.php(67): CodeIgniter\Boot::runCodeIgniter(Object(CodeIgniter\CodeIgniter))
11 FCPATH\index.php(56): CodeIgniter\Boot::bootWeb(Object(Config\Paths))
12 SYSTEMPATH\rewrite.php(44): require_once('C:\\Backup\\trashtobigas\\public\\index.php')
CRITICAL - 2025-02-25 01:13:21 --> ErrorException: Undefined variable $client
[Method: GET, Route: deleteUser/34]
in APPPATH\Controllers\AdminController.php on line 207.
 1 APPPATH\Controllers\AdminController.php(207): CodeIgniter\Debug\Exceptions->errorHandler(2, 'Undefined variable $client', 'C:\\Backup\\trashtobigas\\app\\Controllers\\AdminController.php', 207)
 2 SYSTEMPATH\CodeIgniter.php(933): App\Controllers\AdminController->delete('34')
 3 SYSTEMPATH\CodeIgniter.php(509): CodeIgniter\CodeIgniter->runController(Object(App\Controllers\AdminController))
 4 SYSTEMPATH\CodeIgniter.php(355): CodeIgniter\CodeIgniter->handleRequest(null, Object(Config\Cache), false)
 5 SYSTEMPATH\Boot.php(325): CodeIgniter\CodeIgniter->run()
 6 SYSTEMPATH\Boot.php(67): CodeIgniter\Boot::runCodeIgniter(Object(CodeIgniter\CodeIgniter))
 7 FCPATH\index.php(56): CodeIgniter\Boot::bootWeb(Object(Config\Paths))
 8 SYSTEMPATH\rewrite.php(44): require_once('C:\\Backup\\trashtobigas\\public\\index.php')
CRITICAL - 2025-02-25 01:19:45 --> ErrorException: Array to string conversion
[Method: GET, Route: deleteUser/35]
in APPPATH\Controllers\AdminController.php on line 204.
 1 APPPATH\Controllers\AdminController.php(204): CodeIgniter\Debug\Exceptions->errorHandler(2, 'Array to string conversion', 'C:\\Backup\\trashtobigas\\app\\Controllers\\AdminController.php', 204)
 2 SYSTEMPATH\CodeIgniter.php(933): App\Controllers\AdminController->insertIDNumber('35')
 3 SYSTEMPATH\CodeIgniter.php(509): CodeIgniter\CodeIgniter->runController(Object(App\Controllers\AdminController))
 4 SYSTEMPATH\CodeIgniter.php(355): CodeIgniter\CodeIgniter->handleRequest(null, Object(Config\Cache), false)
 5 SYSTEMPATH\Boot.php(325): CodeIgniter\CodeIgniter->run()
 6 SYSTEMPATH\Boot.php(67): CodeIgniter\Boot::runCodeIgniter(Object(CodeIgniter\CodeIgniter))
 7 FCPATH\index.php(56): CodeIgniter\Boot::bootWeb(Object(Config\Paths))
 8 SYSTEMPATH\rewrite.php(44): require_once('C:\\Backup\\trashtobigas\\public\\index.php')
CRITICAL - 2025-02-25 01:21:30 --> ErrorException: Trying to access array offset on value of type null
[Method: GET, Route: deleteUser/35]
in APPPATH\Controllers\AdminController.php on line 206.
 1 APPPATH\Controllers\AdminController.php(206): CodeIgniter\Debug\Exceptions->errorHandler(2, 'Trying to access array offset on value of type null', 'C:\\Backup\\trashtobigas\\app\\Controllers\\AdminController.php', 206)
 2 SYSTEMPATH\CodeIgniter.php(933): App\Controllers\AdminController->insertIDNumber('35')
 3 SYSTEMPATH\CodeIgniter.php(509): CodeIgniter\CodeIgniter->runController(Object(App\Controllers\AdminController))
 4 SYSTEMPATH\CodeIgniter.php(355): CodeIgniter\CodeIgniter->handleRequest(null, Object(Config\Cache), false)
 5 SYSTEMPATH\Boot.php(325): CodeIgniter\CodeIgniter->run()
 6 SYSTEMPATH\Boot.php(67): CodeIgniter\Boot::runCodeIgniter(Object(CodeIgniter\CodeIgniter))
 7 FCPATH\index.php(56): CodeIgniter\Boot::bootWeb(Object(Config\Paths))
 8 SYSTEMPATH\rewrite.php(44): require_once('C:\\Backup\\trashtobigas\\public\\index.php')
CRITICAL - 2025-02-25 02:39:14 --> CodeIgniter\HTTP\Exceptions\BadRequestException: The URI you submitted has disallowed characters: "<"
[Method: GET, Route: %3C]
in SYSTEMPATH\Router\Router.php on line 737.
 1 SYSTEMPATH\Router\Router.php(204): CodeIgniter\Router\Router->checkDisallowedChars('<')
 2 SYSTEMPATH\CodeIgniter.php(834): CodeIgniter\Router\Router->handle('<')
 3 SYSTEMPATH\CodeIgniter.php(457): CodeIgniter\CodeIgniter->tryToRouteIt(Object(CodeIgniter\Router\RouteCollection))
 4 SYSTEMPATH\CodeIgniter.php(355): CodeIgniter\CodeIgniter->handleRequest(null, Object(Config\Cache), false)
 5 SYSTEMPATH\Boot.php(325): CodeIgniter\CodeIgniter->run()
 6 SYSTEMPATH\Boot.php(67): CodeIgniter\Boot::runCodeIgniter(Object(CodeIgniter\CodeIgniter))
 7 FCPATH\index.php(56): CodeIgniter\Boot::bootWeb(Object(Config\Paths))
CRITICAL - 2025-02-25 02:41:13 --> CodeIgniter\HTTP\Exceptions\BadRequestException: The URI you submitted has disallowed characters: "<"
[Method: GET, Route: %3C]
in SYSTEMPATH\Router\Router.php on line 737.
 1 SYSTEMPATH\Router\Router.php(204): CodeIgniter\Router\Router->checkDisallowedChars('<')
 2 SYSTEMPATH\CodeIgniter.php(834): CodeIgniter\Router\Router->handle('<')
 3 SYSTEMPATH\CodeIgniter.php(457): CodeIgniter\CodeIgniter->tryToRouteIt(Object(CodeIgniter\Router\RouteCollection))
 4 SYSTEMPATH\CodeIgniter.php(355): CodeIgniter\CodeIgniter->handleRequest(null, Object(Config\Cache), false)
 5 SYSTEMPATH\Boot.php(325): CodeIgniter\CodeIgniter->run()
 6 SYSTEMPATH\Boot.php(67): CodeIgniter\Boot::runCodeIgniter(Object(CodeIgniter\CodeIgniter))
 7 FCPATH\index.php(56): CodeIgniter\Boot::bootWeb(Object(Config\Paths))

