CRITICAL - 2025-03-31 02:00:58 --> Error: Class "Locale" not found
[Method: GET, Route: /]
in SYSTEMPATH\CodeIgniter.php on line 190.
 1 SYSTEMPATH\Boot.php(312): CodeIgniter\CodeIgniter->initialize()
 2 SYSTEMPATH\Boot.php(101): CodeIgniter\Boot::initializeCodeIgniter()
 3 ROOTPATH\spark(84): CodeIgniter\Boot::bootSpark()
CRITICAL - 2025-03-31 02:00:59 --> ErrorException: Uncaught Error: Class "Locale" not found in C:\Backup\trashtobigas\system\I18n\TimeTrait.php:76
Stack trace:
#0 C:\Backup\trashtobigas\system\I18n\TimeTrait.php(117): CodeIgniter\I18n\Time->__construct()
#1 C:\Backup\trashtobigas\system\HTTP\ResponseTrait.php(395): CodeIgniter\I18n\Time::now()
#2 C:\Backup\trashtobigas\system\HTTP\ResponseTrait.php(373): CodeIgniter\HTTP\Response->sendHeaders()
#3 C:\Backup\trashtobigas\system\Debug\ExceptionHandler.php(83): CodeIgniter\HTTP\Response->send()
#4 C:\Backup\trashtobigas\system\Debug\Exceptions.php(163): CodeIgniter\Debug\ExceptionHandler->handle()
#5 [internal function]: CodeIgniter\Debug\Exceptions->exceptionHandler()
#6 {main}
  thrown
【Previous Exception】
Error
Class "Locale" not found
#0 C:\Backup\trashtobigas\system\Boot.php(312): CodeIgniter\CodeIgniter->initialize()
#1 C:\Backup\trashtobigas\system\Boot.php(101): CodeIgniter\Boot::initializeCodeIgniter()
#2 C:\Backup\trashtobigas\spark(84): CodeIgniter\Boot::bootSpark()
#3 {main}
[Method: GET, Route: /]
in SYSTEMPATH\I18n\TimeTrait.php on line 76.
 1 [internal function]: CodeIgniter\Debug\Exceptions->shutdownHandler()
ERROR - 2025-03-31 10:12:21 --> Error connecting to the database: mysqli_sql_exception: Access denied for user 'root'@'localhost' (using password: YES) in C:\Backup\trashtobigas\system\Database\MySQLi\Connection.php:187
Stack trace:
#0 C:\Backup\trashtobigas\system\Database\MySQLi\Connection.php(187): mysqli->real_connect('localhost', 'root', 'dankeneth221133...', 'trashtobigasdb', 3306, '', 0)
#1 C:\Backup\trashtobigas\system\Database\BaseConnection.php(421): CodeIgniter\Database\MySQLi\Connection->connect(false)
#2 C:\Backup\trashtobigas\system\Database\BaseConnection.php(616): CodeIgniter\Database\BaseConnection->initialize()
#3 C:\Backup\trashtobigas\system\Database\BaseBuilder.php(1644): CodeIgniter\Database\BaseConnection->query('SELECT *\nFROM `...', Array, false)
#4 C:\Backup\trashtobigas\system\Model.php(330): CodeIgniter\Database\BaseBuilder->get()
#5 C:\Backup\trashtobigas\system\BaseModel.php(714): CodeIgniter\Model->doFirst()
#6 C:\Backup\trashtobigas\app\Controllers\AuthController.php(123): CodeIgniter\BaseModel->first()
#7 C:\Backup\trashtobigas\system\CodeIgniter.php(933): App\Controllers\AuthController->attemptLogin()
#8 C:\Backup\trashtobigas\system\CodeIgniter.php(509): CodeIgniter\CodeIgniter->runController(Object(App\Controllers\AuthController))
#9 C:\Backup\trashtobigas\system\CodeIgniter.php(355): CodeIgniter\CodeIgniter->handleRequest(NULL, Object(Config\Cache), false)
#10 C:\Backup\trashtobigas\system\Boot.php(325): CodeIgniter\CodeIgniter->run()
#11 C:\Backup\trashtobigas\system\Boot.php(67): CodeIgniter\Boot::runCodeIgniter(Object(CodeIgniter\CodeIgniter))
#12 C:\Backup\trashtobigas\public\index.php(56): CodeIgniter\Boot::bootWeb(Object(Config\Paths))
#13 C:\Backup\trashtobigas\system\rewrite.php(44): require_once('C:\\Backup\\trash...')
#14 {main}

Next CodeIgniter\Database\Exceptions\DatabaseException: Access denied for user '****'@'localhost' (using password: YES) in C:\Backup\trashtobigas\system\Database\MySQLi\Connection.php:231
Stack trace:
#0 C:\Backup\trashtobigas\system\Database\BaseConnection.php(421): CodeIgniter\Database\MySQLi\Connection->connect(false)
#1 C:\Backup\trashtobigas\system\Database\BaseConnection.php(616): CodeIgniter\Database\BaseConnection->initialize()
#2 C:\Backup\trashtobigas\system\Database\BaseBuilder.php(1644): CodeIgniter\Database\BaseConnection->query('SELECT *\nFROM `...', Array, false)
#3 C:\Backup\trashtobigas\system\Model.php(330): CodeIgniter\Database\BaseBuilder->get()
#4 C:\Backup\trashtobigas\system\BaseModel.php(714): CodeIgniter\Model->doFirst()
#5 C:\Backup\trashtobigas\app\Controllers\AuthController.php(123): CodeIgniter\BaseModel->first()
#6 C:\Backup\trashtobigas\system\CodeIgniter.php(933): App\Controllers\AuthController->attemptLogin()
#7 C:\Backup\trashtobigas\system\CodeIgniter.php(509): CodeIgniter\CodeIgniter->runController(Object(App\Controllers\AuthController))
#8 C:\Backup\trashtobigas\system\CodeIgniter.php(355): CodeIgniter\CodeIgniter->handleRequest(NULL, Object(Config\Cache), false)
#9 C:\Backup\trashtobigas\system\Boot.php(325): CodeIgniter\CodeIgniter->run()
#10 C:\Backup\trashtobigas\system\Boot.php(67): CodeIgniter\Boot::runCodeIgniter(Object(CodeIgniter\CodeIgniter))
#11 C:\Backup\trashtobigas\public\index.php(56): CodeIgniter\Boot::bootWeb(Object(Config\Paths))
#12 C:\Backup\trashtobigas\system\rewrite.php(44): require_once('C:\\Backup\\trash...')
#13 {main}
CRITICAL - 2025-03-31 10:12:21 --> CodeIgniter\Database\Exceptions\DatabaseException: Unable to connect to the database.
Main connection [MySQLi]: Access denied for user '****'@'localhost' (using password: YES)
[Method: POST, Route: loginAuth]
in SYSTEMPATH\Database\BaseConnection.php on line 467.
 1 SYSTEMPATH\Database\BaseConnection.php(616): CodeIgniter\Database\BaseConnection->initialize()
 2 SYSTEMPATH\Database\BaseBuilder.php(1644): CodeIgniter\Database\BaseConnection->query('SELECT *
FROM `user_tbl`
WHERE `userName` = :userName:
 LIMIT 1', [...], false)
 3 SYSTEMPATH\Model.php(330): CodeIgniter\Database\BaseBuilder->get()
 4 SYSTEMPATH\BaseModel.php(714): CodeIgniter\Model->doFirst()
 5 APPPATH\Controllers\AuthController.php(123): CodeIgniter\BaseModel->first()
 6 SYSTEMPATH\CodeIgniter.php(933): App\Controllers\AuthController->attemptLogin()
 7 SYSTEMPATH\CodeIgniter.php(509): CodeIgniter\CodeIgniter->runController(Object(App\Controllers\AuthController))
 8 SYSTEMPATH\CodeIgniter.php(355): CodeIgniter\CodeIgniter->handleRequest(null, Object(Config\Cache), false)
 9 SYSTEMPATH\Boot.php(325): CodeIgniter\CodeIgniter->run()
10 SYSTEMPATH\Boot.php(67): CodeIgniter\Boot::runCodeIgniter(Object(CodeIgniter\CodeIgniter))
11 FCPATH\index.php(56): CodeIgniter\Boot::bootWeb(Object(Config\Paths))
12 SYSTEMPATH\rewrite.php(44): require_once('C:\\Backup\\trashtobigas\\public\\index.php')
