CRITICAL - 2025-02-28 03:19:12 --> CodeIgniter\HTTP\Exceptions\BadRequestException: The URI you submitted has disallowed characters: "<"
[Method: GET, Route: %3C]
in SYSTEMPATH\Router\Router.php on line 737.
 1 SYSTEMPATH\Router\Router.php(204): CodeIgniter\Router\Router->checkDisallowedChars('<')
 2 SYSTEMPATH\CodeIgniter.php(834): CodeIgniter\Router\Router->handle('<')
 3 SYSTEMPATH\CodeIgniter.php(457): CodeIgniter\CodeIgniter->tryToRouteIt(Object(CodeIgniter\Router\RouteCollection))
 4 SYSTEMPATH\CodeIgniter.php(355): CodeIgniter\CodeIgniter->handleRequest(null, Object(Config\Cache), false)
 5 SYSTEMPATH\Boot.php(325): CodeIgniter\CodeIgniter->run()
 6 SYSTEMPATH\Boot.php(67): CodeIgniter\Boot::runCodeIgniter(Object(CodeIgniter\CodeIgniter))
 7 FCPATH\index.php(56): CodeIgniter\Boot::bootWeb(Object(Config\Paths))
ERROR - 2025-02-28 03:23:22 --> mysqli_sql_exception: Table 'trashtobigasdb.trash_items' doesn't exist in C:\Backup\trashtobigas\system\Database\MySQLi\Connection.php:312
Stack trace:
#0 C:\Backup\trashtobigas\system\Database\MySQLi\Connection.php(312): mysqli->query('SELECT *\nFROM `...', 0)
#1 C:\Backup\trashtobigas\system\Database\BaseConnection.php(734): CodeIgniter\Database\MySQLi\Connection->execute('SELECT *\nFROM `...')
#2 C:\Backup\trashtobigas\system\Database\BaseConnection.php(648): CodeIgniter\Database\BaseConnection->simpleQuery('SELECT *\nFROM `...')
#3 C:\Backup\trashtobigas\system\Database\BaseBuilder.php(1644): CodeIgniter\Database\BaseConnection->query('SELECT *\nFROM `...', Array, false)
#4 C:\Backup\trashtobigas\system\Model.php(286): CodeIgniter\Database\BaseBuilder->get()
#5 C:\Backup\trashtobigas\system\BaseModel.php(676): CodeIgniter\Model->doFindAll(0, 0)
#6 C:\Backup\trashtobigas\app\Controllers\AdminController.php(178): CodeIgniter\BaseModel->findAll()
#7 C:\Backup\trashtobigas\system\CodeIgniter.php(933): App\Controllers\AdminController->inventory()
#8 C:\Backup\trashtobigas\system\CodeIgniter.php(509): CodeIgniter\CodeIgniter->runController(Object(App\Controllers\AdminController))
#9 C:\Backup\trashtobigas\system\CodeIgniter.php(355): CodeIgniter\CodeIgniter->handleRequest(NULL, Object(Config\Cache), false)
#10 C:\Backup\trashtobigas\system\Boot.php(325): CodeIgniter\CodeIgniter->run()
#11 C:\Backup\trashtobigas\system\Boot.php(67): CodeIgniter\Boot::runCodeIgniter(Object(CodeIgniter\CodeIgniter))
#12 C:\Backup\trashtobigas\public\index.php(56): CodeIgniter\Boot::bootWeb(Object(Config\Paths))
#13 C:\Backup\trashtobigas\system\rewrite.php(44): require_once('C:\\Backup\\trash...')
#14 {main}
CRITICAL - 2025-02-28 03:23:23 --> CodeIgniter\Database\Exceptions\DatabaseException: Table 'trashtobigasdb.trash_items' doesn't exist
[Method: GET, Route: inventory]
in SYSTEMPATH\Database\BaseConnection.php on line 688.
 1 SYSTEMPATH\Database\BaseBuilder.php(1644): CodeIgniter\Database\BaseConnection->query('SELECT *
FROM `trash_items`', [], false)
 2 SYSTEMPATH\Model.php(286): CodeIgniter\Database\BaseBuilder->get()
 3 SYSTEMPATH\BaseModel.php(676): CodeIgniter\Model->doFindAll(0, 0)
 4 APPPATH\Controllers\AdminController.php(178): CodeIgniter\BaseModel->findAll()
 5 SYSTEMPATH\CodeIgniter.php(933): App\Controllers\AdminController->inventory()
 6 SYSTEMPATH\CodeIgniter.php(509): CodeIgniter\CodeIgniter->runController(Object(App\Controllers\AdminController))
 7 SYSTEMPATH\CodeIgniter.php(355): CodeIgniter\CodeIgniter->handleRequest(null, Object(Config\Cache), false)
 8 SYSTEMPATH\Boot.php(325): CodeIgniter\CodeIgniter->run()
 9 SYSTEMPATH\Boot.php(67): CodeIgniter\Boot::runCodeIgniter(Object(CodeIgniter\CodeIgniter))
10 FCPATH\index.php(56): CodeIgniter\Boot::bootWeb(Object(Config\Paths))
11 SYSTEMPATH\rewrite.php(44): require_once('C:\\Backup\\trashtobigas\\public\\index.php')
CRITICAL - 2025-02-28 03:23:23 --> [Caused by] CodeIgniter\Database\Exceptions\DatabaseException: Table 'trashtobigasdb.trash_items' doesn't exist
in SYSTEMPATH\Database\MySQLi\Connection.php on line 317.
 1 SYSTEMPATH\Database\BaseConnection.php(734): CodeIgniter\Database\MySQLi\Connection->execute('SELECT *
FROM `trash_items`')
 2 SYSTEMPATH\Database\BaseConnection.php(648): CodeIgniter\Database\BaseConnection->simpleQuery('SELECT *
FROM `trash_items`')
 3 SYSTEMPATH\Database\BaseBuilder.php(1644): CodeIgniter\Database\BaseConnection->query('SELECT *
FROM `trash_items`', [], false)
 4 SYSTEMPATH\Model.php(286): CodeIgniter\Database\BaseBuilder->get()
 5 SYSTEMPATH\BaseModel.php(676): CodeIgniter\Model->doFindAll(0, 0)
 6 APPPATH\Controllers\AdminController.php(178): CodeIgniter\BaseModel->findAll()
 7 SYSTEMPATH\CodeIgniter.php(933): App\Controllers\AdminController->inventory()
 8 SYSTEMPATH\CodeIgniter.php(509): CodeIgniter\CodeIgniter->runController(Object(App\Controllers\AdminController))
 9 SYSTEMPATH\CodeIgniter.php(355): CodeIgniter\CodeIgniter->handleRequest(null, Object(Config\Cache), false)
10 SYSTEMPATH\Boot.php(325): CodeIgniter\CodeIgniter->run()
11 SYSTEMPATH\Boot.php(67): CodeIgniter\Boot::runCodeIgniter(Object(CodeIgniter\CodeIgniter))
12 FCPATH\index.php(56): CodeIgniter\Boot::bootWeb(Object(Config\Paths))
13 SYSTEMPATH\rewrite.php(44): require_once('C:\\Backup\\trashtobigas\\public\\index.php')
CRITICAL - 2025-02-28 03:23:23 --> [Caused by] mysqli_sql_exception: Table 'trashtobigasdb.trash_items' doesn't exist
in SYSTEMPATH\Database\MySQLi\Connection.php on line 312.
 1 SYSTEMPATH\Database\MySQLi\Connection.php(312): mysqli->query('SELECT *
FROM `trash_items`', 0)
 2 SYSTEMPATH\Database\BaseConnection.php(734): CodeIgniter\Database\MySQLi\Connection->execute('SELECT *
FROM `trash_items`')
 3 SYSTEMPATH\Database\BaseConnection.php(648): CodeIgniter\Database\BaseConnection->simpleQuery('SELECT *
FROM `trash_items`')
 4 SYSTEMPATH\Database\BaseBuilder.php(1644): CodeIgniter\Database\BaseConnection->query('SELECT *
FROM `trash_items`', [], false)
 5 SYSTEMPATH\Model.php(286): CodeIgniter\Database\BaseBuilder->get()
 6 SYSTEMPATH\BaseModel.php(676): CodeIgniter\Model->doFindAll(0, 0)
 7 APPPATH\Controllers\AdminController.php(178): CodeIgniter\BaseModel->findAll()
 8 SYSTEMPATH\CodeIgniter.php(933): App\Controllers\AdminController->inventory()
 9 SYSTEMPATH\CodeIgniter.php(509): CodeIgniter\CodeIgniter->runController(Object(App\Controllers\AdminController))
10 SYSTEMPATH\CodeIgniter.php(355): CodeIgniter\CodeIgniter->handleRequest(null, Object(Config\Cache), false)
11 SYSTEMPATH\Boot.php(325): CodeIgniter\CodeIgniter->run()
12 SYSTEMPATH\Boot.php(67): CodeIgniter\Boot::runCodeIgniter(Object(CodeIgniter\CodeIgniter))
13 FCPATH\index.php(56): CodeIgniter\Boot::bootWeb(Object(Config\Paths))
14 SYSTEMPATH\rewrite.php(44): require_once('C:\\Backup\\trashtobigas\\public\\index.php')
CRITICAL - 2025-02-28 03:27:48 --> CodeIgniter\HTTP\Exceptions\BadRequestException: The URI you submitted has disallowed characters: "<"
[Method: GET, Route: %3C]
in SYSTEMPATH\Router\Router.php on line 737.
 1 SYSTEMPATH\Router\Router.php(204): CodeIgniter\Router\Router->checkDisallowedChars('<')
 2 SYSTEMPATH\CodeIgniter.php(834): CodeIgniter\Router\Router->handle('<')
 3 SYSTEMPATH\CodeIgniter.php(457): CodeIgniter\CodeIgniter->tryToRouteIt(Object(CodeIgniter\Router\RouteCollection))
 4 SYSTEMPATH\CodeIgniter.php(355): CodeIgniter\CodeIgniter->handleRequest(null, Object(Config\Cache), false)
 5 SYSTEMPATH\Boot.php(325): CodeIgniter\CodeIgniter->run()
 6 SYSTEMPATH\Boot.php(67): CodeIgniter\Boot::runCodeIgniter(Object(CodeIgniter\CodeIgniter))
 7 FCPATH\index.php(56): CodeIgniter\Boot::bootWeb(Object(Config\Paths))
CRITICAL - 2025-02-28 06:33:34 --> CodeIgniter\HTTP\Exceptions\BadRequestException: The URI you submitted has disallowed characters: "<"
[Method: GET, Route: %3C]
in SYSTEMPATH\Router\Router.php on line 737.
 1 SYSTEMPATH\Router\Router.php(204): CodeIgniter\Router\Router->checkDisallowedChars('<')
 2 SYSTEMPATH\CodeIgniter.php(834): CodeIgniter\Router\Router->handle('<')
 3 SYSTEMPATH\CodeIgniter.php(457): CodeIgniter\CodeIgniter->tryToRouteIt(Object(CodeIgniter\Router\RouteCollection))
 4 SYSTEMPATH\CodeIgniter.php(355): CodeIgniter\CodeIgniter->handleRequest(null, Object(Config\Cache), false)
 5 SYSTEMPATH\Boot.php(325): CodeIgniter\CodeIgniter->run()
 6 SYSTEMPATH\Boot.php(67): CodeIgniter\Boot::runCodeIgniter(Object(CodeIgniter\CodeIgniter))
 7 FCPATH\index.php(56): CodeIgniter\Boot::bootWeb(Object(Config\Paths))
CRITICAL - 2025-02-28 06:34:04 --> ErrorException: include(/include/offsetSidebar.php): Failed to open stream: No such file or directory
[Method: GET, Route: home]
in APPPATH\Views\admin\home.php on line 293.
 1 APPPATH\Views\admin\home.php(293): CodeIgniter\Debug\Exceptions->errorHandler(2, 'include(/include/offsetSidebar.php): Failed to open stream: No such file or directory', 'C:\\Backup\\trashtobigas\\app\\Views\\admin\\home.php', 293)
 2 APPPATH\Views\admin\home.php(293): include()
 3 SYSTEMPATH\View\View.php(234): include('C:\\Backup\\trashtobigas\\app\\Views\\admin\\home.php')
 4 SYSTEMPATH\View\View.php(237): CodeIgniter\View\View->CodeIgniter\View\{closure}()
 5 SYSTEMPATH\Common.php(1171): CodeIgniter\View\View->render('admin/home', [], true)
 6 APPPATH\Controllers\AdminController.php(40): view('admin/home')
 7 SYSTEMPATH\CodeIgniter.php(933): App\Controllers\AdminController->home()
 8 SYSTEMPATH\CodeIgniter.php(509): CodeIgniter\CodeIgniter->runController(Object(App\Controllers\AdminController))
 9 SYSTEMPATH\CodeIgniter.php(355): CodeIgniter\CodeIgniter->handleRequest(null, Object(Config\Cache), false)
10 SYSTEMPATH\Boot.php(325): CodeIgniter\CodeIgniter->run()
11 SYSTEMPATH\Boot.php(67): CodeIgniter\Boot::runCodeIgniter(Object(CodeIgniter\CodeIgniter))
12 FCPATH\index.php(56): CodeIgniter\Boot::bootWeb(Object(Config\Paths))
13 SYSTEMPATH\rewrite.php(44): require_once('C:\\Backup\\trashtobigas\\public\\index.php')
CRITICAL - 2025-02-28 06:35:03 --> ErrorException: include(/include/offsetSidebar.php): Failed to open stream: No such file or directory
[Method: GET, Route: home]
in APPPATH\Views\admin\home.php on line 293.
 1 APPPATH\Views\admin\home.php(293): CodeIgniter\Debug\Exceptions->errorHandler(2, 'include(/include/offsetSidebar.php): Failed to open stream: No such file or directory', 'C:\\Backup\\trashtobigas\\app\\Views\\admin\\home.php', 293)
 2 APPPATH\Views\admin\home.php(293): include()
 3 SYSTEMPATH\View\View.php(234): include('C:\\Backup\\trashtobigas\\app\\Views\\admin\\home.php')
 4 SYSTEMPATH\View\View.php(237): CodeIgniter\View\View->CodeIgniter\View\{closure}()
 5 SYSTEMPATH\Common.php(1171): CodeIgniter\View\View->render('admin/home', [], true)
 6 APPPATH\Controllers\AdminController.php(40): view('admin/home')
 7 SYSTEMPATH\CodeIgniter.php(933): App\Controllers\AdminController->home()
 8 SYSTEMPATH\CodeIgniter.php(509): CodeIgniter\CodeIgniter->runController(Object(App\Controllers\AdminController))
 9 SYSTEMPATH\CodeIgniter.php(355): CodeIgniter\CodeIgniter->handleRequest(null, Object(Config\Cache), false)
10 SYSTEMPATH\Boot.php(325): CodeIgniter\CodeIgniter->run()
11 SYSTEMPATH\Boot.php(67): CodeIgniter\Boot::runCodeIgniter(Object(CodeIgniter\CodeIgniter))
12 FCPATH\index.php(56): CodeIgniter\Boot::bootWeb(Object(Config\Paths))
13 SYSTEMPATH\rewrite.php(44): require_once('C:\\Backup\\trashtobigas\\public\\index.php')
CRITICAL - 2025-02-28 06:35:15 --> CodeIgniter\HTTP\Exceptions\BadRequestException: The URI you submitted has disallowed characters: "<"
[Method: GET, Route: %3C]
in SYSTEMPATH\Router\Router.php on line 737.
 1 SYSTEMPATH\Router\Router.php(204): CodeIgniter\Router\Router->checkDisallowedChars('<')
 2 SYSTEMPATH\CodeIgniter.php(834): CodeIgniter\Router\Router->handle('<')
 3 SYSTEMPATH\CodeIgniter.php(457): CodeIgniter\CodeIgniter->tryToRouteIt(Object(CodeIgniter\Router\RouteCollection))
 4 SYSTEMPATH\CodeIgniter.php(355): CodeIgniter\CodeIgniter->handleRequest(null, Object(Config\Cache), false)
 5 SYSTEMPATH\Boot.php(325): CodeIgniter\CodeIgniter->run()
 6 SYSTEMPATH\Boot.php(67): CodeIgniter\Boot::runCodeIgniter(Object(CodeIgniter\CodeIgniter))
 7 FCPATH\index.php(56): CodeIgniter\Boot::bootWeb(Object(Config\Paths))
CRITICAL - 2025-02-28 06:35:31 --> CodeIgniter\HTTP\Exceptions\BadRequestException: The URI you submitted has disallowed characters: "<"
[Method: GET, Route: %3C]
in SYSTEMPATH\Router\Router.php on line 737.
 1 SYSTEMPATH\Router\Router.php(204): CodeIgniter\Router\Router->checkDisallowedChars('<')
 2 SYSTEMPATH\CodeIgniter.php(834): CodeIgniter\Router\Router->handle('<')
 3 SYSTEMPATH\CodeIgniter.php(457): CodeIgniter\CodeIgniter->tryToRouteIt(Object(CodeIgniter\Router\RouteCollection))
 4 SYSTEMPATH\CodeIgniter.php(355): CodeIgniter\CodeIgniter->handleRequest(null, Object(Config\Cache), false)
 5 SYSTEMPATH\Boot.php(325): CodeIgniter\CodeIgniter->run()
 6 SYSTEMPATH\Boot.php(67): CodeIgniter\Boot::runCodeIgniter(Object(CodeIgniter\CodeIgniter))
 7 FCPATH\index.php(56): CodeIgniter\Boot::bootWeb(Object(Config\Paths))
CRITICAL - 2025-02-28 06:36:46 --> CodeIgniter\HTTP\Exceptions\BadRequestException: The URI you submitted has disallowed characters: "<"
[Method: GET, Route: %3C]
in SYSTEMPATH\Router\Router.php on line 737.
 1 SYSTEMPATH\Router\Router.php(204): CodeIgniter\Router\Router->checkDisallowedChars('<')
 2 SYSTEMPATH\CodeIgniter.php(834): CodeIgniter\Router\Router->handle('<')
 3 SYSTEMPATH\CodeIgniter.php(457): CodeIgniter\CodeIgniter->tryToRouteIt(Object(CodeIgniter\Router\RouteCollection))
 4 SYSTEMPATH\CodeIgniter.php(355): CodeIgniter\CodeIgniter->handleRequest(null, Object(Config\Cache), false)
 5 SYSTEMPATH\Boot.php(325): CodeIgniter\CodeIgniter->run()
 6 SYSTEMPATH\Boot.php(67): CodeIgniter\Boot::runCodeIgniter(Object(CodeIgniter\CodeIgniter))
 7 FCPATH\index.php(56): CodeIgniter\Boot::bootWeb(Object(Config\Paths))
CRITICAL - 2025-02-28 06:37:57 --> ErrorException: include(include/offsetSidebar.php): Failed to open stream: No such file or directory
[Method: GET, Route: viewapplicants]
in APPPATH\Views\admin\applicant\editApplicant.php on line 293.
 1 APPPATH\Views\admin\applicant\editApplicant.php(293): CodeIgniter\Debug\Exceptions->errorHandler(2, 'include(include/offsetSidebar.php): Failed to open stream: No such file or directory', 'C:\\Backup\\trashtobigas\\app\\Views\\admin\\applicant\\editApplicant.php', 293)
 2 APPPATH\Views\admin\applicant\editApplicant.php(293): include()
 3 SYSTEMPATH\View\View.php(234): include('C:\\Backup\\trashtobigas\\app\\Views\\admin\\applicant\\editApplicant.php')
 4 SYSTEMPATH\View\View.php(237): CodeIgniter\View\View->CodeIgniter\View\{closure}()
 5 SYSTEMPATH\Common.php(1171): CodeIgniter\View\View->render('admin/applicant/editApplicant', [], true)
 6 APPPATH\Controllers\AdminController.php(376): view('admin/applicant/editApplicant', [...])
 7 SYSTEMPATH\CodeIgniter.php(933): App\Controllers\AdminController->viewAllApplicant()
 8 SYSTEMPATH\CodeIgniter.php(509): CodeIgniter\CodeIgniter->runController(Object(App\Controllers\AdminController))
 9 SYSTEMPATH\CodeIgniter.php(355): CodeIgniter\CodeIgniter->handleRequest(null, Object(Config\Cache), false)
10 SYSTEMPATH\Boot.php(325): CodeIgniter\CodeIgniter->run()
11 SYSTEMPATH\Boot.php(67): CodeIgniter\Boot::runCodeIgniter(Object(CodeIgniter\CodeIgniter))
12 FCPATH\index.php(56): CodeIgniter\Boot::bootWeb(Object(Config\Paths))
13 SYSTEMPATH\rewrite.php(44): require_once('C:\\Backup\\trashtobigas\\public\\index.php')
CRITICAL - 2025-02-28 06:38:11 --> ErrorException: include(../include/offsetSidebar.php): Failed to open stream: No such file or directory
[Method: GET, Route: viewapplicants]
in APPPATH\Views\admin\applicant\editApplicant.php on line 293.
 1 APPPATH\Views\admin\applicant\editApplicant.php(293): CodeIgniter\Debug\Exceptions->errorHandler(2, 'include(../include/offsetSidebar.php): Failed to open stream: No such file or directory', 'C:\\Backup\\trashtobigas\\app\\Views\\admin\\applicant\\editApplicant.php', 293)
 2 APPPATH\Views\admin\applicant\editApplicant.php(293): include()
 3 SYSTEMPATH\View\View.php(234): include('C:\\Backup\\trashtobigas\\app\\Views\\admin\\applicant\\editApplicant.php')
 4 SYSTEMPATH\View\View.php(237): CodeIgniter\View\View->CodeIgniter\View\{closure}()
 5 SYSTEMPATH\Common.php(1171): CodeIgniter\View\View->render('admin/applicant/editApplicant', [], true)
 6 APPPATH\Controllers\AdminController.php(376): view('admin/applicant/editApplicant', [...])
 7 SYSTEMPATH\CodeIgniter.php(933): App\Controllers\AdminController->viewAllApplicant()
 8 SYSTEMPATH\CodeIgniter.php(509): CodeIgniter\CodeIgniter->runController(Object(App\Controllers\AdminController))
 9 SYSTEMPATH\CodeIgniter.php(355): CodeIgniter\CodeIgniter->handleRequest(null, Object(Config\Cache), false)
10 SYSTEMPATH\Boot.php(325): CodeIgniter\CodeIgniter->run()
11 SYSTEMPATH\Boot.php(67): CodeIgniter\Boot::runCodeIgniter(Object(CodeIgniter\CodeIgniter))
12 FCPATH\index.php(56): CodeIgniter\Boot::bootWeb(Object(Config\Paths))
13 SYSTEMPATH\rewrite.php(44): require_once('C:\\Backup\\trashtobigas\\public\\index.php')
CRITICAL - 2025-02-28 06:38:15 --> ErrorException: include(..//include/offsetSidebar.php): Failed to open stream: No such file or directory
[Method: GET, Route: viewapplicants]
in APPPATH\Views\admin\applicant\editApplicant.php on line 293.
 1 APPPATH\Views\admin\applicant\editApplicant.php(293): CodeIgniter\Debug\Exceptions->errorHandler(2, 'include(..//include/offsetSidebar.php): Failed to open stream: No such file or directory', 'C:\\Backup\\trashtobigas\\app\\Views\\admin\\applicant\\editApplicant.php', 293)
 2 APPPATH\Views\admin\applicant\editApplicant.php(293): include()
 3 SYSTEMPATH\View\View.php(234): include('C:\\Backup\\trashtobigas\\app\\Views\\admin\\applicant\\editApplicant.php')
 4 SYSTEMPATH\View\View.php(237): CodeIgniter\View\View->CodeIgniter\View\{closure}()
 5 SYSTEMPATH\Common.php(1171): CodeIgniter\View\View->render('admin/applicant/editApplicant', [], true)
 6 APPPATH\Controllers\AdminController.php(376): view('admin/applicant/editApplicant', [...])
 7 SYSTEMPATH\CodeIgniter.php(933): App\Controllers\AdminController->viewAllApplicant()
 8 SYSTEMPATH\CodeIgniter.php(509): CodeIgniter\CodeIgniter->runController(Object(App\Controllers\AdminController))
 9 SYSTEMPATH\CodeIgniter.php(355): CodeIgniter\CodeIgniter->handleRequest(null, Object(Config\Cache), false)
10 SYSTEMPATH\Boot.php(325): CodeIgniter\CodeIgniter->run()
11 SYSTEMPATH\Boot.php(67): CodeIgniter\Boot::runCodeIgniter(Object(CodeIgniter\CodeIgniter))
12 FCPATH\index.php(56): CodeIgniter\Boot::bootWeb(Object(Config\Paths))
13 SYSTEMPATH\rewrite.php(44): require_once('C:\\Backup\\trashtobigas\\public\\index.php')
CRITICAL - 2025-02-28 06:38:18 --> ErrorException: include(../include/offsetSidebar.php): Failed to open stream: No such file or directory
[Method: GET, Route: viewapplicants]
in APPPATH\Views\admin\applicant\editApplicant.php on line 293.
 1 APPPATH\Views\admin\applicant\editApplicant.php(293): CodeIgniter\Debug\Exceptions->errorHandler(2, 'include(../include/offsetSidebar.php): Failed to open stream: No such file or directory', 'C:\\Backup\\trashtobigas\\app\\Views\\admin\\applicant\\editApplicant.php', 293)
 2 APPPATH\Views\admin\applicant\editApplicant.php(293): include()
 3 SYSTEMPATH\View\View.php(234): include('C:\\Backup\\trashtobigas\\app\\Views\\admin\\applicant\\editApplicant.php')
 4 SYSTEMPATH\View\View.php(237): CodeIgniter\View\View->CodeIgniter\View\{closure}()
 5 SYSTEMPATH\Common.php(1171): CodeIgniter\View\View->render('admin/applicant/editApplicant', [], true)
 6 APPPATH\Controllers\AdminController.php(376): view('admin/applicant/editApplicant', [...])
 7 SYSTEMPATH\CodeIgniter.php(933): App\Controllers\AdminController->viewAllApplicant()
 8 SYSTEMPATH\CodeIgniter.php(509): CodeIgniter\CodeIgniter->runController(Object(App\Controllers\AdminController))
 9 SYSTEMPATH\CodeIgniter.php(355): CodeIgniter\CodeIgniter->handleRequest(null, Object(Config\Cache), false)
10 SYSTEMPATH\Boot.php(325): CodeIgniter\CodeIgniter->run()
11 SYSTEMPATH\Boot.php(67): CodeIgniter\Boot::runCodeIgniter(Object(CodeIgniter\CodeIgniter))
12 FCPATH\index.php(56): CodeIgniter\Boot::bootWeb(Object(Config\Paths))
13 SYSTEMPATH\rewrite.php(44): require_once('C:\\Backup\\trashtobigas\\public\\index.php')
CRITICAL - 2025-02-28 06:38:21 --> ErrorException: include(.../include/offsetSidebar.php): Failed to open stream: No such file or directory
[Method: GET, Route: viewapplicants]
in APPPATH\Views\admin\applicant\editApplicant.php on line 293.
 1 APPPATH\Views\admin\applicant\editApplicant.php(293): CodeIgniter\Debug\Exceptions->errorHandler(2, 'include(.../include/offsetSidebar.php): Failed to open stream: No such file or directory', 'C:\\Backup\\trashtobigas\\app\\Views\\admin\\applicant\\editApplicant.php', 293)
 2 APPPATH\Views\admin\applicant\editApplicant.php(293): include()
 3 SYSTEMPATH\View\View.php(234): include('C:\\Backup\\trashtobigas\\app\\Views\\admin\\applicant\\editApplicant.php')
 4 SYSTEMPATH\View\View.php(237): CodeIgniter\View\View->CodeIgniter\View\{closure}()
 5 SYSTEMPATH\Common.php(1171): CodeIgniter\View\View->render('admin/applicant/editApplicant', [], true)
 6 APPPATH\Controllers\AdminController.php(376): view('admin/applicant/editApplicant', [...])
 7 SYSTEMPATH\CodeIgniter.php(933): App\Controllers\AdminController->viewAllApplicant()
 8 SYSTEMPATH\CodeIgniter.php(509): CodeIgniter\CodeIgniter->runController(Object(App\Controllers\AdminController))
 9 SYSTEMPATH\CodeIgniter.php(355): CodeIgniter\CodeIgniter->handleRequest(null, Object(Config\Cache), false)
10 SYSTEMPATH\Boot.php(325): CodeIgniter\CodeIgniter->run()
11 SYSTEMPATH\Boot.php(67): CodeIgniter\Boot::runCodeIgniter(Object(CodeIgniter\CodeIgniter))
12 FCPATH\index.php(56): CodeIgniter\Boot::bootWeb(Object(Config\Paths))
13 SYSTEMPATH\rewrite.php(44): require_once('C:\\Backup\\trashtobigas\\public\\index.php')
CRITICAL - 2025-02-28 06:38:24 --> ErrorException: include(..../include/offsetSidebar.php): Failed to open stream: No such file or directory
[Method: GET, Route: viewapplicants]
in APPPATH\Views\admin\applicant\editApplicant.php on line 293.
 1 APPPATH\Views\admin\applicant\editApplicant.php(293): CodeIgniter\Debug\Exceptions->errorHandler(2, 'include(..../include/offsetSidebar.php): Failed to open stream: No such file or directory', 'C:\\Backup\\trashtobigas\\app\\Views\\admin\\applicant\\editApplicant.php', 293)
 2 APPPATH\Views\admin\applicant\editApplicant.php(293): include()
 3 SYSTEMPATH\View\View.php(234): include('C:\\Backup\\trashtobigas\\app\\Views\\admin\\applicant\\editApplicant.php')
 4 SYSTEMPATH\View\View.php(237): CodeIgniter\View\View->CodeIgniter\View\{closure}()
 5 SYSTEMPATH\Common.php(1171): CodeIgniter\View\View->render('admin/applicant/editApplicant', [], true)
 6 APPPATH\Controllers\AdminController.php(376): view('admin/applicant/editApplicant', [...])
 7 SYSTEMPATH\CodeIgniter.php(933): App\Controllers\AdminController->viewAllApplicant()
 8 SYSTEMPATH\CodeIgniter.php(509): CodeIgniter\CodeIgniter->runController(Object(App\Controllers\AdminController))
 9 SYSTEMPATH\CodeIgniter.php(355): CodeIgniter\CodeIgniter->handleRequest(null, Object(Config\Cache), false)
10 SYSTEMPATH\Boot.php(325): CodeIgniter\CodeIgniter->run()
11 SYSTEMPATH\Boot.php(67): CodeIgniter\Boot::runCodeIgniter(Object(CodeIgniter\CodeIgniter))
12 FCPATH\index.php(56): CodeIgniter\Boot::bootWeb(Object(Config\Paths))
13 SYSTEMPATH\rewrite.php(44): require_once('C:\\Backup\\trashtobigas\\public\\index.php')
CRITICAL - 2025-02-28 06:38:39 --> ErrorException: include(..\include/offsetSidebar.php): Failed to open stream: No such file or directory
[Method: GET, Route: viewapplicants]
in APPPATH\Views\admin\applicant\editApplicant.php on line 293.
 1 APPPATH\Views\admin\applicant\editApplicant.php(293): CodeIgniter\Debug\Exceptions->errorHandler(2, 'include(..\\include/offsetSidebar.php): Failed to open stream: No such file or directory', 'C:\\Backup\\trashtobigas\\app\\Views\\admin\\applicant\\editApplicant.php', 293)
 2 APPPATH\Views\admin\applicant\editApplicant.php(293): include()
 3 SYSTEMPATH\View\View.php(234): include('C:\\Backup\\trashtobigas\\app\\Views\\admin\\applicant\\editApplicant.php')
 4 SYSTEMPATH\View\View.php(237): CodeIgniter\View\View->CodeIgniter\View\{closure}()
 5 SYSTEMPATH\Common.php(1171): CodeIgniter\View\View->render('admin/applicant/editApplicant', [], true)
 6 APPPATH\Controllers\AdminController.php(376): view('admin/applicant/editApplicant', [...])
 7 SYSTEMPATH\CodeIgniter.php(933): App\Controllers\AdminController->viewAllApplicant()
 8 SYSTEMPATH\CodeIgniter.php(509): CodeIgniter\CodeIgniter->runController(Object(App\Controllers\AdminController))
 9 SYSTEMPATH\CodeIgniter.php(355): CodeIgniter\CodeIgniter->handleRequest(null, Object(Config\Cache), false)
10 SYSTEMPATH\Boot.php(325): CodeIgniter\CodeIgniter->run()
11 SYSTEMPATH\Boot.php(67): CodeIgniter\Boot::runCodeIgniter(Object(CodeIgniter\CodeIgniter))
12 FCPATH\index.php(56): CodeIgniter\Boot::bootWeb(Object(Config\Paths))
13 SYSTEMPATH\rewrite.php(44): require_once('C:\\Backup\\trashtobigas\\public\\index.php')
CRITICAL - 2025-02-28 06:38:44 --> ErrorException: include(..\include\offsetSidebar.php): Failed to open stream: No such file or directory
[Method: GET, Route: viewapplicants]
in APPPATH\Views\admin\applicant\editApplicant.php on line 293.
 1 APPPATH\Views\admin\applicant\editApplicant.php(293): CodeIgniter\Debug\Exceptions->errorHandler(2, 'include(..\\include\\offsetSidebar.php): Failed to open stream: No such file or directory', 'C:\\Backup\\trashtobigas\\app\\Views\\admin\\applicant\\editApplicant.php', 293)
 2 APPPATH\Views\admin\applicant\editApplicant.php(293): include()
 3 SYSTEMPATH\View\View.php(234): include('C:\\Backup\\trashtobigas\\app\\Views\\admin\\applicant\\editApplicant.php')
 4 SYSTEMPATH\View\View.php(237): CodeIgniter\View\View->CodeIgniter\View\{closure}()
 5 SYSTEMPATH\Common.php(1171): CodeIgniter\View\View->render('admin/applicant/editApplicant', [], true)
 6 APPPATH\Controllers\AdminController.php(376): view('admin/applicant/editApplicant', [...])
 7 SYSTEMPATH\CodeIgniter.php(933): App\Controllers\AdminController->viewAllApplicant()
 8 SYSTEMPATH\CodeIgniter.php(509): CodeIgniter\CodeIgniter->runController(Object(App\Controllers\AdminController))
 9 SYSTEMPATH\CodeIgniter.php(355): CodeIgniter\CodeIgniter->handleRequest(null, Object(Config\Cache), false)
10 SYSTEMPATH\Boot.php(325): CodeIgniter\CodeIgniter->run()
11 SYSTEMPATH\Boot.php(67): CodeIgniter\Boot::runCodeIgniter(Object(CodeIgniter\CodeIgniter))
12 FCPATH\index.php(56): CodeIgniter\Boot::bootWeb(Object(Config\Paths))
13 SYSTEMPATH\rewrite.php(44): require_once('C:\\Backup\\trashtobigas\\public\\index.php')
CRITICAL - 2025-02-28 06:38:47 --> ErrorException: include(../include/offsetSidebar.php): Failed to open stream: No such file or directory
[Method: GET, Route: viewapplicants]
in APPPATH\Views\admin\applicant\editApplicant.php on line 293.
 1 APPPATH\Views\admin\applicant\editApplicant.php(293): CodeIgniter\Debug\Exceptions->errorHandler(2, 'include(../include/offsetSidebar.php): Failed to open stream: No such file or directory', 'C:\\Backup\\trashtobigas\\app\\Views\\admin\\applicant\\editApplicant.php', 293)
 2 APPPATH\Views\admin\applicant\editApplicant.php(293): include()
 3 SYSTEMPATH\View\View.php(234): include('C:\\Backup\\trashtobigas\\app\\Views\\admin\\applicant\\editApplicant.php')
 4 SYSTEMPATH\View\View.php(237): CodeIgniter\View\View->CodeIgniter\View\{closure}()
 5 SYSTEMPATH\Common.php(1171): CodeIgniter\View\View->render('admin/applicant/editApplicant', [], true)
 6 APPPATH\Controllers\AdminController.php(376): view('admin/applicant/editApplicant', [...])
 7 SYSTEMPATH\CodeIgniter.php(933): App\Controllers\AdminController->viewAllApplicant()
 8 SYSTEMPATH\CodeIgniter.php(509): CodeIgniter\CodeIgniter->runController(Object(App\Controllers\AdminController))
 9 SYSTEMPATH\CodeIgniter.php(355): CodeIgniter\CodeIgniter->handleRequest(null, Object(Config\Cache), false)
10 SYSTEMPATH\Boot.php(325): CodeIgniter\CodeIgniter->run()
11 SYSTEMPATH\Boot.php(67): CodeIgniter\Boot::runCodeIgniter(Object(CodeIgniter\CodeIgniter))
12 FCPATH\index.php(56): CodeIgniter\Boot::bootWeb(Object(Config\Paths))
13 SYSTEMPATH\rewrite.php(44): require_once('C:\\Backup\\trashtobigas\\public\\index.php')
CRITICAL - 2025-02-28 06:40:12 --> ErrorException: include_once(../include/offsetSidebar.php): Failed to open stream: No such file or directory
[Method: GET, Route: viewapplicants]
in APPPATH\Views\admin\applicant\editApplicant.php on line 293.
 1 APPPATH\Views\admin\applicant\editApplicant.php(293): CodeIgniter\Debug\Exceptions->errorHandler(2, 'include_once(../include/offsetSidebar.php): Failed to open stream: No such file or directory', 'C:\\Backup\\trashtobigas\\app\\Views\\admin\\applicant\\editApplicant.php', 293)
 2 APPPATH\Views\admin\applicant\editApplicant.php(293): include_once()
 3 SYSTEMPATH\View\View.php(234): include('C:\\Backup\\trashtobigas\\app\\Views\\admin\\applicant\\editApplicant.php')
 4 SYSTEMPATH\View\View.php(237): CodeIgniter\View\View->CodeIgniter\View\{closure}()
 5 SYSTEMPATH\Common.php(1171): CodeIgniter\View\View->render('admin/applicant/editApplicant', [], true)
 6 APPPATH\Controllers\AdminController.php(376): view('admin/applicant/editApplicant', [...])
 7 SYSTEMPATH\CodeIgniter.php(933): App\Controllers\AdminController->viewAllApplicant()
 8 SYSTEMPATH\CodeIgniter.php(509): CodeIgniter\CodeIgniter->runController(Object(App\Controllers\AdminController))
 9 SYSTEMPATH\CodeIgniter.php(355): CodeIgniter\CodeIgniter->handleRequest(null, Object(Config\Cache), false)
10 SYSTEMPATH\Boot.php(325): CodeIgniter\CodeIgniter->run()
11 SYSTEMPATH\Boot.php(67): CodeIgniter\Boot::runCodeIgniter(Object(CodeIgniter\CodeIgniter))
12 FCPATH\index.php(56): CodeIgniter\Boot::bootWeb(Object(Config\Paths))
13 SYSTEMPATH\rewrite.php(44): require_once('C:\\Backup\\trashtobigas\\public\\index.php')
CRITICAL - 2025-02-28 06:40:20 --> ErrorException: include_once(..//include/offsetSidebar.php): Failed to open stream: No such file or directory
[Method: GET, Route: viewapplicants]
in APPPATH\Views\admin\applicant\editApplicant.php on line 293.
 1 APPPATH\Views\admin\applicant\editApplicant.php(293): CodeIgniter\Debug\Exceptions->errorHandler(2, 'include_once(..//include/offsetSidebar.php): Failed to open stream: No such file or directory', 'C:\\Backup\\trashtobigas\\app\\Views\\admin\\applicant\\editApplicant.php', 293)
 2 APPPATH\Views\admin\applicant\editApplicant.php(293): include_once()
 3 SYSTEMPATH\View\View.php(234): include('C:\\Backup\\trashtobigas\\app\\Views\\admin\\applicant\\editApplicant.php')
 4 SYSTEMPATH\View\View.php(237): CodeIgniter\View\View->CodeIgniter\View\{closure}()
 5 SYSTEMPATH\Common.php(1171): CodeIgniter\View\View->render('admin/applicant/editApplicant', [], true)
 6 APPPATH\Controllers\AdminController.php(376): view('admin/applicant/editApplicant', [...])
 7 SYSTEMPATH\CodeIgniter.php(933): App\Controllers\AdminController->viewAllApplicant()
 8 SYSTEMPATH\CodeIgniter.php(509): CodeIgniter\CodeIgniter->runController(Object(App\Controllers\AdminController))
 9 SYSTEMPATH\CodeIgniter.php(355): CodeIgniter\CodeIgniter->handleRequest(null, Object(Config\Cache), false)
10 SYSTEMPATH\Boot.php(325): CodeIgniter\CodeIgniter->run()
11 SYSTEMPATH\Boot.php(67): CodeIgniter\Boot::runCodeIgniter(Object(CodeIgniter\CodeIgniter))
12 FCPATH\index.php(56): CodeIgniter\Boot::bootWeb(Object(Config\Paths))
13 SYSTEMPATH\rewrite.php(44): require_once('C:\\Backup\\trashtobigas\\public\\index.php')
CRITICAL - 2025-02-28 06:40:32 --> ErrorException: include_once(..//include/offsetSidebar.php): Failed to open stream: No such file or directory
[Method: GET, Route: viewapplicants]
in APPPATH\Views\admin\applicant\editApplicant.php on line 293.
 1 APPPATH\Views\admin\applicant\editApplicant.php(293): CodeIgniter\Debug\Exceptions->errorHandler(2, 'include_once(..//include/offsetSidebar.php): Failed to open stream: No such file or directory', 'C:\\Backup\\trashtobigas\\app\\Views\\admin\\applicant\\editApplicant.php', 293)
 2 APPPATH\Views\admin\applicant\editApplicant.php(293): include_once()
 3 SYSTEMPATH\View\View.php(234): include('C:\\Backup\\trashtobigas\\app\\Views\\admin\\applicant\\editApplicant.php')
 4 SYSTEMPATH\View\View.php(237): CodeIgniter\View\View->CodeIgniter\View\{closure}()
 5 SYSTEMPATH\Common.php(1171): CodeIgniter\View\View->render('admin/applicant/editApplicant', [], true)
 6 APPPATH\Controllers\AdminController.php(376): view('admin/applicant/editApplicant', [...])
 7 SYSTEMPATH\CodeIgniter.php(933): App\Controllers\AdminController->viewAllApplicant()
 8 SYSTEMPATH\CodeIgniter.php(509): CodeIgniter\CodeIgniter->runController(Object(App\Controllers\AdminController))
 9 SYSTEMPATH\CodeIgniter.php(355): CodeIgniter\CodeIgniter->handleRequest(null, Object(Config\Cache), false)
10 SYSTEMPATH\Boot.php(325): CodeIgniter\CodeIgniter->run()
11 SYSTEMPATH\Boot.php(67): CodeIgniter\Boot::runCodeIgniter(Object(CodeIgniter\CodeIgniter))
12 FCPATH\index.php(56): CodeIgniter\Boot::bootWeb(Object(Config\Paths))
13 SYSTEMPATH\rewrite.php(44): require_once('C:\\Backup\\trashtobigas\\public\\index.php')
CRITICAL - 2025-02-28 06:40:36 --> ErrorException: include_once(.../include/offsetSidebar.php): Failed to open stream: No such file or directory
[Method: GET, Route: viewapplicants]
in APPPATH\Views\admin\applicant\editApplicant.php on line 293.
 1 APPPATH\Views\admin\applicant\editApplicant.php(293): CodeIgniter\Debug\Exceptions->errorHandler(2, 'include_once(.../include/offsetSidebar.php): Failed to open stream: No such file or directory', 'C:\\Backup\\trashtobigas\\app\\Views\\admin\\applicant\\editApplicant.php', 293)
 2 APPPATH\Views\admin\applicant\editApplicant.php(293): include_once()
 3 SYSTEMPATH\View\View.php(234): include('C:\\Backup\\trashtobigas\\app\\Views\\admin\\applicant\\editApplicant.php')
 4 SYSTEMPATH\View\View.php(237): CodeIgniter\View\View->CodeIgniter\View\{closure}()
 5 SYSTEMPATH\Common.php(1171): CodeIgniter\View\View->render('admin/applicant/editApplicant', [], true)
 6 APPPATH\Controllers\AdminController.php(376): view('admin/applicant/editApplicant', [...])
 7 SYSTEMPATH\CodeIgniter.php(933): App\Controllers\AdminController->viewAllApplicant()
 8 SYSTEMPATH\CodeIgniter.php(509): CodeIgniter\CodeIgniter->runController(Object(App\Controllers\AdminController))
 9 SYSTEMPATH\CodeIgniter.php(355): CodeIgniter\CodeIgniter->handleRequest(null, Object(Config\Cache), false)
10 SYSTEMPATH\Boot.php(325): CodeIgniter\CodeIgniter->run()
11 SYSTEMPATH\Boot.php(67): CodeIgniter\Boot::runCodeIgniter(Object(CodeIgniter\CodeIgniter))
12 FCPATH\index.php(56): CodeIgniter\Boot::bootWeb(Object(Config\Paths))
13 SYSTEMPATH\rewrite.php(44): require_once('C:\\Backup\\trashtobigas\\public\\index.php')
CRITICAL - 2025-02-28 06:41:00 --> ErrorException: include_once(../include/offsetSidebar.php): Failed to open stream: No such file or directory
[Method: GET, Route: viewapplicants]
in APPPATH\Views\admin\applicant\editApplicant.php on line 293.
 1 APPPATH\Views\admin\applicant\editApplicant.php(293): CodeIgniter\Debug\Exceptions->errorHandler(2, 'include_once(../include/offsetSidebar.php): Failed to open stream: No such file or directory', 'C:\\Backup\\trashtobigas\\app\\Views\\admin\\applicant\\editApplicant.php', 293)
 2 APPPATH\Views\admin\applicant\editApplicant.php(293): include_once()
 3 SYSTEMPATH\View\View.php(234): include('C:\\Backup\\trashtobigas\\app\\Views\\admin\\applicant\\editApplicant.php')
 4 SYSTEMPATH\View\View.php(237): CodeIgniter\View\View->CodeIgniter\View\{closure}()
 5 SYSTEMPATH\Common.php(1171): CodeIgniter\View\View->render('admin/applicant/editApplicant', [], true)
 6 APPPATH\Controllers\AdminController.php(376): view('admin/applicant/editApplicant', [...])
 7 SYSTEMPATH\CodeIgniter.php(933): App\Controllers\AdminController->viewAllApplicant()
 8 SYSTEMPATH\CodeIgniter.php(509): CodeIgniter\CodeIgniter->runController(Object(App\Controllers\AdminController))
 9 SYSTEMPATH\CodeIgniter.php(355): CodeIgniter\CodeIgniter->handleRequest(null, Object(Config\Cache), false)
10 SYSTEMPATH\Boot.php(325): CodeIgniter\CodeIgniter->run()
11 SYSTEMPATH\Boot.php(67): CodeIgniter\Boot::runCodeIgniter(Object(CodeIgniter\CodeIgniter))
12 FCPATH\index.php(56): CodeIgniter\Boot::bootWeb(Object(Config\Paths))
13 SYSTEMPATH\rewrite.php(44): require_once('C:\\Backup\\trashtobigas\\public\\index.php')
CRITICAL - 2025-02-28 06:41:15 --> ErrorException: include_once(../../include/offsetSidebar.php): Failed to open stream: No such file or directory
[Method: GET, Route: viewapplicants]
in APPPATH\Views\admin\applicant\editApplicant.php on line 293.
 1 APPPATH\Views\admin\applicant\editApplicant.php(293): CodeIgniter\Debug\Exceptions->errorHandler(2, 'include_once(../../include/offsetSidebar.php): Failed to open stream: No such file or directory', 'C:\\Backup\\trashtobigas\\app\\Views\\admin\\applicant\\editApplicant.php', 293)
 2 APPPATH\Views\admin\applicant\editApplicant.php(293): include_once()
 3 SYSTEMPATH\View\View.php(234): include('C:\\Backup\\trashtobigas\\app\\Views\\admin\\applicant\\editApplicant.php')
 4 SYSTEMPATH\View\View.php(237): CodeIgniter\View\View->CodeIgniter\View\{closure}()
 5 SYSTEMPATH\Common.php(1171): CodeIgniter\View\View->render('admin/applicant/editApplicant', [], true)
 6 APPPATH\Controllers\AdminController.php(376): view('admin/applicant/editApplicant', [...])
 7 SYSTEMPATH\CodeIgniter.php(933): App\Controllers\AdminController->viewAllApplicant()
 8 SYSTEMPATH\CodeIgniter.php(509): CodeIgniter\CodeIgniter->runController(Object(App\Controllers\AdminController))
 9 SYSTEMPATH\CodeIgniter.php(355): CodeIgniter\CodeIgniter->handleRequest(null, Object(Config\Cache), false)
10 SYSTEMPATH\Boot.php(325): CodeIgniter\CodeIgniter->run()
11 SYSTEMPATH\Boot.php(67): CodeIgniter\Boot::runCodeIgniter(Object(CodeIgniter\CodeIgniter))
12 FCPATH\index.php(56): CodeIgniter\Boot::bootWeb(Object(Config\Paths))
13 SYSTEMPATH\rewrite.php(44): require_once('C:\\Backup\\trashtobigas\\public\\index.php')
CRITICAL - 2025-02-28 06:41:33 --> CodeIgniter\HTTP\Exceptions\BadRequestException: The URI you submitted has disallowed characters: "<"
[Method: GET, Route: %3C]
in SYSTEMPATH\Router\Router.php on line 737.
 1 SYSTEMPATH\Router\Router.php(204): CodeIgniter\Router\Router->checkDisallowedChars('<')
 2 SYSTEMPATH\CodeIgniter.php(834): CodeIgniter\Router\Router->handle('<')
 3 SYSTEMPATH\CodeIgniter.php(457): CodeIgniter\CodeIgniter->tryToRouteIt(Object(CodeIgniter\Router\RouteCollection))
 4 SYSTEMPATH\CodeIgniter.php(355): CodeIgniter\CodeIgniter->handleRequest(null, Object(Config\Cache), false)
 5 SYSTEMPATH\Boot.php(325): CodeIgniter\CodeIgniter->run()
 6 SYSTEMPATH\Boot.php(67): CodeIgniter\Boot::runCodeIgniter(Object(CodeIgniter\CodeIgniter))
 7 FCPATH\index.php(56): CodeIgniter\Boot::bootWeb(Object(Config\Paths))
CRITICAL - 2025-02-28 06:45:16 --> CodeIgniter\HTTP\Exceptions\BadRequestException: The URI you submitted has disallowed characters: "<"
[Method: GET, Route: %3C]
in SYSTEMPATH\Router\Router.php on line 737.
 1 SYSTEMPATH\Router\Router.php(204): CodeIgniter\Router\Router->checkDisallowedChars('<')
 2 SYSTEMPATH\CodeIgniter.php(834): CodeIgniter\Router\Router->handle('<')
 3 SYSTEMPATH\CodeIgniter.php(457): CodeIgniter\CodeIgniter->tryToRouteIt(Object(CodeIgniter\Router\RouteCollection))
 4 SYSTEMPATH\CodeIgniter.php(355): CodeIgniter\CodeIgniter->handleRequest(null, Object(Config\Cache), false)
 5 SYSTEMPATH\Boot.php(325): CodeIgniter\CodeIgniter->run()
 6 SYSTEMPATH\Boot.php(67): CodeIgniter\Boot::runCodeIgniter(Object(CodeIgniter\CodeIgniter))
 7 FCPATH\index.php(56): CodeIgniter\Boot::bootWeb(Object(Config\Paths))
