CRITICAL - 2025-04-02 01:11:00 --> Error: Class "App\Controllers\RedeemHistoryMode" not found
[Method: GET, Route: showredeemed]
in APPPATH\Controllers\AdminController.php on line 37.
 1 SYSTEMPATH\CodeIgniter.php(903): App\Controllers\AdminController->__construct()
 2 SYSTEMPATH\CodeIgniter.php(500): CodeIgniter\CodeIgniter->createController()
 3 SYSTEMPATH\CodeIgniter.php(355): CodeIgniter\CodeIgniter->handleRequest(null, Object(Config\Cache), false)
 4 SYSTEMPATH\Boot.php(325): CodeIgniter\CodeIgniter->run()
 5 SYSTEMPATH\Boot.php(67): CodeIgniter\Boot::runCodeIgniter(Object(CodeIgniter\CodeIgniter))
 6 FCPATH\index.php(56): CodeIgniter\Boot::bootWeb(Object(Config\Paths))
 7 SYSTEMPATH\rewrite.php(44): require_once('C:\\Backup\\trashtobigas\\public\\index.php')
CRITICAL - 2025-04-02 01:11:29 --> TypeError: CodeIgniter\Database\BaseBuilder::select(): Argument #2 ($escape) must be of type ?bool, string given, called in C:\Backup\trashtobigas\system\Model.php on line 930
[Method: GET, Route: showredeemed]
in SYSTEMPATH\Database\BaseBuilder.php on line 398.
 1 SYSTEMPATH\Model.php(930): CodeIgniter\Database\BaseBuilder->select('redeemed_items.id, redeemed_items.user_id, redeemed_items.client_id,
        redeemed_items.product_id, redeemed_items.points_used', 'redeemed_items.redeem_Code,
        user_tbl.lastName, user_tbl.firstName, user_tbl.contactNo, user_tbl.address, user_tbl.userName,
        user_tbl.password, user_tbl.role, user_tbl.role, user_tbl.status, 
        inventory_table.user_ID, inventory_table.item, inventory_table.category, inventory_table.img,
        inventory_table.quantity, inventory_table.point_price, ')
 2 APPPATH\Controllers\AdminController.php(503): CodeIgniter\Model->__call('select', [...])
 3 SYSTEMPATH\CodeIgniter.php(933): App\Controllers\AdminController->redeemItemsHistory()
 4 SYSTEMPATH\CodeIgniter.php(509): CodeIgniter\CodeIgniter->runController(Object(App\Controllers\AdminController))
 5 SYSTEMPATH\CodeIgniter.php(355): CodeIgniter\CodeIgniter->handleRequest(null, Object(Config\Cache), false)
 6 SYSTEMPATH\Boot.php(325): CodeIgniter\CodeIgniter->run()
 7 SYSTEMPATH\Boot.php(67): CodeIgniter\Boot::runCodeIgniter(Object(CodeIgniter\CodeIgniter))
 8 FCPATH\index.php(56): CodeIgniter\Boot::bootWeb(Object(Config\Paths))
 9 SYSTEMPATH\rewrite.php(44): require_once('C:\\Backup\\trashtobigas\\public\\index.php')
CRITICAL - 2025-04-02 01:11:56 --> Error: Call to a member function select() on null
[Method: GET, Route: showredeemed]
in APPPATH\Controllers\AdminController.php on line 502.
 1 SYSTEMPATH\CodeIgniter.php(933): App\Controllers\AdminController->redeemItemsHistory()
 2 SYSTEMPATH\CodeIgniter.php(509): CodeIgniter\CodeIgniter->runController(Object(App\Controllers\AdminController))
 3 SYSTEMPATH\CodeIgniter.php(355): CodeIgniter\CodeIgniter->handleRequest(null, Object(Config\Cache), false)
 4 SYSTEMPATH\Boot.php(325): CodeIgniter\CodeIgniter->run()
 5 SYSTEMPATH\Boot.php(67): CodeIgniter\Boot::runCodeIgniter(Object(CodeIgniter\CodeIgniter))
 6 FCPATH\index.php(56): CodeIgniter\Boot::bootWeb(Object(Config\Paths))
 7 SYSTEMPATH\rewrite.php(44): require_once('C:\\Backup\\trashtobigas\\public\\index.php')
CRITICAL - 2025-04-02 01:13:09 --> TypeError: CodeIgniter\Database\BaseBuilder::select(): Argument #2 ($escape) must be of type ?bool, string given, called in C:\Backup\trashtobigas\system\Model.php on line 930
[Method: GET, Route: showredeemed]
in SYSTEMPATH\Database\BaseBuilder.php on line 398.
 1 SYSTEMPATH\Model.php(930): CodeIgniter\Database\BaseBuilder->select('redeemed_items.id, redeemed_items.user_id, redeemed_items.client_id,
        redeemed_items.product_id, redeemed_items.points_used', 'redeemed_items.redeem_Code,
        user_tbl.lastName, user_tbl.firstName, user_tbl.contactNo, user_tbl.address, user_tbl.userName,
        user_tbl.password, user_tbl.role, user_tbl.role, user_tbl.status, 
        inventory_table.user_ID, inventory_table.item, inventory_table.category, inventory_table.img,
        inventory_table.quantity, inventory_table.point_price, ')
 2 APPPATH\Controllers\AdminController.php(506): CodeIgniter\Model->__call('select', [...])
 3 SYSTEMPATH\CodeIgniter.php(933): App\Controllers\AdminController->redeemItemsHistory()
 4 SYSTEMPATH\CodeIgniter.php(509): CodeIgniter\CodeIgniter->runController(Object(App\Controllers\AdminController))
 5 SYSTEMPATH\CodeIgniter.php(355): CodeIgniter\CodeIgniter->handleRequest(null, Object(Config\Cache), false)
 6 SYSTEMPATH\Boot.php(325): CodeIgniter\CodeIgniter->run()
 7 SYSTEMPATH\Boot.php(67): CodeIgniter\Boot::runCodeIgniter(Object(CodeIgniter\CodeIgniter))
 8 FCPATH\index.php(56): CodeIgniter\Boot::bootWeb(Object(Config\Paths))
 9 SYSTEMPATH\rewrite.php(44): require_once('C:\\Backup\\trashtobigas\\public\\index.php')
CRITICAL - 2025-04-02 01:13:47 --> TypeError: CodeIgniter\Database\BaseBuilder::select(): Argument #2 ($escape) must be of type ?bool, string given, called in C:\Backup\trashtobigas\system\Model.php on line 930
[Method: GET, Route: showredeemed]
in SYSTEMPATH\Database\BaseBuilder.php on line 398.
 1 SYSTEMPATH\Model.php(930): CodeIgniter\Database\BaseBuilder->select('redeemed_items.id, redeemed_items.user_id, redeemed_items.client_id,
        redeemed_items.product_id, redeemed_items.points_used', 'redeemed_items.redeem_Code,
        user_tbl.lastName, user_tbl.firstName, user_tbl.contactNo, user_tbl.address, user_tbl.userName,
        user_tbl.password, user_tbl.role, user_tbl.role, user_tbl.status, 
        inventory_table.user_ID, inventory_table.item, inventory_table.category, inventory_table.img,
        inventory_table.quantity, inventory_table.point_price, ')
 2 APPPATH\Controllers\AdminController.php(506): CodeIgniter\Model->__call('select', [...])
 3 SYSTEMPATH\CodeIgniter.php(933): App\Controllers\AdminController->redeemItemsHistory()
 4 SYSTEMPATH\CodeIgniter.php(509): CodeIgniter\CodeIgniter->runController(Object(App\Controllers\AdminController))
 5 SYSTEMPATH\CodeIgniter.php(355): CodeIgniter\CodeIgniter->handleRequest(null, Object(Config\Cache), false)
 6 SYSTEMPATH\Boot.php(325): CodeIgniter\CodeIgniter->run()
 7 SYSTEMPATH\Boot.php(67): CodeIgniter\Boot::runCodeIgniter(Object(CodeIgniter\CodeIgniter))
 8 FCPATH\index.php(56): CodeIgniter\Boot::bootWeb(Object(Config\Paths))
 9 SYSTEMPATH\rewrite.php(44): require_once('C:\\Backup\\trashtobigas\\public\\index.php')
CRITICAL - 2025-04-02 01:14:19 --> TypeError: CodeIgniter\Database\BaseBuilder::select(): Argument #2 ($escape) must be of type ?bool, string given, called in C:\Backup\trashtobigas\system\Model.php on line 930
[Method: GET, Route: showredeemed]
in SYSTEMPATH\Database\BaseBuilder.php on line 398.
 1 SYSTEMPATH\Model.php(930): CodeIgniter\Database\BaseBuilder->select('redeemed_items.id, redeemed_items.user_id, redeemed_items.client_id,
        redeemed_items.product_id, redeemed_items.points_used', 'redeemed_items.redeem_Code,
        user_tbl.lastName, user_tbl.firstName, user_tbl.contactNo, user_tbl.address, user_tbl.userName,
        user_tbl.password, user_tbl.role, user_tbl.role, user_tbl.status, 
')
 2 APPPATH\Controllers\AdminController.php(506): CodeIgniter\Model->__call('select', [...])
 3 SYSTEMPATH\CodeIgniter.php(933): App\Controllers\AdminController->redeemItemsHistory()
 4 SYSTEMPATH\CodeIgniter.php(509): CodeIgniter\CodeIgniter->runController(Object(App\Controllers\AdminController))
 5 SYSTEMPATH\CodeIgniter.php(355): CodeIgniter\CodeIgniter->handleRequest(null, Object(Config\Cache), false)
 6 SYSTEMPATH\Boot.php(325): CodeIgniter\CodeIgniter->run()
 7 SYSTEMPATH\Boot.php(67): CodeIgniter\Boot::runCodeIgniter(Object(CodeIgniter\CodeIgniter))
 8 FCPATH\index.php(56): CodeIgniter\Boot::bootWeb(Object(Config\Paths))
 9 SYSTEMPATH\rewrite.php(44): require_once('C:\\Backup\\trashtobigas\\public\\index.php')
CRITICAL - 2025-04-02 01:14:20 --> TypeError: CodeIgniter\Database\BaseBuilder::select(): Argument #2 ($escape) must be of type ?bool, string given, called in C:\Backup\trashtobigas\system\Model.php on line 930
[Method: GET, Route: showredeemed]
in SYSTEMPATH\Database\BaseBuilder.php on line 398.
 1 SYSTEMPATH\Model.php(930): CodeIgniter\Database\BaseBuilder->select('redeemed_items.id, redeemed_items.user_id, redeemed_items.client_id,
        redeemed_items.product_id, redeemed_items.points_used', 'redeemed_items.redeem_Code,
        user_tbl.lastName, user_tbl.firstName, user_tbl.contactNo, user_tbl.address, user_tbl.userName,
        user_tbl.password, user_tbl.role, user_tbl.role, user_tbl.status, 
')
 2 APPPATH\Controllers\AdminController.php(506): CodeIgniter\Model->__call('select', [...])
 3 SYSTEMPATH\CodeIgniter.php(933): App\Controllers\AdminController->redeemItemsHistory()
 4 SYSTEMPATH\CodeIgniter.php(509): CodeIgniter\CodeIgniter->runController(Object(App\Controllers\AdminController))
 5 SYSTEMPATH\CodeIgniter.php(355): CodeIgniter\CodeIgniter->handleRequest(null, Object(Config\Cache), false)
 6 SYSTEMPATH\Boot.php(325): CodeIgniter\CodeIgniter->run()
 7 SYSTEMPATH\Boot.php(67): CodeIgniter\Boot::runCodeIgniter(Object(CodeIgniter\CodeIgniter))
 8 FCPATH\index.php(56): CodeIgniter\Boot::bootWeb(Object(Config\Paths))
 9 SYSTEMPATH\rewrite.php(44): require_once('C:\\Backup\\trashtobigas\\public\\index.php')
CRITICAL - 2025-04-02 01:24:37 --> TypeError: CodeIgniter\Database\BaseBuilder::select(): Argument #2 ($escape) must be of type ?bool, string given, called in C:\Backup\trashtobigas\system\Model.php on line 930
[Method: GET, Route: showredeemed]
in SYSTEMPATH\Database\BaseBuilder.php on line 398.
 1 SYSTEMPATH\Model.php(930): CodeIgniter\Database\BaseBuilder->select('redeemed_items.id, redeemed_items.user_id, redeemed_items.client_id,
        redeemed_items.product_id, redeemed_items.points_used', 'redeemed_items.redeem_Code,
        user_tbl.lastName, user_tbl.firstName, user_tbl.contactNo, user_tbl.address, user_tbl.userName,
        user_tbl.password, user_tbl.role, user_tbl.role, user_tbl.status, 
')
 2 APPPATH\Controllers\AdminController.php(506): CodeIgniter\Model->__call('select', [...])
 3 SYSTEMPATH\CodeIgniter.php(933): App\Controllers\AdminController->redeemItemsHistory()
 4 SYSTEMPATH\CodeIgniter.php(509): CodeIgniter\CodeIgniter->runController(Object(App\Controllers\AdminController))
 5 SYSTEMPATH\CodeIgniter.php(355): CodeIgniter\CodeIgniter->handleRequest(null, Object(Config\Cache), false)
 6 SYSTEMPATH\Boot.php(325): CodeIgniter\CodeIgniter->run()
 7 SYSTEMPATH\Boot.php(67): CodeIgniter\Boot::runCodeIgniter(Object(CodeIgniter\CodeIgniter))
 8 FCPATH\index.php(56): CodeIgniter\Boot::bootWeb(Object(Config\Paths))
 9 SYSTEMPATH\rewrite.php(44): require_once('C:\\Backup\\trashtobigas\\public\\index.php')
CRITICAL - 2025-04-02 01:27:50 --> TypeError: CodeIgniter\Database\BaseBuilder::select(): Argument #2 ($escape) must be of type ?bool, string given, called in C:\Backup\trashtobigas\system\Model.php on line 930
[Method: GET, Route: showredeemed]
in SYSTEMPATH\Database\BaseBuilder.php on line 398.
 1 SYSTEMPATH\Model.php(930): CodeIgniter\Database\BaseBuilder->select('redeemed_items.id, redeemed_items.user_id, redeemed_items.client_id,
        redeemed_items.product_id, redeemed_items.points_used', 'redeemed_items.redeem_Code,
        user_tbl.lastName, user_tbl.firstName, user_tbl.contactNo, user_tbl.address, user_tbl.userName,
        user_tbl.password, user_tbl.role, user_tbl.role, user_tbl.status, 
        inventory_table.user_ID, inventory_table.item, inventory_table.category, inventory_table.img,
        inventory_table.quantity, inventory_table.point_price, ')
 2 APPPATH\Controllers\AdminController.php(506): CodeIgniter\Model->__call('select', [...])
 3 SYSTEMPATH\CodeIgniter.php(933): App\Controllers\AdminController->redeemItemsHistory()
 4 SYSTEMPATH\CodeIgniter.php(509): CodeIgniter\CodeIgniter->runController(Object(App\Controllers\AdminController))
 5 SYSTEMPATH\CodeIgniter.php(355): CodeIgniter\CodeIgniter->handleRequest(null, Object(Config\Cache), false)
 6 SYSTEMPATH\Boot.php(325): CodeIgniter\CodeIgniter->run()
 7 SYSTEMPATH\Boot.php(67): CodeIgniter\Boot::runCodeIgniter(Object(CodeIgniter\CodeIgniter))
 8 FCPATH\index.php(56): CodeIgniter\Boot::bootWeb(Object(Config\Paths))
 9 SYSTEMPATH\rewrite.php(44): require_once('C:\\Backup\\trashtobigas\\public\\index.php')
CRITICAL - 2025-04-02 01:29:04 --> TypeError: CodeIgniter\Database\BaseBuilder::select(): Argument #2 ($escape) must be of type ?bool, string given, called in C:\Backup\trashtobigas\system\Model.php on line 930
[Method: GET, Route: showredeemed]
in SYSTEMPATH\Database\BaseBuilder.php on line 398.
 1 SYSTEMPATH\Model.php(930): CodeIgniter\Database\BaseBuilder->select('redeemed_items.id, redeemed_items.user_id, redeemed_items.client_id,
        redeemed_items.product_id, redeemed_items.points_used', 'redeemed_items.redeem_Code,
        user_tbl.lastName, user_tbl.firstName, user_tbl.contactNo, user_tbl.address, user_tbl.userName,
        user_tbl.password, user_tbl.role, user_tbl.role, user_tbl.status, 
        inventory_table.user_ID, inventory_table.item, inventory_table.category, inventory_table.img,
        inventory_table.quantity, inventory_table.point_price, ')
 2 APPPATH\Controllers\AdminController.php(506): CodeIgniter\Model->__call('select', [...])
 3 SYSTEMPATH\CodeIgniter.php(933): App\Controllers\AdminController->redeemItemsHistory()
 4 SYSTEMPATH\CodeIgniter.php(509): CodeIgniter\CodeIgniter->runController(Object(App\Controllers\AdminController))
 5 SYSTEMPATH\CodeIgniter.php(355): CodeIgniter\CodeIgniter->handleRequest(null, Object(Config\Cache), false)
 6 SYSTEMPATH\Boot.php(325): CodeIgniter\CodeIgniter->run()
 7 SYSTEMPATH\Boot.php(67): CodeIgniter\Boot::runCodeIgniter(Object(CodeIgniter\CodeIgniter))
 8 FCPATH\index.php(56): CodeIgniter\Boot::bootWeb(Object(Config\Paths))
 9 SYSTEMPATH\rewrite.php(44): require_once('C:\\Backup\\trashtobigas\\public\\index.php')
CRITICAL - 2025-04-02 01:29:34 --> ErrorException: Undefined variable $redeem
[Method: GET, Route: showredeemed]
in APPPATH\Controllers\AdminController.php on line 505.
 1 APPPATH\Controllers\AdminController.php(505): CodeIgniter\Debug\Exceptions->errorHandler(2, 'Undefined variable $redeem', 'C:\\Backup\\trashtobigas\\app\\Controllers\\AdminController.php', 505)
 2 SYSTEMPATH\CodeIgniter.php(933): App\Controllers\AdminController->redeemItemsHistory()
 3 SYSTEMPATH\CodeIgniter.php(509): CodeIgniter\CodeIgniter->runController(Object(App\Controllers\AdminController))
 4 SYSTEMPATH\CodeIgniter.php(355): CodeIgniter\CodeIgniter->handleRequest(null, Object(Config\Cache), false)
 5 SYSTEMPATH\Boot.php(325): CodeIgniter\CodeIgniter->run()
 6 SYSTEMPATH\Boot.php(67): CodeIgniter\Boot::runCodeIgniter(Object(CodeIgniter\CodeIgniter))
 7 FCPATH\index.php(56): CodeIgniter\Boot::bootWeb(Object(Config\Paths))
 8 SYSTEMPATH\rewrite.php(44): require_once('C:\\Backup\\trashtobigas\\public\\index.php')
ERROR - 2025-04-02 01:32:23 --> mysqli_sql_exception: Unknown column 'inventory_table.id' in 'field list' in C:\Backup\trashtobigas\system\Database\MySQLi\Connection.php:312
Stack trace:
#0 C:\Backup\trashtobigas\system\Database\MySQLi\Connection.php(312): mysqli->query('SELECT `redeeme...', 0)
#1 C:\Backup\trashtobigas\system\Database\BaseConnection.php(734): CodeIgniter\Database\MySQLi\Connection->execute('SELECT `redeeme...')
#2 C:\Backup\trashtobigas\system\Database\BaseConnection.php(648): CodeIgniter\Database\BaseConnection->simpleQuery('SELECT `redeeme...')
#3 C:\Backup\trashtobigas\system\Database\BaseBuilder.php(1644): CodeIgniter\Database\BaseConnection->query('SELECT `redeeme...', Array, false)
#4 C:\Backup\trashtobigas\system\Model.php(286): CodeIgniter\Database\BaseBuilder->get()
#5 C:\Backup\trashtobigas\system\BaseModel.php(676): CodeIgniter\Model->doFindAll(0, 0)
#6 C:\Backup\trashtobigas\app\Controllers\AdminController.php(524): CodeIgniter\BaseModel->findAll()
#7 C:\Backup\trashtobigas\system\CodeIgniter.php(933): App\Controllers\AdminController->redeemItemsHistory()
#8 C:\Backup\trashtobigas\system\CodeIgniter.php(509): CodeIgniter\CodeIgniter->runController(Object(App\Controllers\AdminController))
#9 C:\Backup\trashtobigas\system\CodeIgniter.php(355): CodeIgniter\CodeIgniter->handleRequest(NULL, Object(Config\Cache), false)
#10 C:\Backup\trashtobigas\system\Boot.php(325): CodeIgniter\CodeIgniter->run()
#11 C:\Backup\trashtobigas\system\Boot.php(67): CodeIgniter\Boot::runCodeIgniter(Object(CodeIgniter\CodeIgniter))
#12 C:\Backup\trashtobigas\public\index.php(56): CodeIgniter\Boot::bootWeb(Object(Config\Paths))
#13 C:\Backup\trashtobigas\system\rewrite.php(44): require_once('C:\\Backup\\trash...')
#14 {main}
CRITICAL - 2025-04-02 01:32:23 --> CodeIgniter\Database\Exceptions\DatabaseException: Unknown column 'inventory_table.id' in 'field list'
[Method: GET, Route: showredeemed]
in SYSTEMPATH\Database\BaseConnection.php on line 688.
 1 SYSTEMPATH\Database\BaseBuilder.php(1644): CodeIgniter\Database\BaseConnection->query('SELECT `redeemed_items`.`id`, `redeemed_items`.`user_id`, `redeemed_items`.`client_id`, `redeemed_items`.`product_id`, `redeemed_items`.`points_used`, `redeemed_items`.`redeem_Code`, `user_tbl`.`lastName`, `user_tbl`.`firstName`, `user_tbl`.`contactNo`, `inventory_table`.`id`, `invetory_table`.`item`, `registrationdb`.`id`, `registrationdb`.`idNumber`, `registrationdb`.`firstName`, `registrationdb`.`lastName`, `registrationdb`.`contactNo`
FROM `redeemed_items`
JOIN `user_tbl` ON `user_tbl`.`id` = `redeemed_items`.`user_id`
GROUP BY `redeemed_items`.`redeem_Code`', [], false)
 2 SYSTEMPATH\Model.php(286): CodeIgniter\Database\BaseBuilder->get()
 3 SYSTEMPATH\BaseModel.php(676): CodeIgniter\Model->doFindAll(0, 0)
 4 APPPATH\Controllers\AdminController.php(524): CodeIgniter\BaseModel->findAll()
 5 SYSTEMPATH\CodeIgniter.php(933): App\Controllers\AdminController->redeemItemsHistory()
 6 SYSTEMPATH\CodeIgniter.php(509): CodeIgniter\CodeIgniter->runController(Object(App\Controllers\AdminController))
 7 SYSTEMPATH\CodeIgniter.php(355): CodeIgniter\CodeIgniter->handleRequest(null, Object(Config\Cache), false)
 8 SYSTEMPATH\Boot.php(325): CodeIgniter\CodeIgniter->run()
 9 SYSTEMPATH\Boot.php(67): CodeIgniter\Boot::runCodeIgniter(Object(CodeIgniter\CodeIgniter))
10 FCPATH\index.php(56): CodeIgniter\Boot::bootWeb(Object(Config\Paths))
11 SYSTEMPATH\rewrite.php(44): require_once('C:\\Backup\\trashtobigas\\public\\index.php')
CRITICAL - 2025-04-02 01:32:23 --> [Caused by] CodeIgniter\Database\Exceptions\DatabaseException: Unknown column 'inventory_table.id' in 'field list'
in SYSTEMPATH\Database\MySQLi\Connection.php on line 317.
 1 SYSTEMPATH\Database\BaseConnection.php(734): CodeIgniter\Database\MySQLi\Connection->execute('SELECT `redeemed_items`.`id`, `redeemed_items`.`user_id`, `redeemed_items`.`client_id`, `redeemed_items`.`product_id`, `redeemed_items`.`points_used`, `redeemed_items`.`redeem_Code`, `user_tbl`.`lastName`, `user_tbl`.`firstName`, `user_tbl`.`contactNo`, `inventory_table`.`id`, `invetory_table`.`item`, `registrationdb`.`id`, `registrationdb`.`idNumber`, `registrationdb`.`firstName`, `registrationdb`.`lastName`, `registrationdb`.`contactNo`
FROM `redeemed_items`
JOIN `user_tbl` ON `user_tbl`.`id` = `redeemed_items`.`user_id`
GROUP BY `redeemed_items`.`redeem_Code`')
 2 SYSTEMPATH\Database\BaseConnection.php(648): CodeIgniter\Database\BaseConnection->simpleQuery('SELECT `redeemed_items`.`id`, `redeemed_items`.`user_id`, `redeemed_items`.`client_id`, `redeemed_items`.`product_id`, `redeemed_items`.`points_used`, `redeemed_items`.`redeem_Code`, `user_tbl`.`lastName`, `user_tbl`.`firstName`, `user_tbl`.`contactNo`, `inventory_table`.`id`, `invetory_table`.`item`, `registrationdb`.`id`, `registrationdb`.`idNumber`, `registrationdb`.`firstName`, `registrationdb`.`lastName`, `registrationdb`.`contactNo`
FROM `redeemed_items`
JOIN `user_tbl` ON `user_tbl`.`id` = `redeemed_items`.`user_id`
GROUP BY `redeemed_items`.`redeem_Code`')
 3 SYSTEMPATH\Database\BaseBuilder.php(1644): CodeIgniter\Database\BaseConnection->query('SELECT `redeemed_items`.`id`, `redeemed_items`.`user_id`, `redeemed_items`.`client_id`, `redeemed_items`.`product_id`, `redeemed_items`.`points_used`, `redeemed_items`.`redeem_Code`, `user_tbl`.`lastName`, `user_tbl`.`firstName`, `user_tbl`.`contactNo`, `inventory_table`.`id`, `invetory_table`.`item`, `registrationdb`.`id`, `registrationdb`.`idNumber`, `registrationdb`.`firstName`, `registrationdb`.`lastName`, `registrationdb`.`contactNo`
FROM `redeemed_items`
JOIN `user_tbl` ON `user_tbl`.`id` = `redeemed_items`.`user_id`
GROUP BY `redeemed_items`.`redeem_Code`', [], false)
 4 SYSTEMPATH\Model.php(286): CodeIgniter\Database\BaseBuilder->get()
 5 SYSTEMPATH\BaseModel.php(676): CodeIgniter\Model->doFindAll(0, 0)
 6 APPPATH\Controllers\AdminController.php(524): CodeIgniter\BaseModel->findAll()
 7 SYSTEMPATH\CodeIgniter.php(933): App\Controllers\AdminController->redeemItemsHistory()
 8 SYSTEMPATH\CodeIgniter.php(509): CodeIgniter\CodeIgniter->runController(Object(App\Controllers\AdminController))
 9 SYSTEMPATH\CodeIgniter.php(355): CodeIgniter\CodeIgniter->handleRequest(null, Object(Config\Cache), false)
10 SYSTEMPATH\Boot.php(325): CodeIgniter\CodeIgniter->run()
11 SYSTEMPATH\Boot.php(67): CodeIgniter\Boot::runCodeIgniter(Object(CodeIgniter\CodeIgniter))
12 FCPATH\index.php(56): CodeIgniter\Boot::bootWeb(Object(Config\Paths))
13 SYSTEMPATH\rewrite.php(44): require_once('C:\\Backup\\trashtobigas\\public\\index.php')
CRITICAL - 2025-04-02 01:32:23 --> [Caused by] mysqli_sql_exception: Unknown column 'inventory_table.id' in 'field list'
in SYSTEMPATH\Database\MySQLi\Connection.php on line 312.
 1 SYSTEMPATH\Database\MySQLi\Connection.php(312): mysqli->query('SELECT `redeemed_items`.`id`, `redeemed_items`.`user_id`, `redeemed_items`.`client_id`, `redeemed_items`.`product_id`, `redeemed_items`.`points_used`, `redeemed_items`.`redeem_Code`, `user_tbl`.`lastName`, `user_tbl`.`firstName`, `user_tbl`.`contactNo`, `inventory_table`.`id`, `invetory_table`.`item`, `registrationdb`.`id`, `registrationdb`.`idNumber`, `registrationdb`.`firstName`, `registrationdb`.`lastName`, `registrationdb`.`contactNo`
FROM `redeemed_items`
JOIN `user_tbl` ON `user_tbl`.`id` = `redeemed_items`.`user_id`
GROUP BY `redeemed_items`.`redeem_Code`', 0)
 2 SYSTEMPATH\Database\BaseConnection.php(734): CodeIgniter\Database\MySQLi\Connection->execute('SELECT `redeemed_items`.`id`, `redeemed_items`.`user_id`, `redeemed_items`.`client_id`, `redeemed_items`.`product_id`, `redeemed_items`.`points_used`, `redeemed_items`.`redeem_Code`, `user_tbl`.`lastName`, `user_tbl`.`firstName`, `user_tbl`.`contactNo`, `inventory_table`.`id`, `invetory_table`.`item`, `registrationdb`.`id`, `registrationdb`.`idNumber`, `registrationdb`.`firstName`, `registrationdb`.`lastName`, `registrationdb`.`contactNo`
FROM `redeemed_items`
JOIN `user_tbl` ON `user_tbl`.`id` = `redeemed_items`.`user_id`
GROUP BY `redeemed_items`.`redeem_Code`')
 3 SYSTEMPATH\Database\BaseConnection.php(648): CodeIgniter\Database\BaseConnection->simpleQuery('SELECT `redeemed_items`.`id`, `redeemed_items`.`user_id`, `redeemed_items`.`client_id`, `redeemed_items`.`product_id`, `redeemed_items`.`points_used`, `redeemed_items`.`redeem_Code`, `user_tbl`.`lastName`, `user_tbl`.`firstName`, `user_tbl`.`contactNo`, `inventory_table`.`id`, `invetory_table`.`item`, `registrationdb`.`id`, `registrationdb`.`idNumber`, `registrationdb`.`firstName`, `registrationdb`.`lastName`, `registrationdb`.`contactNo`
FROM `redeemed_items`
JOIN `user_tbl` ON `user_tbl`.`id` = `redeemed_items`.`user_id`
GROUP BY `redeemed_items`.`redeem_Code`')
 4 SYSTEMPATH\Database\BaseBuilder.php(1644): CodeIgniter\Database\BaseConnection->query('SELECT `redeemed_items`.`id`, `redeemed_items`.`user_id`, `redeemed_items`.`client_id`, `redeemed_items`.`product_id`, `redeemed_items`.`points_used`, `redeemed_items`.`redeem_Code`, `user_tbl`.`lastName`, `user_tbl`.`firstName`, `user_tbl`.`contactNo`, `inventory_table`.`id`, `invetory_table`.`item`, `registrationdb`.`id`, `registrationdb`.`idNumber`, `registrationdb`.`firstName`, `registrationdb`.`lastName`, `registrationdb`.`contactNo`
FROM `redeemed_items`
JOIN `user_tbl` ON `user_tbl`.`id` = `redeemed_items`.`user_id`
GROUP BY `redeemed_items`.`redeem_Code`', [], false)
 5 SYSTEMPATH\Model.php(286): CodeIgniter\Database\BaseBuilder->get()
 6 SYSTEMPATH\BaseModel.php(676): CodeIgniter\Model->doFindAll(0, 0)
 7 APPPATH\Controllers\AdminController.php(524): CodeIgniter\BaseModel->findAll()
 8 SYSTEMPATH\CodeIgniter.php(933): App\Controllers\AdminController->redeemItemsHistory()
 9 SYSTEMPATH\CodeIgniter.php(509): CodeIgniter\CodeIgniter->runController(Object(App\Controllers\AdminController))
10 SYSTEMPATH\CodeIgniter.php(355): CodeIgniter\CodeIgniter->handleRequest(null, Object(Config\Cache), false)
11 SYSTEMPATH\Boot.php(325): CodeIgniter\CodeIgniter->run()
12 SYSTEMPATH\Boot.php(67): CodeIgniter\Boot::runCodeIgniter(Object(CodeIgniter\CodeIgniter))
13 FCPATH\index.php(56): CodeIgniter\Boot::bootWeb(Object(Config\Paths))
14 SYSTEMPATH\rewrite.php(44): require_once('C:\\Backup\\trashtobigas\\public\\index.php')
ERROR - 2025-04-02 01:32:51 --> mysqli_sql_exception: Unknown column 'inventory_table.id' in 'field list' in C:\Backup\trashtobigas\system\Database\MySQLi\Connection.php:312
Stack trace:
#0 C:\Backup\trashtobigas\system\Database\MySQLi\Connection.php(312): mysqli->query('SELECT `redeeme...', 0)
#1 C:\Backup\trashtobigas\system\Database\BaseConnection.php(734): CodeIgniter\Database\MySQLi\Connection->execute('SELECT `redeeme...')
#2 C:\Backup\trashtobigas\system\Database\BaseConnection.php(648): CodeIgniter\Database\BaseConnection->simpleQuery('SELECT `redeeme...')
#3 C:\Backup\trashtobigas\system\Database\BaseBuilder.php(1644): CodeIgniter\Database\BaseConnection->query('SELECT `redeeme...', Array, false)
#4 C:\Backup\trashtobigas\system\Model.php(286): CodeIgniter\Database\BaseBuilder->get()
#5 C:\Backup\trashtobigas\system\BaseModel.php(676): CodeIgniter\Model->doFindAll(0, 0)
#6 C:\Backup\trashtobigas\app\Controllers\AdminController.php(524): CodeIgniter\BaseModel->findAll()
#7 C:\Backup\trashtobigas\system\CodeIgniter.php(933): App\Controllers\AdminController->redeemItemsHistory()
#8 C:\Backup\trashtobigas\system\CodeIgniter.php(509): CodeIgniter\CodeIgniter->runController(Object(App\Controllers\AdminController))
#9 C:\Backup\trashtobigas\system\CodeIgniter.php(355): CodeIgniter\CodeIgniter->handleRequest(NULL, Object(Config\Cache), false)
#10 C:\Backup\trashtobigas\system\Boot.php(325): CodeIgniter\CodeIgniter->run()
#11 C:\Backup\trashtobigas\system\Boot.php(67): CodeIgniter\Boot::runCodeIgniter(Object(CodeIgniter\CodeIgniter))
#12 C:\Backup\trashtobigas\public\index.php(56): CodeIgniter\Boot::bootWeb(Object(Config\Paths))
#13 C:\Backup\trashtobigas\system\rewrite.php(44): require_once('C:\\Backup\\trash...')
#14 {main}
CRITICAL - 2025-04-02 01:32:51 --> CodeIgniter\Database\Exceptions\DatabaseException: Unknown column 'inventory_table.id' in 'field list'
[Method: GET, Route: showredeemed]
in SYSTEMPATH\Database\BaseConnection.php on line 688.
 1 SYSTEMPATH\Database\BaseBuilder.php(1644): CodeIgniter\Database\BaseConnection->query('SELECT `redeemed_items`.`id`, `redeemed_items`.`user_id`, `redeemed_items`.`client_id`, `redeemed_items`.`product_id`, `redeemed_items`.`points_used`, `redeemed_items`.`redeem_Code`, `user_tbl`.`lastName`, `user_tbl`.`firstName`, `user_tbl`.`contactNo`, `inventory_table`.`id`, `inventory_table`.`item`, `registrationdb`.`id`, `registrationdb`.`idNumber`, `registrationdb`.`firstName`, `registrationdb`.`lastName`, `registrationdb`.`contactNo`
FROM `redeemed_items`
JOIN `user_tbl` ON `user_tbl`.`id` = `redeemed_items`.`user_id`
GROUP BY `redeemed_items`.`redeem_Code`', [], false)
 2 SYSTEMPATH\Model.php(286): CodeIgniter\Database\BaseBuilder->get()
 3 SYSTEMPATH\BaseModel.php(676): CodeIgniter\Model->doFindAll(0, 0)
 4 APPPATH\Controllers\AdminController.php(524): CodeIgniter\BaseModel->findAll()
 5 SYSTEMPATH\CodeIgniter.php(933): App\Controllers\AdminController->redeemItemsHistory()
 6 SYSTEMPATH\CodeIgniter.php(509): CodeIgniter\CodeIgniter->runController(Object(App\Controllers\AdminController))
 7 SYSTEMPATH\CodeIgniter.php(355): CodeIgniter\CodeIgniter->handleRequest(null, Object(Config\Cache), false)
 8 SYSTEMPATH\Boot.php(325): CodeIgniter\CodeIgniter->run()
 9 SYSTEMPATH\Boot.php(67): CodeIgniter\Boot::runCodeIgniter(Object(CodeIgniter\CodeIgniter))
10 FCPATH\index.php(56): CodeIgniter\Boot::bootWeb(Object(Config\Paths))
11 SYSTEMPATH\rewrite.php(44): require_once('C:\\Backup\\trashtobigas\\public\\index.php')
CRITICAL - 2025-04-02 01:32:51 --> [Caused by] CodeIgniter\Database\Exceptions\DatabaseException: Unknown column 'inventory_table.id' in 'field list'
in SYSTEMPATH\Database\MySQLi\Connection.php on line 317.
 1 SYSTEMPATH\Database\BaseConnection.php(734): CodeIgniter\Database\MySQLi\Connection->execute('SELECT `redeemed_items`.`id`, `redeemed_items`.`user_id`, `redeemed_items`.`client_id`, `redeemed_items`.`product_id`, `redeemed_items`.`points_used`, `redeemed_items`.`redeem_Code`, `user_tbl`.`lastName`, `user_tbl`.`firstName`, `user_tbl`.`contactNo`, `inventory_table`.`id`, `inventory_table`.`item`, `registrationdb`.`id`, `registrationdb`.`idNumber`, `registrationdb`.`firstName`, `registrationdb`.`lastName`, `registrationdb`.`contactNo`
FROM `redeemed_items`
JOIN `user_tbl` ON `user_tbl`.`id` = `redeemed_items`.`user_id`
GROUP BY `redeemed_items`.`redeem_Code`')
 2 SYSTEMPATH\Database\BaseConnection.php(648): CodeIgniter\Database\BaseConnection->simpleQuery('SELECT `redeemed_items`.`id`, `redeemed_items`.`user_id`, `redeemed_items`.`client_id`, `redeemed_items`.`product_id`, `redeemed_items`.`points_used`, `redeemed_items`.`redeem_Code`, `user_tbl`.`lastName`, `user_tbl`.`firstName`, `user_tbl`.`contactNo`, `inventory_table`.`id`, `inventory_table`.`item`, `registrationdb`.`id`, `registrationdb`.`idNumber`, `registrationdb`.`firstName`, `registrationdb`.`lastName`, `registrationdb`.`contactNo`
FROM `redeemed_items`
JOIN `user_tbl` ON `user_tbl`.`id` = `redeemed_items`.`user_id`
GROUP BY `redeemed_items`.`redeem_Code`')
 3 SYSTEMPATH\Database\BaseBuilder.php(1644): CodeIgniter\Database\BaseConnection->query('SELECT `redeemed_items`.`id`, `redeemed_items`.`user_id`, `redeemed_items`.`client_id`, `redeemed_items`.`product_id`, `redeemed_items`.`points_used`, `redeemed_items`.`redeem_Code`, `user_tbl`.`lastName`, `user_tbl`.`firstName`, `user_tbl`.`contactNo`, `inventory_table`.`id`, `inventory_table`.`item`, `registrationdb`.`id`, `registrationdb`.`idNumber`, `registrationdb`.`firstName`, `registrationdb`.`lastName`, `registrationdb`.`contactNo`
FROM `redeemed_items`
JOIN `user_tbl` ON `user_tbl`.`id` = `redeemed_items`.`user_id`
GROUP BY `redeemed_items`.`redeem_Code`', [], false)
 4 SYSTEMPATH\Model.php(286): CodeIgniter\Database\BaseBuilder->get()
 5 SYSTEMPATH\BaseModel.php(676): CodeIgniter\Model->doFindAll(0, 0)
 6 APPPATH\Controllers\AdminController.php(524): CodeIgniter\BaseModel->findAll()
 7 SYSTEMPATH\CodeIgniter.php(933): App\Controllers\AdminController->redeemItemsHistory()
 8 SYSTEMPATH\CodeIgniter.php(509): CodeIgniter\CodeIgniter->runController(Object(App\Controllers\AdminController))
 9 SYSTEMPATH\CodeIgniter.php(355): CodeIgniter\CodeIgniter->handleRequest(null, Object(Config\Cache), false)
10 SYSTEMPATH\Boot.php(325): CodeIgniter\CodeIgniter->run()
11 SYSTEMPATH\Boot.php(67): CodeIgniter\Boot::runCodeIgniter(Object(CodeIgniter\CodeIgniter))
12 FCPATH\index.php(56): CodeIgniter\Boot::bootWeb(Object(Config\Paths))
13 SYSTEMPATH\rewrite.php(44): require_once('C:\\Backup\\trashtobigas\\public\\index.php')
CRITICAL - 2025-04-02 01:32:51 --> [Caused by] mysqli_sql_exception: Unknown column 'inventory_table.id' in 'field list'
in SYSTEMPATH\Database\MySQLi\Connection.php on line 312.
 1 SYSTEMPATH\Database\MySQLi\Connection.php(312): mysqli->query('SELECT `redeemed_items`.`id`, `redeemed_items`.`user_id`, `redeemed_items`.`client_id`, `redeemed_items`.`product_id`, `redeemed_items`.`points_used`, `redeemed_items`.`redeem_Code`, `user_tbl`.`lastName`, `user_tbl`.`firstName`, `user_tbl`.`contactNo`, `inventory_table`.`id`, `inventory_table`.`item`, `registrationdb`.`id`, `registrationdb`.`idNumber`, `registrationdb`.`firstName`, `registrationdb`.`lastName`, `registrationdb`.`contactNo`
FROM `redeemed_items`
JOIN `user_tbl` ON `user_tbl`.`id` = `redeemed_items`.`user_id`
GROUP BY `redeemed_items`.`redeem_Code`', 0)
 2 SYSTEMPATH\Database\BaseConnection.php(734): CodeIgniter\Database\MySQLi\Connection->execute('SELECT `redeemed_items`.`id`, `redeemed_items`.`user_id`, `redeemed_items`.`client_id`, `redeemed_items`.`product_id`, `redeemed_items`.`points_used`, `redeemed_items`.`redeem_Code`, `user_tbl`.`lastName`, `user_tbl`.`firstName`, `user_tbl`.`contactNo`, `inventory_table`.`id`, `inventory_table`.`item`, `registrationdb`.`id`, `registrationdb`.`idNumber`, `registrationdb`.`firstName`, `registrationdb`.`lastName`, `registrationdb`.`contactNo`
FROM `redeemed_items`
JOIN `user_tbl` ON `user_tbl`.`id` = `redeemed_items`.`user_id`
GROUP BY `redeemed_items`.`redeem_Code`')
 3 SYSTEMPATH\Database\BaseConnection.php(648): CodeIgniter\Database\BaseConnection->simpleQuery('SELECT `redeemed_items`.`id`, `redeemed_items`.`user_id`, `redeemed_items`.`client_id`, `redeemed_items`.`product_id`, `redeemed_items`.`points_used`, `redeemed_items`.`redeem_Code`, `user_tbl`.`lastName`, `user_tbl`.`firstName`, `user_tbl`.`contactNo`, `inventory_table`.`id`, `inventory_table`.`item`, `registrationdb`.`id`, `registrationdb`.`idNumber`, `registrationdb`.`firstName`, `registrationdb`.`lastName`, `registrationdb`.`contactNo`
FROM `redeemed_items`
JOIN `user_tbl` ON `user_tbl`.`id` = `redeemed_items`.`user_id`
GROUP BY `redeemed_items`.`redeem_Code`')
 4 SYSTEMPATH\Database\BaseBuilder.php(1644): CodeIgniter\Database\BaseConnection->query('SELECT `redeemed_items`.`id`, `redeemed_items`.`user_id`, `redeemed_items`.`client_id`, `redeemed_items`.`product_id`, `redeemed_items`.`points_used`, `redeemed_items`.`redeem_Code`, `user_tbl`.`lastName`, `user_tbl`.`firstName`, `user_tbl`.`contactNo`, `inventory_table`.`id`, `inventory_table`.`item`, `registrationdb`.`id`, `registrationdb`.`idNumber`, `registrationdb`.`firstName`, `registrationdb`.`lastName`, `registrationdb`.`contactNo`
FROM `redeemed_items`
JOIN `user_tbl` ON `user_tbl`.`id` = `redeemed_items`.`user_id`
GROUP BY `redeemed_items`.`redeem_Code`', [], false)
 5 SYSTEMPATH\Model.php(286): CodeIgniter\Database\BaseBuilder->get()
 6 SYSTEMPATH\BaseModel.php(676): CodeIgniter\Model->doFindAll(0, 0)
 7 APPPATH\Controllers\AdminController.php(524): CodeIgniter\BaseModel->findAll()
 8 SYSTEMPATH\CodeIgniter.php(933): App\Controllers\AdminController->redeemItemsHistory()
 9 SYSTEMPATH\CodeIgniter.php(509): CodeIgniter\CodeIgniter->runController(Object(App\Controllers\AdminController))
10 SYSTEMPATH\CodeIgniter.php(355): CodeIgniter\CodeIgniter->handleRequest(null, Object(Config\Cache), false)
11 SYSTEMPATH\Boot.php(325): CodeIgniter\CodeIgniter->run()
12 SYSTEMPATH\Boot.php(67): CodeIgniter\Boot::runCodeIgniter(Object(CodeIgniter\CodeIgniter))
13 FCPATH\index.php(56): CodeIgniter\Boot::bootWeb(Object(Config\Paths))
14 SYSTEMPATH\rewrite.php(44): require_once('C:\\Backup\\trashtobigas\\public\\index.php')
ERROR - 2025-04-02 01:33:40 --> mysqli_sql_exception: Unknown column 'registrationdb.id' in 'field list' in C:\Backup\trashtobigas\system\Database\MySQLi\Connection.php:312
Stack trace:
#0 C:\Backup\trashtobigas\system\Database\MySQLi\Connection.php(312): mysqli->query('SELECT `redeeme...', 0)
#1 C:\Backup\trashtobigas\system\Database\BaseConnection.php(734): CodeIgniter\Database\MySQLi\Connection->execute('SELECT `redeeme...')
#2 C:\Backup\trashtobigas\system\Database\BaseConnection.php(648): CodeIgniter\Database\BaseConnection->simpleQuery('SELECT `redeeme...')
#3 C:\Backup\trashtobigas\system\Database\BaseBuilder.php(1644): CodeIgniter\Database\BaseConnection->query('SELECT `redeeme...', Array, false)
#4 C:\Backup\trashtobigas\system\Model.php(286): CodeIgniter\Database\BaseBuilder->get()
#5 C:\Backup\trashtobigas\system\BaseModel.php(676): CodeIgniter\Model->doFindAll(0, 0)
#6 C:\Backup\trashtobigas\app\Controllers\AdminController.php(525): CodeIgniter\BaseModel->findAll()
#7 C:\Backup\trashtobigas\system\CodeIgniter.php(933): App\Controllers\AdminController->redeemItemsHistory()
#8 C:\Backup\trashtobigas\system\CodeIgniter.php(509): CodeIgniter\CodeIgniter->runController(Object(App\Controllers\AdminController))
#9 C:\Backup\trashtobigas\system\CodeIgniter.php(355): CodeIgniter\CodeIgniter->handleRequest(NULL, Object(Config\Cache), false)
#10 C:\Backup\trashtobigas\system\Boot.php(325): CodeIgniter\CodeIgniter->run()
#11 C:\Backup\trashtobigas\system\Boot.php(67): CodeIgniter\Boot::runCodeIgniter(Object(CodeIgniter\CodeIgniter))
#12 C:\Backup\trashtobigas\public\index.php(56): CodeIgniter\Boot::bootWeb(Object(Config\Paths))
#13 C:\Backup\trashtobigas\system\rewrite.php(44): require_once('C:\\Backup\\trash...')
#14 {main}
CRITICAL - 2025-04-02 01:33:40 --> CodeIgniter\Database\Exceptions\DatabaseException: Unknown column 'registrationdb.id' in 'field list'
[Method: GET, Route: showredeemed]
in SYSTEMPATH\Database\BaseConnection.php on line 688.
 1 SYSTEMPATH\Database\BaseBuilder.php(1644): CodeIgniter\Database\BaseConnection->query('SELECT `redeemed_items`.`id`, `redeemed_items`.`user_id`, `redeemed_items`.`client_id`, `redeemed_items`.`product_id`, `redeemed_items`.`points_used`, `redeemed_items`.`redeem_Code`, `user_tbl`.`lastName`, `user_tbl`.`firstName`, `user_tbl`.`contactNo`, `inventory_table`.`id`, `inventory_table`.`item`, `registrationdb`.`id`, `registrationdb`.`idNumber`, `registrationdb`.`firstName`, `registrationdb`.`lastName`, `registrationdb`.`contactNo`
FROM `redeemed_items`
JOIN `user_tbl` ON `user_tbl`.`id` = `redeemed_items`.`user_id`
JOIN `inventory_table` ON `inventory_table`.`id` = `redeemed_items`.`product_id`
GROUP BY `redeemed_items`.`redeem_Code`', [], false)
 2 SYSTEMPATH\Model.php(286): CodeIgniter\Database\BaseBuilder->get()
 3 SYSTEMPATH\BaseModel.php(676): CodeIgniter\Model->doFindAll(0, 0)
 4 APPPATH\Controllers\AdminController.php(525): CodeIgniter\BaseModel->findAll()
 5 SYSTEMPATH\CodeIgniter.php(933): App\Controllers\AdminController->redeemItemsHistory()
 6 SYSTEMPATH\CodeIgniter.php(509): CodeIgniter\CodeIgniter->runController(Object(App\Controllers\AdminController))
 7 SYSTEMPATH\CodeIgniter.php(355): CodeIgniter\CodeIgniter->handleRequest(null, Object(Config\Cache), false)
 8 SYSTEMPATH\Boot.php(325): CodeIgniter\CodeIgniter->run()
 9 SYSTEMPATH\Boot.php(67): CodeIgniter\Boot::runCodeIgniter(Object(CodeIgniter\CodeIgniter))
10 FCPATH\index.php(56): CodeIgniter\Boot::bootWeb(Object(Config\Paths))
11 SYSTEMPATH\rewrite.php(44): require_once('C:\\Backup\\trashtobigas\\public\\index.php')
CRITICAL - 2025-04-02 01:33:40 --> [Caused by] CodeIgniter\Database\Exceptions\DatabaseException: Unknown column 'registrationdb.id' in 'field list'
in SYSTEMPATH\Database\MySQLi\Connection.php on line 317.
 1 SYSTEMPATH\Database\BaseConnection.php(734): CodeIgniter\Database\MySQLi\Connection->execute('SELECT `redeemed_items`.`id`, `redeemed_items`.`user_id`, `redeemed_items`.`client_id`, `redeemed_items`.`product_id`, `redeemed_items`.`points_used`, `redeemed_items`.`redeem_Code`, `user_tbl`.`lastName`, `user_tbl`.`firstName`, `user_tbl`.`contactNo`, `inventory_table`.`id`, `inventory_table`.`item`, `registrationdb`.`id`, `registrationdb`.`idNumber`, `registrationdb`.`firstName`, `registrationdb`.`lastName`, `registrationdb`.`contactNo`
FROM `redeemed_items`
JOIN `user_tbl` ON `user_tbl`.`id` = `redeemed_items`.`user_id`
JOIN `inventory_table` ON `inventory_table`.`id` = `redeemed_items`.`product_id`
GROUP BY `redeemed_items`.`redeem_Code`')
 2 SYSTEMPATH\Database\BaseConnection.php(648): CodeIgniter\Database\BaseConnection->simpleQuery('SELECT `redeemed_items`.`id`, `redeemed_items`.`user_id`, `redeemed_items`.`client_id`, `redeemed_items`.`product_id`, `redeemed_items`.`points_used`, `redeemed_items`.`redeem_Code`, `user_tbl`.`lastName`, `user_tbl`.`firstName`, `user_tbl`.`contactNo`, `inventory_table`.`id`, `inventory_table`.`item`, `registrationdb`.`id`, `registrationdb`.`idNumber`, `registrationdb`.`firstName`, `registrationdb`.`lastName`, `registrationdb`.`contactNo`
FROM `redeemed_items`
JOIN `user_tbl` ON `user_tbl`.`id` = `redeemed_items`.`user_id`
JOIN `inventory_table` ON `inventory_table`.`id` = `redeemed_items`.`product_id`
GROUP BY `redeemed_items`.`redeem_Code`')
 3 SYSTEMPATH\Database\BaseBuilder.php(1644): CodeIgniter\Database\BaseConnection->query('SELECT `redeemed_items`.`id`, `redeemed_items`.`user_id`, `redeemed_items`.`client_id`, `redeemed_items`.`product_id`, `redeemed_items`.`points_used`, `redeemed_items`.`redeem_Code`, `user_tbl`.`lastName`, `user_tbl`.`firstName`, `user_tbl`.`contactNo`, `inventory_table`.`id`, `inventory_table`.`item`, `registrationdb`.`id`, `registrationdb`.`idNumber`, `registrationdb`.`firstName`, `registrationdb`.`lastName`, `registrationdb`.`contactNo`
FROM `redeemed_items`
JOIN `user_tbl` ON `user_tbl`.`id` = `redeemed_items`.`user_id`
JOIN `inventory_table` ON `inventory_table`.`id` = `redeemed_items`.`product_id`
GROUP BY `redeemed_items`.`redeem_Code`', [], false)
 4 SYSTEMPATH\Model.php(286): CodeIgniter\Database\BaseBuilder->get()
 5 SYSTEMPATH\BaseModel.php(676): CodeIgniter\Model->doFindAll(0, 0)
 6 APPPATH\Controllers\AdminController.php(525): CodeIgniter\BaseModel->findAll()
 7 SYSTEMPATH\CodeIgniter.php(933): App\Controllers\AdminController->redeemItemsHistory()
 8 SYSTEMPATH\CodeIgniter.php(509): CodeIgniter\CodeIgniter->runController(Object(App\Controllers\AdminController))
 9 SYSTEMPATH\CodeIgniter.php(355): CodeIgniter\CodeIgniter->handleRequest(null, Object(Config\Cache), false)
10 SYSTEMPATH\Boot.php(325): CodeIgniter\CodeIgniter->run()
11 SYSTEMPATH\Boot.php(67): CodeIgniter\Boot::runCodeIgniter(Object(CodeIgniter\CodeIgniter))
12 FCPATH\index.php(56): CodeIgniter\Boot::bootWeb(Object(Config\Paths))
13 SYSTEMPATH\rewrite.php(44): require_once('C:\\Backup\\trashtobigas\\public\\index.php')
CRITICAL - 2025-04-02 01:33:40 --> [Caused by] mysqli_sql_exception: Unknown column 'registrationdb.id' in 'field list'
in SYSTEMPATH\Database\MySQLi\Connection.php on line 312.
 1 SYSTEMPATH\Database\MySQLi\Connection.php(312): mysqli->query('SELECT `redeemed_items`.`id`, `redeemed_items`.`user_id`, `redeemed_items`.`client_id`, `redeemed_items`.`product_id`, `redeemed_items`.`points_used`, `redeemed_items`.`redeem_Code`, `user_tbl`.`lastName`, `user_tbl`.`firstName`, `user_tbl`.`contactNo`, `inventory_table`.`id`, `inventory_table`.`item`, `registrationdb`.`id`, `registrationdb`.`idNumber`, `registrationdb`.`firstName`, `registrationdb`.`lastName`, `registrationdb`.`contactNo`
FROM `redeemed_items`
JOIN `user_tbl` ON `user_tbl`.`id` = `redeemed_items`.`user_id`
JOIN `inventory_table` ON `inventory_table`.`id` = `redeemed_items`.`product_id`
GROUP BY `redeemed_items`.`redeem_Code`', 0)
 2 SYSTEMPATH\Database\BaseConnection.php(734): CodeIgniter\Database\MySQLi\Connection->execute('SELECT `redeemed_items`.`id`, `redeemed_items`.`user_id`, `redeemed_items`.`client_id`, `redeemed_items`.`product_id`, `redeemed_items`.`points_used`, `redeemed_items`.`redeem_Code`, `user_tbl`.`lastName`, `user_tbl`.`firstName`, `user_tbl`.`contactNo`, `inventory_table`.`id`, `inventory_table`.`item`, `registrationdb`.`id`, `registrationdb`.`idNumber`, `registrationdb`.`firstName`, `registrationdb`.`lastName`, `registrationdb`.`contactNo`
FROM `redeemed_items`
JOIN `user_tbl` ON `user_tbl`.`id` = `redeemed_items`.`user_id`
JOIN `inventory_table` ON `inventory_table`.`id` = `redeemed_items`.`product_id`
GROUP BY `redeemed_items`.`redeem_Code`')
 3 SYSTEMPATH\Database\BaseConnection.php(648): CodeIgniter\Database\BaseConnection->simpleQuery('SELECT `redeemed_items`.`id`, `redeemed_items`.`user_id`, `redeemed_items`.`client_id`, `redeemed_items`.`product_id`, `redeemed_items`.`points_used`, `redeemed_items`.`redeem_Code`, `user_tbl`.`lastName`, `user_tbl`.`firstName`, `user_tbl`.`contactNo`, `inventory_table`.`id`, `inventory_table`.`item`, `registrationdb`.`id`, `registrationdb`.`idNumber`, `registrationdb`.`firstName`, `registrationdb`.`lastName`, `registrationdb`.`contactNo`
FROM `redeemed_items`
JOIN `user_tbl` ON `user_tbl`.`id` = `redeemed_items`.`user_id`
JOIN `inventory_table` ON `inventory_table`.`id` = `redeemed_items`.`product_id`
GROUP BY `redeemed_items`.`redeem_Code`')
 4 SYSTEMPATH\Database\BaseBuilder.php(1644): CodeIgniter\Database\BaseConnection->query('SELECT `redeemed_items`.`id`, `redeemed_items`.`user_id`, `redeemed_items`.`client_id`, `redeemed_items`.`product_id`, `redeemed_items`.`points_used`, `redeemed_items`.`redeem_Code`, `user_tbl`.`lastName`, `user_tbl`.`firstName`, `user_tbl`.`contactNo`, `inventory_table`.`id`, `inventory_table`.`item`, `registrationdb`.`id`, `registrationdb`.`idNumber`, `registrationdb`.`firstName`, `registrationdb`.`lastName`, `registrationdb`.`contactNo`
FROM `redeemed_items`
JOIN `user_tbl` ON `user_tbl`.`id` = `redeemed_items`.`user_id`
JOIN `inventory_table` ON `inventory_table`.`id` = `redeemed_items`.`product_id`
GROUP BY `redeemed_items`.`redeem_Code`', [], false)
 5 SYSTEMPATH\Model.php(286): CodeIgniter\Database\BaseBuilder->get()
 6 SYSTEMPATH\BaseModel.php(676): CodeIgniter\Model->doFindAll(0, 0)
 7 APPPATH\Controllers\AdminController.php(525): CodeIgniter\BaseModel->findAll()
 8 SYSTEMPATH\CodeIgniter.php(933): App\Controllers\AdminController->redeemItemsHistory()
 9 SYSTEMPATH\CodeIgniter.php(509): CodeIgniter\CodeIgniter->runController(Object(App\Controllers\AdminController))
10 SYSTEMPATH\CodeIgniter.php(355): CodeIgniter\CodeIgniter->handleRequest(null, Object(Config\Cache), false)
11 SYSTEMPATH\Boot.php(325): CodeIgniter\CodeIgniter->run()
12 SYSTEMPATH\Boot.php(67): CodeIgniter\Boot::runCodeIgniter(Object(CodeIgniter\CodeIgniter))
13 FCPATH\index.php(56): CodeIgniter\Boot::bootWeb(Object(Config\Paths))
14 SYSTEMPATH\rewrite.php(44): require_once('C:\\Backup\\trashtobigas\\public\\index.php')
ERROR - 2025-04-02 01:33:43 --> mysqli_sql_exception: Unknown column 'registrationdb.id' in 'field list' in C:\Backup\trashtobigas\system\Database\MySQLi\Connection.php:312
Stack trace:
#0 C:\Backup\trashtobigas\system\Database\MySQLi\Connection.php(312): mysqli->query('SELECT `redeeme...', 0)
#1 C:\Backup\trashtobigas\system\Database\BaseConnection.php(734): CodeIgniter\Database\MySQLi\Connection->execute('SELECT `redeeme...')
#2 C:\Backup\trashtobigas\system\Database\BaseConnection.php(648): CodeIgniter\Database\BaseConnection->simpleQuery('SELECT `redeeme...')
#3 C:\Backup\trashtobigas\system\Database\BaseBuilder.php(1644): CodeIgniter\Database\BaseConnection->query('SELECT `redeeme...', Array, false)
#4 C:\Backup\trashtobigas\system\Model.php(286): CodeIgniter\Database\BaseBuilder->get()
#5 C:\Backup\trashtobigas\system\BaseModel.php(676): CodeIgniter\Model->doFindAll(0, 0)
#6 C:\Backup\trashtobigas\app\Controllers\AdminController.php(525): CodeIgniter\BaseModel->findAll()
#7 C:\Backup\trashtobigas\system\CodeIgniter.php(933): App\Controllers\AdminController->redeemItemsHistory()
#8 C:\Backup\trashtobigas\system\CodeIgniter.php(509): CodeIgniter\CodeIgniter->runController(Object(App\Controllers\AdminController))
#9 C:\Backup\trashtobigas\system\CodeIgniter.php(355): CodeIgniter\CodeIgniter->handleRequest(NULL, Object(Config\Cache), false)
#10 C:\Backup\trashtobigas\system\Boot.php(325): CodeIgniter\CodeIgniter->run()
#11 C:\Backup\trashtobigas\system\Boot.php(67): CodeIgniter\Boot::runCodeIgniter(Object(CodeIgniter\CodeIgniter))
#12 C:\Backup\trashtobigas\public\index.php(56): CodeIgniter\Boot::bootWeb(Object(Config\Paths))
#13 C:\Backup\trashtobigas\system\rewrite.php(44): require_once('C:\\Backup\\trash...')
#14 {main}
CRITICAL - 2025-04-02 01:33:43 --> CodeIgniter\Database\Exceptions\DatabaseException: Unknown column 'registrationdb.id' in 'field list'
[Method: GET, Route: showredeemed]
in SYSTEMPATH\Database\BaseConnection.php on line 688.
 1 SYSTEMPATH\Database\BaseBuilder.php(1644): CodeIgniter\Database\BaseConnection->query('SELECT `redeemed_items`.`id`, `redeemed_items`.`user_id`, `redeemed_items`.`client_id`, `redeemed_items`.`product_id`, `redeemed_items`.`points_used`, `redeemed_items`.`redeem_Code`, `user_tbl`.`lastName`, `user_tbl`.`firstName`, `user_tbl`.`contactNo`, `inventory_table`.`id`, `inventory_table`.`item`, `registrationdb`.`id`, `registrationdb`.`idNumber`, `registrationdb`.`firstName`, `registrationdb`.`lastName`, `registrationdb`.`contactNo`
FROM `redeemed_items`
JOIN `user_tbl` ON `user_tbl`.`id` = `redeemed_items`.`user_id`
JOIN `inventory_table` ON `inventory_table`.`id` = `redeemed_items`.`product_id`
GROUP BY `redeemed_items`.`redeem_Code`', [], false)
 2 SYSTEMPATH\Model.php(286): CodeIgniter\Database\BaseBuilder->get()
 3 SYSTEMPATH\BaseModel.php(676): CodeIgniter\Model->doFindAll(0, 0)
 4 APPPATH\Controllers\AdminController.php(525): CodeIgniter\BaseModel->findAll()
 5 SYSTEMPATH\CodeIgniter.php(933): App\Controllers\AdminController->redeemItemsHistory()
 6 SYSTEMPATH\CodeIgniter.php(509): CodeIgniter\CodeIgniter->runController(Object(App\Controllers\AdminController))
 7 SYSTEMPATH\CodeIgniter.php(355): CodeIgniter\CodeIgniter->handleRequest(null, Object(Config\Cache), false)
 8 SYSTEMPATH\Boot.php(325): CodeIgniter\CodeIgniter->run()
 9 SYSTEMPATH\Boot.php(67): CodeIgniter\Boot::runCodeIgniter(Object(CodeIgniter\CodeIgniter))
10 FCPATH\index.php(56): CodeIgniter\Boot::bootWeb(Object(Config\Paths))
11 SYSTEMPATH\rewrite.php(44): require_once('C:\\Backup\\trashtobigas\\public\\index.php')
CRITICAL - 2025-04-02 01:33:43 --> [Caused by] CodeIgniter\Database\Exceptions\DatabaseException: Unknown column 'registrationdb.id' in 'field list'
in SYSTEMPATH\Database\MySQLi\Connection.php on line 317.
 1 SYSTEMPATH\Database\BaseConnection.php(734): CodeIgniter\Database\MySQLi\Connection->execute('SELECT `redeemed_items`.`id`, `redeemed_items`.`user_id`, `redeemed_items`.`client_id`, `redeemed_items`.`product_id`, `redeemed_items`.`points_used`, `redeemed_items`.`redeem_Code`, `user_tbl`.`lastName`, `user_tbl`.`firstName`, `user_tbl`.`contactNo`, `inventory_table`.`id`, `inventory_table`.`item`, `registrationdb`.`id`, `registrationdb`.`idNumber`, `registrationdb`.`firstName`, `registrationdb`.`lastName`, `registrationdb`.`contactNo`
FROM `redeemed_items`
JOIN `user_tbl` ON `user_tbl`.`id` = `redeemed_items`.`user_id`
JOIN `inventory_table` ON `inventory_table`.`id` = `redeemed_items`.`product_id`
GROUP BY `redeemed_items`.`redeem_Code`')
 2 SYSTEMPATH\Database\BaseConnection.php(648): CodeIgniter\Database\BaseConnection->simpleQuery('SELECT `redeemed_items`.`id`, `redeemed_items`.`user_id`, `redeemed_items`.`client_id`, `redeemed_items`.`product_id`, `redeemed_items`.`points_used`, `redeemed_items`.`redeem_Code`, `user_tbl`.`lastName`, `user_tbl`.`firstName`, `user_tbl`.`contactNo`, `inventory_table`.`id`, `inventory_table`.`item`, `registrationdb`.`id`, `registrationdb`.`idNumber`, `registrationdb`.`firstName`, `registrationdb`.`lastName`, `registrationdb`.`contactNo`
FROM `redeemed_items`
JOIN `user_tbl` ON `user_tbl`.`id` = `redeemed_items`.`user_id`
JOIN `inventory_table` ON `inventory_table`.`id` = `redeemed_items`.`product_id`
GROUP BY `redeemed_items`.`redeem_Code`')
 3 SYSTEMPATH\Database\BaseBuilder.php(1644): CodeIgniter\Database\BaseConnection->query('SELECT `redeemed_items`.`id`, `redeemed_items`.`user_id`, `redeemed_items`.`client_id`, `redeemed_items`.`product_id`, `redeemed_items`.`points_used`, `redeemed_items`.`redeem_Code`, `user_tbl`.`lastName`, `user_tbl`.`firstName`, `user_tbl`.`contactNo`, `inventory_table`.`id`, `inventory_table`.`item`, `registrationdb`.`id`, `registrationdb`.`idNumber`, `registrationdb`.`firstName`, `registrationdb`.`lastName`, `registrationdb`.`contactNo`
FROM `redeemed_items`
JOIN `user_tbl` ON `user_tbl`.`id` = `redeemed_items`.`user_id`
JOIN `inventory_table` ON `inventory_table`.`id` = `redeemed_items`.`product_id`
GROUP BY `redeemed_items`.`redeem_Code`', [], false)
 4 SYSTEMPATH\Model.php(286): CodeIgniter\Database\BaseBuilder->get()
 5 SYSTEMPATH\BaseModel.php(676): CodeIgniter\Model->doFindAll(0, 0)
 6 APPPATH\Controllers\AdminController.php(525): CodeIgniter\BaseModel->findAll()
 7 SYSTEMPATH\CodeIgniter.php(933): App\Controllers\AdminController->redeemItemsHistory()
 8 SYSTEMPATH\CodeIgniter.php(509): CodeIgniter\CodeIgniter->runController(Object(App\Controllers\AdminController))
 9 SYSTEMPATH\CodeIgniter.php(355): CodeIgniter\CodeIgniter->handleRequest(null, Object(Config\Cache), false)
10 SYSTEMPATH\Boot.php(325): CodeIgniter\CodeIgniter->run()
11 SYSTEMPATH\Boot.php(67): CodeIgniter\Boot::runCodeIgniter(Object(CodeIgniter\CodeIgniter))
12 FCPATH\index.php(56): CodeIgniter\Boot::bootWeb(Object(Config\Paths))
13 SYSTEMPATH\rewrite.php(44): require_once('C:\\Backup\\trashtobigas\\public\\index.php')
CRITICAL - 2025-04-02 01:33:43 --> [Caused by] mysqli_sql_exception: Unknown column 'registrationdb.id' in 'field list'
in SYSTEMPATH\Database\MySQLi\Connection.php on line 312.
 1 SYSTEMPATH\Database\MySQLi\Connection.php(312): mysqli->query('SELECT `redeemed_items`.`id`, `redeemed_items`.`user_id`, `redeemed_items`.`client_id`, `redeemed_items`.`product_id`, `redeemed_items`.`points_used`, `redeemed_items`.`redeem_Code`, `user_tbl`.`lastName`, `user_tbl`.`firstName`, `user_tbl`.`contactNo`, `inventory_table`.`id`, `inventory_table`.`item`, `registrationdb`.`id`, `registrationdb`.`idNumber`, `registrationdb`.`firstName`, `registrationdb`.`lastName`, `registrationdb`.`contactNo`
FROM `redeemed_items`
JOIN `user_tbl` ON `user_tbl`.`id` = `redeemed_items`.`user_id`
JOIN `inventory_table` ON `inventory_table`.`id` = `redeemed_items`.`product_id`
GROUP BY `redeemed_items`.`redeem_Code`', 0)
 2 SYSTEMPATH\Database\BaseConnection.php(734): CodeIgniter\Database\MySQLi\Connection->execute('SELECT `redeemed_items`.`id`, `redeemed_items`.`user_id`, `redeemed_items`.`client_id`, `redeemed_items`.`product_id`, `redeemed_items`.`points_used`, `redeemed_items`.`redeem_Code`, `user_tbl`.`lastName`, `user_tbl`.`firstName`, `user_tbl`.`contactNo`, `inventory_table`.`id`, `inventory_table`.`item`, `registrationdb`.`id`, `registrationdb`.`idNumber`, `registrationdb`.`firstName`, `registrationdb`.`lastName`, `registrationdb`.`contactNo`
FROM `redeemed_items`
JOIN `user_tbl` ON `user_tbl`.`id` = `redeemed_items`.`user_id`
JOIN `inventory_table` ON `inventory_table`.`id` = `redeemed_items`.`product_id`
GROUP BY `redeemed_items`.`redeem_Code`')
 3 SYSTEMPATH\Database\BaseConnection.php(648): CodeIgniter\Database\BaseConnection->simpleQuery('SELECT `redeemed_items`.`id`, `redeemed_items`.`user_id`, `redeemed_items`.`client_id`, `redeemed_items`.`product_id`, `redeemed_items`.`points_used`, `redeemed_items`.`redeem_Code`, `user_tbl`.`lastName`, `user_tbl`.`firstName`, `user_tbl`.`contactNo`, `inventory_table`.`id`, `inventory_table`.`item`, `registrationdb`.`id`, `registrationdb`.`idNumber`, `registrationdb`.`firstName`, `registrationdb`.`lastName`, `registrationdb`.`contactNo`
FROM `redeemed_items`
JOIN `user_tbl` ON `user_tbl`.`id` = `redeemed_items`.`user_id`
JOIN `inventory_table` ON `inventory_table`.`id` = `redeemed_items`.`product_id`
GROUP BY `redeemed_items`.`redeem_Code`')
 4 SYSTEMPATH\Database\BaseBuilder.php(1644): CodeIgniter\Database\BaseConnection->query('SELECT `redeemed_items`.`id`, `redeemed_items`.`user_id`, `redeemed_items`.`client_id`, `redeemed_items`.`product_id`, `redeemed_items`.`points_used`, `redeemed_items`.`redeem_Code`, `user_tbl`.`lastName`, `user_tbl`.`firstName`, `user_tbl`.`contactNo`, `inventory_table`.`id`, `inventory_table`.`item`, `registrationdb`.`id`, `registrationdb`.`idNumber`, `registrationdb`.`firstName`, `registrationdb`.`lastName`, `registrationdb`.`contactNo`
FROM `redeemed_items`
JOIN `user_tbl` ON `user_tbl`.`id` = `redeemed_items`.`user_id`
JOIN `inventory_table` ON `inventory_table`.`id` = `redeemed_items`.`product_id`
GROUP BY `redeemed_items`.`redeem_Code`', [], false)
 5 SYSTEMPATH\Model.php(286): CodeIgniter\Database\BaseBuilder->get()
 6 SYSTEMPATH\BaseModel.php(676): CodeIgniter\Model->doFindAll(0, 0)
 7 APPPATH\Controllers\AdminController.php(525): CodeIgniter\BaseModel->findAll()
 8 SYSTEMPATH\CodeIgniter.php(933): App\Controllers\AdminController->redeemItemsHistory()
 9 SYSTEMPATH\CodeIgniter.php(509): CodeIgniter\CodeIgniter->runController(Object(App\Controllers\AdminController))
10 SYSTEMPATH\CodeIgniter.php(355): CodeIgniter\CodeIgniter->handleRequest(null, Object(Config\Cache), false)
11 SYSTEMPATH\Boot.php(325): CodeIgniter\CodeIgniter->run()
12 SYSTEMPATH\Boot.php(67): CodeIgniter\Boot::runCodeIgniter(Object(CodeIgniter\CodeIgniter))
13 FCPATH\index.php(56): CodeIgniter\Boot::bootWeb(Object(Config\Paths))
14 SYSTEMPATH\rewrite.php(44): require_once('C:\\Backup\\trashtobigas\\public\\index.php')
CRITICAL - 2025-04-02 02:10:57 --> CodeIgniter\View\Exceptions\ViewException: Invalid file: "admin/viewRedeemPoints.php"
[Method: GET, Route: showredeemed]
in SYSTEMPATH\Exceptions\FrameworkException.php on line 41.
 1 SYSTEMPATH\View\View.php(222): CodeIgniter\Exceptions\FrameworkException::forInvalidFile('admin/viewRedeemPoints.php')
 2 SYSTEMPATH\Common.php(1171): CodeIgniter\View\View->render('admin/viewRedeemPoints', [], true)
 3 APPPATH\Controllers\AdminController.php(530): view('admin/viewRedeemPoints')
 4 SYSTEMPATH\CodeIgniter.php(933): App\Controllers\AdminController->redeemItemsHistory()
 5 SYSTEMPATH\CodeIgniter.php(509): CodeIgniter\CodeIgniter->runController(Object(App\Controllers\AdminController))
 6 SYSTEMPATH\CodeIgniter.php(355): CodeIgniter\CodeIgniter->handleRequest(null, Object(Config\Cache), false)
 7 SYSTEMPATH\Boot.php(325): CodeIgniter\CodeIgniter->run()
 8 SYSTEMPATH\Boot.php(67): CodeIgniter\Boot::runCodeIgniter(Object(CodeIgniter\CodeIgniter))
 9 FCPATH\index.php(56): CodeIgniter\Boot::bootWeb(Object(Config\Paths))
10 SYSTEMPATH\rewrite.php(44): require_once('C:\\Backup\\trashtobigas\\public\\index.php')
CRITICAL - 2025-04-02 02:13:40 --> CodeIgniter\View\Exceptions\ViewException: Invalid file: "admin/viewRedeemPoints.php"
[Method: GET, Route: showredeemed]
in SYSTEMPATH\Exceptions\FrameworkException.php on line 41.
 1 SYSTEMPATH\View\View.php(222): CodeIgniter\Exceptions\FrameworkException::forInvalidFile('admin/viewRedeemPoints.php')
 2 SYSTEMPATH\Common.php(1171): CodeIgniter\View\View->render('admin/viewRedeemPoints', [], true)
 3 APPPATH\Controllers\AdminController.php(530): view('admin/viewRedeemPoints')
 4 SYSTEMPATH\CodeIgniter.php(933): App\Controllers\AdminController->redeemItemsHistory()
 5 SYSTEMPATH\CodeIgniter.php(509): CodeIgniter\CodeIgniter->runController(Object(App\Controllers\AdminController))
 6 SYSTEMPATH\CodeIgniter.php(355): CodeIgniter\CodeIgniter->handleRequest(null, Object(Config\Cache), false)
 7 SYSTEMPATH\Boot.php(325): CodeIgniter\CodeIgniter->run()
 8 SYSTEMPATH\Boot.php(67): CodeIgniter\Boot::runCodeIgniter(Object(CodeIgniter\CodeIgniter))
 9 FCPATH\index.php(56): CodeIgniter\Boot::bootWeb(Object(Config\Paths))
10 SYSTEMPATH\rewrite.php(44): require_once('C:\\Backup\\trashtobigas\\public\\index.php')
CRITICAL - 2025-04-02 02:18:15 --> ParseError: syntax error, unexpected end of file
[Method: GET, Route: showredeemed]
in APPPATH\Views\admin\viewRedeemPoints.php on line 35.
 1 SYSTEMPATH\View\View.php(237): CodeIgniter\View\View->CodeIgniter\View\{closure}()
 2 SYSTEMPATH\Common.php(1171): CodeIgniter\View\View->render('admin/viewRedeemPoints', [], true)
 3 APPPATH\Controllers\AdminController.php(530): view('admin/viewRedeemPoints')
 4 SYSTEMPATH\CodeIgniter.php(933): App\Controllers\AdminController->redeemItemsHistory()
 5 SYSTEMPATH\CodeIgniter.php(509): CodeIgniter\CodeIgniter->runController(Object(App\Controllers\AdminController))
 6 SYSTEMPATH\CodeIgniter.php(355): CodeIgniter\CodeIgniter->handleRequest(null, Object(Config\Cache), false)
 7 SYSTEMPATH\Boot.php(325): CodeIgniter\CodeIgniter->run()
 8 SYSTEMPATH\Boot.php(67): CodeIgniter\Boot::runCodeIgniter(Object(CodeIgniter\CodeIgniter))
 9 FCPATH\index.php(56): CodeIgniter\Boot::bootWeb(Object(Config\Paths))
10 SYSTEMPATH\rewrite.php(44): require_once('C:\\Backup\\trashtobigas\\public\\index.php')
CRITICAL - 2025-04-02 02:18:41 --> ParseError: syntax error, unexpected end of file
[Method: GET, Route: showredeemed]
in APPPATH\Views\admin\viewRedeemPoints.php on line 35.
 1 SYSTEMPATH\View\View.php(237): CodeIgniter\View\View->CodeIgniter\View\{closure}()
 2 SYSTEMPATH\Common.php(1171): CodeIgniter\View\View->render('admin/viewRedeemPoints', [], true)
 3 APPPATH\Controllers\AdminController.php(530): view('admin/viewRedeemPoints')
 4 SYSTEMPATH\CodeIgniter.php(933): App\Controllers\AdminController->redeemItemsHistory()
 5 SYSTEMPATH\CodeIgniter.php(509): CodeIgniter\CodeIgniter->runController(Object(App\Controllers\AdminController))
 6 SYSTEMPATH\CodeIgniter.php(355): CodeIgniter\CodeIgniter->handleRequest(null, Object(Config\Cache), false)
 7 SYSTEMPATH\Boot.php(325): CodeIgniter\CodeIgniter->run()
 8 SYSTEMPATH\Boot.php(67): CodeIgniter\Boot::runCodeIgniter(Object(CodeIgniter\CodeIgniter))
 9 FCPATH\index.php(56): CodeIgniter\Boot::bootWeb(Object(Config\Paths))
10 SYSTEMPATH\rewrite.php(44): require_once('C:\\Backup\\trashtobigas\\public\\index.php')
CRITICAL - 2025-04-02 02:18:52 --> ParseError: syntax error, unexpected token ">", expecting end of file
[Method: GET, Route: showredeemed]
in APPPATH\Views\admin\viewRedeemPoints.php on line 33.
 1 SYSTEMPATH\View\View.php(237): CodeIgniter\View\View->CodeIgniter\View\{closure}()
 2 SYSTEMPATH\Common.php(1171): CodeIgniter\View\View->render('admin/viewRedeemPoints', [], true)
 3 APPPATH\Controllers\AdminController.php(530): view('admin/viewRedeemPoints')
 4 SYSTEMPATH\CodeIgniter.php(933): App\Controllers\AdminController->redeemItemsHistory()
 5 SYSTEMPATH\CodeIgniter.php(509): CodeIgniter\CodeIgniter->runController(Object(App\Controllers\AdminController))
 6 SYSTEMPATH\CodeIgniter.php(355): CodeIgniter\CodeIgniter->handleRequest(null, Object(Config\Cache), false)
 7 SYSTEMPATH\Boot.php(325): CodeIgniter\CodeIgniter->run()
 8 SYSTEMPATH\Boot.php(67): CodeIgniter\Boot::runCodeIgniter(Object(CodeIgniter\CodeIgniter))
 9 FCPATH\index.php(56): CodeIgniter\Boot::bootWeb(Object(Config\Paths))
10 SYSTEMPATH\rewrite.php(44): require_once('C:\\Backup\\trashtobigas\\public\\index.php')
CRITICAL - 2025-04-02 02:18:56 --> ErrorException: Undefined variable $redeem
[Method: GET, Route: showredeemed]
in APPPATH\Views\admin\viewRedeemPoints.php on line 22.
 1 APPPATH\Views\admin\viewRedeemPoints.php(22): CodeIgniter\Debug\Exceptions->errorHandler(2, 'Undefined variable $redeem', 'C:\\Backup\\trashtobigas\\app\\Views\\admin\\viewRedeemPoints.php', 22)
 2 SYSTEMPATH\View\View.php(234): include('C:\\Backup\\trashtobigas\\app\\Views\\admin\\viewRedeemPoints.php')
 3 SYSTEMPATH\View\View.php(237): CodeIgniter\View\View->CodeIgniter\View\{closure}()
 4 SYSTEMPATH\Common.php(1171): CodeIgniter\View\View->render('admin/viewRedeemPoints', [], true)
 5 APPPATH\Controllers\AdminController.php(530): view('admin/viewRedeemPoints')
 6 SYSTEMPATH\CodeIgniter.php(933): App\Controllers\AdminController->redeemItemsHistory()
 7 SYSTEMPATH\CodeIgniter.php(509): CodeIgniter\CodeIgniter->runController(Object(App\Controllers\AdminController))
 8 SYSTEMPATH\CodeIgniter.php(355): CodeIgniter\CodeIgniter->handleRequest(null, Object(Config\Cache), false)
 9 SYSTEMPATH\Boot.php(325): CodeIgniter\CodeIgniter->run()
10 SYSTEMPATH\Boot.php(67): CodeIgniter\Boot::runCodeIgniter(Object(CodeIgniter\CodeIgniter))
11 FCPATH\index.php(56): CodeIgniter\Boot::bootWeb(Object(Config\Paths))
12 SYSTEMPATH\rewrite.php(44): require_once('C:\\Backup\\trashtobigas\\public\\index.php')
CRITICAL - 2025-04-02 02:19:01 --> ErrorException: Undefined variable $redeem
[Method: GET, Route: showredeemed]
in APPPATH\Views\admin\viewRedeemPoints.php on line 22.
 1 APPPATH\Views\admin\viewRedeemPoints.php(22): CodeIgniter\Debug\Exceptions->errorHandler(2, 'Undefined variable $redeem', 'C:\\Backup\\trashtobigas\\app\\Views\\admin\\viewRedeemPoints.php', 22)
 2 SYSTEMPATH\View\View.php(234): include('C:\\Backup\\trashtobigas\\app\\Views\\admin\\viewRedeemPoints.php')
 3 SYSTEMPATH\View\View.php(237): CodeIgniter\View\View->CodeIgniter\View\{closure}()
 4 SYSTEMPATH\Common.php(1171): CodeIgniter\View\View->render('admin/viewRedeemPoints', [], true)
 5 APPPATH\Controllers\AdminController.php(530): view('admin/viewRedeemPoints')
 6 SYSTEMPATH\CodeIgniter.php(933): App\Controllers\AdminController->redeemItemsHistory()
 7 SYSTEMPATH\CodeIgniter.php(509): CodeIgniter\CodeIgniter->runController(Object(App\Controllers\AdminController))
 8 SYSTEMPATH\CodeIgniter.php(355): CodeIgniter\CodeIgniter->handleRequest(null, Object(Config\Cache), false)
 9 SYSTEMPATH\Boot.php(325): CodeIgniter\CodeIgniter->run()
10 SYSTEMPATH\Boot.php(67): CodeIgniter\Boot::runCodeIgniter(Object(CodeIgniter\CodeIgniter))
11 FCPATH\index.php(56): CodeIgniter\Boot::bootWeb(Object(Config\Paths))
12 SYSTEMPATH\rewrite.php(44): require_once('C:\\Backup\\trashtobigas\\public\\index.php')
CRITICAL - 2025-04-02 02:19:12 --> ErrorException: Undefined variable $redeem
[Method: GET, Route: showredeemed]
in APPPATH\Views\admin\viewRedeemPoints.php on line 22.
 1 APPPATH\Views\admin\viewRedeemPoints.php(22): CodeIgniter\Debug\Exceptions->errorHandler(2, 'Undefined variable $redeem', 'C:\\Backup\\trashtobigas\\app\\Views\\admin\\viewRedeemPoints.php', 22)
 2 SYSTEMPATH\View\View.php(234): include('C:\\Backup\\trashtobigas\\app\\Views\\admin\\viewRedeemPoints.php')
 3 SYSTEMPATH\View\View.php(237): CodeIgniter\View\View->CodeIgniter\View\{closure}()
 4 SYSTEMPATH\Common.php(1171): CodeIgniter\View\View->render('admin/viewRedeemPoints', [], true)
 5 APPPATH\Controllers\AdminController.php(530): view('admin/viewRedeemPoints')
 6 SYSTEMPATH\CodeIgniter.php(933): App\Controllers\AdminController->redeemItemsHistory()
 7 SYSTEMPATH\CodeIgniter.php(509): CodeIgniter\CodeIgniter->runController(Object(App\Controllers\AdminController))
 8 SYSTEMPATH\CodeIgniter.php(355): CodeIgniter\CodeIgniter->handleRequest(null, Object(Config\Cache), false)
 9 SYSTEMPATH\Boot.php(325): CodeIgniter\CodeIgniter->run()
10 SYSTEMPATH\Boot.php(67): CodeIgniter\Boot::runCodeIgniter(Object(CodeIgniter\CodeIgniter))
11 FCPATH\index.php(56): CodeIgniter\Boot::bootWeb(Object(Config\Paths))
12 SYSTEMPATH\rewrite.php(44): require_once('C:\\Backup\\trashtobigas\\public\\index.php')
