CRITICAL - 2025-03-23 16:06:46 --> CodeIgniter\HTTP\Exceptions\BadRequestException: The URI you submitted has disallowed characters: "<"
[Method: GET, Route: %3C]
in SYSTEMPATH\Router\Router.php on line 737.
 1 SYSTEMPATH\Router\Router.php(204): CodeIgniter\Router\Router->checkDisallowedChars('<')
 2 SYSTEMPATH\CodeIgniter.php(834): CodeIgniter\Router\Router->handle('<')
 3 SYSTEMPATH\CodeIgniter.php(457): CodeIgniter\CodeIgniter->tryToRouteIt(Object(CodeIgniter\Router\RouteCollection))
 4 SYSTEMPATH\CodeIgniter.php(355): CodeIgniter\CodeIgniter->handleRequest(null, Object(Config\Cache), false)
 5 SYSTEMPATH\Boot.php(325): CodeIgniter\CodeIgniter->run()
 6 SYSTEMPATH\Boot.php(67): CodeIgniter\Boot::runCodeIgniter(Object(CodeIgniter\CodeIgniter))
 7 FCPATH\index.php(56): CodeIgniter\Boot::bootWeb(Object(Config\Paths))
 8 SYSTEMPATH\rewrite.php(44): require_once('C:\\Backup\\trashtobigas\\public\\index.php')
CRITICAL - 2025-03-23 16:07:04 --> CodeIgniter\HTTP\Exceptions\BadRequestException: The URI you submitted has disallowed characters: "<"
[Method: GET, Route: %3C]
in SYSTEMPATH\Router\Router.php on line 737.
 1 SYSTEMPATH\Router\Router.php(204): CodeIgniter\Router\Router->checkDisallowedChars('<')
 2 SYSTEMPATH\CodeIgniter.php(834): CodeIgniter\Router\Router->handle('<')
 3 SYSTEMPATH\CodeIgniter.php(457): CodeIgniter\CodeIgniter->tryToRouteIt(Object(CodeIgniter\Router\RouteCollection))
 4 SYSTEMPATH\CodeIgniter.php(355): CodeIgniter\CodeIgniter->handleRequest(null, Object(Config\Cache), false)
 5 SYSTEMPATH\Boot.php(325): CodeIgniter\CodeIgniter->run()
 6 SYSTEMPATH\Boot.php(67): CodeIgniter\Boot::runCodeIgniter(Object(CodeIgniter\CodeIgniter))
 7 FCPATH\index.php(56): CodeIgniter\Boot::bootWeb(Object(Config\Paths))
 8 SYSTEMPATH\rewrite.php(44): require_once('C:\\Backup\\trashtobigas\\public\\index.php')
CRITICAL - 2025-03-23 16:07:22 --> CodeIgniter\HTTP\Exceptions\BadRequestException: The URI you submitted has disallowed characters: "<"
[Method: GET, Route: %3C]
in SYSTEMPATH\Router\Router.php on line 737.
 1 SYSTEMPATH\Router\Router.php(204): CodeIgniter\Router\Router->checkDisallowedChars('<')
 2 SYSTEMPATH\CodeIgniter.php(834): CodeIgniter\Router\Router->handle('<')
 3 SYSTEMPATH\CodeIgniter.php(457): CodeIgniter\CodeIgniter->tryToRouteIt(Object(CodeIgniter\Router\RouteCollection))
 4 SYSTEMPATH\CodeIgniter.php(355): CodeIgniter\CodeIgniter->handleRequest(null, Object(Config\Cache), false)
 5 SYSTEMPATH\Boot.php(325): CodeIgniter\CodeIgniter->run()
 6 SYSTEMPATH\Boot.php(67): CodeIgniter\Boot::runCodeIgniter(Object(CodeIgniter\CodeIgniter))
 7 FCPATH\index.php(56): CodeIgniter\Boot::bootWeb(Object(Config\Paths))
CRITICAL - 2025-03-23 16:08:23 --> ErrorException: include_once(include/offsetSidebar.php): Failed to open stream: No such file or directory
[Method: GET, Route: register]
in APPPATH\Views\register.php on line 239.
 1 APPPATH\Views\register.php(239): CodeIgniter\Debug\Exceptions->errorHandler(2, 'include_once(include/offsetSidebar.php): Failed to open stream: No such file or directory', 'C:\\Backup\\trashtobigas\\app\\Views\\register.php', 239)
 2 APPPATH\Views\register.php(239): include_once()
 3 SYSTEMPATH\View\View.php(234): include('C:\\Backup\\trashtobigas\\app\\Views\\register.php')
 4 SYSTEMPATH\View\View.php(237): CodeIgniter\View\View->CodeIgniter\View\{closure}()
 5 SYSTEMPATH\Common.php(1171): CodeIgniter\View\View->render('register', [], true)
 6 APPPATH\Controllers\AuthController.php(26): view('register')
 7 SYSTEMPATH\CodeIgniter.php(933): App\Controllers\AuthController->viewRegister()
 8 SYSTEMPATH\CodeIgniter.php(509): CodeIgniter\CodeIgniter->runController(Object(App\Controllers\AuthController))
 9 SYSTEMPATH\CodeIgniter.php(355): CodeIgniter\CodeIgniter->handleRequest(null, Object(Config\Cache), false)
10 SYSTEMPATH\Boot.php(325): CodeIgniter\CodeIgniter->run()
11 SYSTEMPATH\Boot.php(67): CodeIgniter\Boot::runCodeIgniter(Object(CodeIgniter\CodeIgniter))
12 FCPATH\index.php(56): CodeIgniter\Boot::bootWeb(Object(Config\Paths))
13 SYSTEMPATH\rewrite.php(44): require_once('C:\\Backup\\trashtobigas\\public\\index.php')
CRITICAL - 2025-03-23 16:23:41 --> ArgumentCountError: Too few arguments to function CodeIgniter\HTTP\Response::setJSON(), 0 passed in C:\Backup\trashtobigas\app\Controllers\AuthController.php on line 29 and at least 1 expected
[Method: GET, Route: getuser]
in SYSTEMPATH\HTTP\ResponseTrait.php on line 173.
 1 APPPATH\Controllers\AuthController.php(29): CodeIgniter\HTTP\Response->setJSON()
 2 SYSTEMPATH\CodeIgniter.php(933): App\Controllers\AuthController->showUser()
 3 SYSTEMPATH\CodeIgniter.php(509): CodeIgniter\CodeIgniter->runController(Object(App\Controllers\AuthController))
 4 SYSTEMPATH\CodeIgniter.php(355): CodeIgniter\CodeIgniter->handleRequest(null, Object(Config\Cache), false)
 5 SYSTEMPATH\Boot.php(325): CodeIgniter\CodeIgniter->run()
 6 SYSTEMPATH\Boot.php(67): CodeIgniter\Boot::runCodeIgniter(Object(CodeIgniter\CodeIgniter))
 7 FCPATH\index.php(56): CodeIgniter\Boot::bootWeb(Object(Config\Paths))
 8 SYSTEMPATH\rewrite.php(44): require_once('C:\\Backup\\trashtobigas\\public\\index.php')
CRITICAL - 2025-03-23 16:24:30 --> ArgumentCountError: Too few arguments to function CodeIgniter\HTTP\Response::setJSON(), 0 passed in C:\Backup\trashtobigas\app\Controllers\AuthController.php on line 29 and at least 1 expected
[Method: GET, Route: getuser]
in SYSTEMPATH\HTTP\ResponseTrait.php on line 173.
 1 APPPATH\Controllers\AuthController.php(29): CodeIgniter\HTTP\Response->setJSON()
 2 SYSTEMPATH\CodeIgniter.php(933): App\Controllers\AuthController->showUser()
 3 SYSTEMPATH\CodeIgniter.php(509): CodeIgniter\CodeIgniter->runController(Object(App\Controllers\AuthController))
 4 SYSTEMPATH\CodeIgniter.php(355): CodeIgniter\CodeIgniter->handleRequest(null, Object(Config\Cache), false)
 5 SYSTEMPATH\Boot.php(325): CodeIgniter\CodeIgniter->run()
 6 SYSTEMPATH\Boot.php(67): CodeIgniter\Boot::runCodeIgniter(Object(CodeIgniter\CodeIgniter))
 7 FCPATH\index.php(56): CodeIgniter\Boot::bootWeb(Object(Config\Paths))
 8 SYSTEMPATH\rewrite.php(44): require_once('C:\\Backup\\trashtobigas\\public\\index.php')
ERROR - 2025-03-23 16:35:27 --> mysqli_sql_exception: Column 'contactNo' cannot be null in C:\Backup\trashtobigas\system\Database\MySQLi\Connection.php:312
Stack trace:
#0 C:\Backup\trashtobigas\system\Database\MySQLi\Connection.php(312): mysqli->query('INSERT INTO `us...', 0)
#1 C:\Backup\trashtobigas\system\Database\BaseConnection.php(734): CodeIgniter\Database\MySQLi\Connection->execute('INSERT INTO `us...')
#2 C:\Backup\trashtobigas\system\Database\BaseConnection.php(648): CodeIgniter\Database\BaseConnection->simpleQuery('INSERT INTO `us...')
#3 C:\Backup\trashtobigas\system\Database\BaseBuilder.php(2340): CodeIgniter\Database\BaseConnection->query('INSERT INTO `us...', Array, false)
#4 C:\Backup\trashtobigas\system\Model.php(394): CodeIgniter\Database\BaseBuilder->insert()
#5 C:\Backup\trashtobigas\system\BaseModel.php(840): CodeIgniter\Model->doInsert(Array)
#6 C:\Backup\trashtobigas\system\Model.php(802): CodeIgniter\BaseModel->insert(Array, false)
#7 C:\Backup\trashtobigas\system\BaseModel.php(751): CodeIgniter\Model->insert(Array, false)
#8 C:\Backup\trashtobigas\app\Controllers\AuthController.php(50): CodeIgniter\BaseModel->save(Array)
#9 C:\Backup\trashtobigas\system\CodeIgniter.php(933): App\Controllers\AuthController->register()
#10 C:\Backup\trashtobigas\system\CodeIgniter.php(509): CodeIgniter\CodeIgniter->runController(Object(App\Controllers\AuthController))
#11 C:\Backup\trashtobigas\system\CodeIgniter.php(355): CodeIgniter\CodeIgniter->handleRequest(NULL, Object(Config\Cache), false)
#12 C:\Backup\trashtobigas\system\Boot.php(325): CodeIgniter\CodeIgniter->run()
#13 C:\Backup\trashtobigas\system\Boot.php(67): CodeIgniter\Boot::runCodeIgniter(Object(CodeIgniter\CodeIgniter))
#14 C:\Backup\trashtobigas\public\index.php(56): CodeIgniter\Boot::bootWeb(Object(Config\Paths))
#15 C:\Backup\trashtobigas\system\rewrite.php(44): require_once('C:\\Backup\\trash...')
#16 {main}
CRITICAL - 2025-03-23 16:35:27 --> CodeIgniter\Database\Exceptions\DatabaseException: Column 'contactNo' cannot be null
[Method: POST, Route: registerUser]
in SYSTEMPATH\Database\BaseConnection.php on line 688.
 1 SYSTEMPATH\Database\BaseBuilder.php(2340): CodeIgniter\Database\BaseConnection->query('INSERT INTO `user_tbl` (`lastName`, `firstName`, `contactNo`, `userName`, `password`) VALUES (:lastName:, :firstName:, :contactNo:, :userName:, :password:)', [...], false)
 2 SYSTEMPATH\Model.php(394): CodeIgniter\Database\BaseBuilder->insert()
 3 SYSTEMPATH\BaseModel.php(840): CodeIgniter\Model->doInsert([...])
 4 SYSTEMPATH\Model.php(802): CodeIgniter\BaseModel->insert([...], false)
 5 SYSTEMPATH\BaseModel.php(751): CodeIgniter\Model->insert([...], false)
 6 APPPATH\Controllers\AuthController.php(50): CodeIgniter\BaseModel->save([...])
 7 SYSTEMPATH\CodeIgniter.php(933): App\Controllers\AuthController->register()
 8 SYSTEMPATH\CodeIgniter.php(509): CodeIgniter\CodeIgniter->runController(Object(App\Controllers\AuthController))
 9 SYSTEMPATH\CodeIgniter.php(355): CodeIgniter\CodeIgniter->handleRequest(null, Object(Config\Cache), false)
10 SYSTEMPATH\Boot.php(325): CodeIgniter\CodeIgniter->run()
11 SYSTEMPATH\Boot.php(67): CodeIgniter\Boot::runCodeIgniter(Object(CodeIgniter\CodeIgniter))
12 FCPATH\index.php(56): CodeIgniter\Boot::bootWeb(Object(Config\Paths))
13 SYSTEMPATH\rewrite.php(44): require_once('C:\\Backup\\trashtobigas\\public\\index.php')
CRITICAL - 2025-03-23 16:35:27 --> [Caused by] CodeIgniter\Database\Exceptions\DatabaseException: Column 'contactNo' cannot be null
in SYSTEMPATH\Database\MySQLi\Connection.php on line 317.
 1 SYSTEMPATH\Database\BaseConnection.php(734): CodeIgniter\Database\MySQLi\Connection->execute('INSERT INTO `user_tbl` (`lastName`, `firstName`, `contactNo`, `userName`, `password`) VALUES (\'123\', \'Dan Keneth\', NULL, \'1234\', \'$2y$10$ruYNjyAgHq0csmp/pKuAReeTk36awHoDKpbdzsRBXmM3R3kxJ5whC\')')
 2 SYSTEMPATH\Database\BaseConnection.php(648): CodeIgniter\Database\BaseConnection->simpleQuery('INSERT INTO `user_tbl` (`lastName`, `firstName`, `contactNo`, `userName`, `password`) VALUES (\'123\', \'Dan Keneth\', NULL, \'1234\', \'$2y$10$ruYNjyAgHq0csmp/pKuAReeTk36awHoDKpbdzsRBXmM3R3kxJ5whC\')')
 3 SYSTEMPATH\Database\BaseBuilder.php(2340): CodeIgniter\Database\BaseConnection->query('INSERT INTO `user_tbl` (`lastName`, `firstName`, `contactNo`, `userName`, `password`) VALUES (:lastName:, :firstName:, :contactNo:, :userName:, :password:)', [...], false)
 4 SYSTEMPATH\Model.php(394): CodeIgniter\Database\BaseBuilder->insert()
 5 SYSTEMPATH\BaseModel.php(840): CodeIgniter\Model->doInsert([...])
 6 SYSTEMPATH\Model.php(802): CodeIgniter\BaseModel->insert([...], false)
 7 SYSTEMPATH\BaseModel.php(751): CodeIgniter\Model->insert([...], false)
 8 APPPATH\Controllers\AuthController.php(50): CodeIgniter\BaseModel->save([...])
 9 SYSTEMPATH\CodeIgniter.php(933): App\Controllers\AuthController->register()
10 SYSTEMPATH\CodeIgniter.php(509): CodeIgniter\CodeIgniter->runController(Object(App\Controllers\AuthController))
11 SYSTEMPATH\CodeIgniter.php(355): CodeIgniter\CodeIgniter->handleRequest(null, Object(Config\Cache), false)
12 SYSTEMPATH\Boot.php(325): CodeIgniter\CodeIgniter->run()
13 SYSTEMPATH\Boot.php(67): CodeIgniter\Boot::runCodeIgniter(Object(CodeIgniter\CodeIgniter))
14 FCPATH\index.php(56): CodeIgniter\Boot::bootWeb(Object(Config\Paths))
15 SYSTEMPATH\rewrite.php(44): require_once('C:\\Backup\\trashtobigas\\public\\index.php')
CRITICAL - 2025-03-23 16:35:27 --> [Caused by] mysqli_sql_exception: Column 'contactNo' cannot be null
in SYSTEMPATH\Database\MySQLi\Connection.php on line 312.
 1 SYSTEMPATH\Database\MySQLi\Connection.php(312): mysqli->query('INSERT INTO `user_tbl` (`lastName`, `firstName`, `contactNo`, `userName`, `password`) VALUES (\'123\', \'Dan Keneth\', NULL, \'1234\', \'$2y$10$ruYNjyAgHq0csmp/pKuAReeTk36awHoDKpbdzsRBXmM3R3kxJ5whC\')', 0)
 2 SYSTEMPATH\Database\BaseConnection.php(734): CodeIgniter\Database\MySQLi\Connection->execute('INSERT INTO `user_tbl` (`lastName`, `firstName`, `contactNo`, `userName`, `password`) VALUES (\'123\', \'Dan Keneth\', NULL, \'1234\', \'$2y$10$ruYNjyAgHq0csmp/pKuAReeTk36awHoDKpbdzsRBXmM3R3kxJ5whC\')')
 3 SYSTEMPATH\Database\BaseConnection.php(648): CodeIgniter\Database\BaseConnection->simpleQuery('INSERT INTO `user_tbl` (`lastName`, `firstName`, `contactNo`, `userName`, `password`) VALUES (\'123\', \'Dan Keneth\', NULL, \'1234\', \'$2y$10$ruYNjyAgHq0csmp/pKuAReeTk36awHoDKpbdzsRBXmM3R3kxJ5whC\')')
 4 SYSTEMPATH\Database\BaseBuilder.php(2340): CodeIgniter\Database\BaseConnection->query('INSERT INTO `user_tbl` (`lastName`, `firstName`, `contactNo`, `userName`, `password`) VALUES (:lastName:, :firstName:, :contactNo:, :userName:, :password:)', [...], false)
 5 SYSTEMPATH\Model.php(394): CodeIgniter\Database\BaseBuilder->insert()
 6 SYSTEMPATH\BaseModel.php(840): CodeIgniter\Model->doInsert([...])
 7 SYSTEMPATH\Model.php(802): CodeIgniter\BaseModel->insert([...], false)
 8 SYSTEMPATH\BaseModel.php(751): CodeIgniter\Model->insert([...], false)
 9 APPPATH\Controllers\AuthController.php(50): CodeIgniter\BaseModel->save([...])
10 SYSTEMPATH\CodeIgniter.php(933): App\Controllers\AuthController->register()
11 SYSTEMPATH\CodeIgniter.php(509): CodeIgniter\CodeIgniter->runController(Object(App\Controllers\AuthController))
12 SYSTEMPATH\CodeIgniter.php(355): CodeIgniter\CodeIgniter->handleRequest(null, Object(Config\Cache), false)
13 SYSTEMPATH\Boot.php(325): CodeIgniter\CodeIgniter->run()
14 SYSTEMPATH\Boot.php(67): CodeIgniter\Boot::runCodeIgniter(Object(CodeIgniter\CodeIgniter))
15 FCPATH\index.php(56): CodeIgniter\Boot::bootWeb(Object(Config\Paths))
16 SYSTEMPATH\rewrite.php(44): require_once('C:\\Backup\\trashtobigas\\public\\index.php')
ERROR - 2025-03-23 16:35:30 --> mysqli_sql_exception: Column 'contactNo' cannot be null in C:\Backup\trashtobigas\system\Database\MySQLi\Connection.php:312
Stack trace:
#0 C:\Backup\trashtobigas\system\Database\MySQLi\Connection.php(312): mysqli->query('INSERT INTO `us...', 0)
#1 C:\Backup\trashtobigas\system\Database\BaseConnection.php(734): CodeIgniter\Database\MySQLi\Connection->execute('INSERT INTO `us...')
#2 C:\Backup\trashtobigas\system\Database\BaseConnection.php(648): CodeIgniter\Database\BaseConnection->simpleQuery('INSERT INTO `us...')
#3 C:\Backup\trashtobigas\system\Database\BaseBuilder.php(2340): CodeIgniter\Database\BaseConnection->query('INSERT INTO `us...', Array, false)
#4 C:\Backup\trashtobigas\system\Model.php(394): CodeIgniter\Database\BaseBuilder->insert()
#5 C:\Backup\trashtobigas\system\BaseModel.php(840): CodeIgniter\Model->doInsert(Array)
#6 C:\Backup\trashtobigas\system\Model.php(802): CodeIgniter\BaseModel->insert(Array, false)
#7 C:\Backup\trashtobigas\system\BaseModel.php(751): CodeIgniter\Model->insert(Array, false)
#8 C:\Backup\trashtobigas\app\Controllers\AuthController.php(50): CodeIgniter\BaseModel->save(Array)
#9 C:\Backup\trashtobigas\system\CodeIgniter.php(933): App\Controllers\AuthController->register()
#10 C:\Backup\trashtobigas\system\CodeIgniter.php(509): CodeIgniter\CodeIgniter->runController(Object(App\Controllers\AuthController))
#11 C:\Backup\trashtobigas\system\CodeIgniter.php(355): CodeIgniter\CodeIgniter->handleRequest(NULL, Object(Config\Cache), false)
#12 C:\Backup\trashtobigas\system\Boot.php(325): CodeIgniter\CodeIgniter->run()
#13 C:\Backup\trashtobigas\system\Boot.php(67): CodeIgniter\Boot::runCodeIgniter(Object(CodeIgniter\CodeIgniter))
#14 C:\Backup\trashtobigas\public\index.php(56): CodeIgniter\Boot::bootWeb(Object(Config\Paths))
#15 C:\Backup\trashtobigas\system\rewrite.php(44): require_once('C:\\Backup\\trash...')
#16 {main}
CRITICAL - 2025-03-23 16:35:30 --> CodeIgniter\Database\Exceptions\DatabaseException: Column 'contactNo' cannot be null
[Method: POST, Route: registerUser]
in SYSTEMPATH\Database\BaseConnection.php on line 688.
 1 SYSTEMPATH\Database\BaseBuilder.php(2340): CodeIgniter\Database\BaseConnection->query('INSERT INTO `user_tbl` (`lastName`, `firstName`, `contactNo`, `userName`, `password`) VALUES (:lastName:, :firstName:, :contactNo:, :userName:, :password:)', [...], false)
 2 SYSTEMPATH\Model.php(394): CodeIgniter\Database\BaseBuilder->insert()
 3 SYSTEMPATH\BaseModel.php(840): CodeIgniter\Model->doInsert([...])
 4 SYSTEMPATH\Model.php(802): CodeIgniter\BaseModel->insert([...], false)
 5 SYSTEMPATH\BaseModel.php(751): CodeIgniter\Model->insert([...], false)
 6 APPPATH\Controllers\AuthController.php(50): CodeIgniter\BaseModel->save([...])
 7 SYSTEMPATH\CodeIgniter.php(933): App\Controllers\AuthController->register()
 8 SYSTEMPATH\CodeIgniter.php(509): CodeIgniter\CodeIgniter->runController(Object(App\Controllers\AuthController))
 9 SYSTEMPATH\CodeIgniter.php(355): CodeIgniter\CodeIgniter->handleRequest(null, Object(Config\Cache), false)
10 SYSTEMPATH\Boot.php(325): CodeIgniter\CodeIgniter->run()
11 SYSTEMPATH\Boot.php(67): CodeIgniter\Boot::runCodeIgniter(Object(CodeIgniter\CodeIgniter))
12 FCPATH\index.php(56): CodeIgniter\Boot::bootWeb(Object(Config\Paths))
13 SYSTEMPATH\rewrite.php(44): require_once('C:\\Backup\\trashtobigas\\public\\index.php')
CRITICAL - 2025-03-23 16:35:30 --> [Caused by] CodeIgniter\Database\Exceptions\DatabaseException: Column 'contactNo' cannot be null
in SYSTEMPATH\Database\MySQLi\Connection.php on line 317.
 1 SYSTEMPATH\Database\BaseConnection.php(734): CodeIgniter\Database\MySQLi\Connection->execute('INSERT INTO `user_tbl` (`lastName`, `firstName`, `contactNo`, `userName`, `password`) VALUES (\'123\', \'Dan Keneth\', NULL, \'1234\', \'$2y$10$ZqvYVJFP6muiBWTNkl4kuO71WEqu5.xGFqirvzGJjimAVcoedGntO\')')
 2 SYSTEMPATH\Database\BaseConnection.php(648): CodeIgniter\Database\BaseConnection->simpleQuery('INSERT INTO `user_tbl` (`lastName`, `firstName`, `contactNo`, `userName`, `password`) VALUES (\'123\', \'Dan Keneth\', NULL, \'1234\', \'$2y$10$ZqvYVJFP6muiBWTNkl4kuO71WEqu5.xGFqirvzGJjimAVcoedGntO\')')
 3 SYSTEMPATH\Database\BaseBuilder.php(2340): CodeIgniter\Database\BaseConnection->query('INSERT INTO `user_tbl` (`lastName`, `firstName`, `contactNo`, `userName`, `password`) VALUES (:lastName:, :firstName:, :contactNo:, :userName:, :password:)', [...], false)
 4 SYSTEMPATH\Model.php(394): CodeIgniter\Database\BaseBuilder->insert()
 5 SYSTEMPATH\BaseModel.php(840): CodeIgniter\Model->doInsert([...])
 6 SYSTEMPATH\Model.php(802): CodeIgniter\BaseModel->insert([...], false)
 7 SYSTEMPATH\BaseModel.php(751): CodeIgniter\Model->insert([...], false)
 8 APPPATH\Controllers\AuthController.php(50): CodeIgniter\BaseModel->save([...])
 9 SYSTEMPATH\CodeIgniter.php(933): App\Controllers\AuthController->register()
10 SYSTEMPATH\CodeIgniter.php(509): CodeIgniter\CodeIgniter->runController(Object(App\Controllers\AuthController))
11 SYSTEMPATH\CodeIgniter.php(355): CodeIgniter\CodeIgniter->handleRequest(null, Object(Config\Cache), false)
12 SYSTEMPATH\Boot.php(325): CodeIgniter\CodeIgniter->run()
13 SYSTEMPATH\Boot.php(67): CodeIgniter\Boot::runCodeIgniter(Object(CodeIgniter\CodeIgniter))
14 FCPATH\index.php(56): CodeIgniter\Boot::bootWeb(Object(Config\Paths))
15 SYSTEMPATH\rewrite.php(44): require_once('C:\\Backup\\trashtobigas\\public\\index.php')
CRITICAL - 2025-03-23 16:35:31 --> [Caused by] mysqli_sql_exception: Column 'contactNo' cannot be null
in SYSTEMPATH\Database\MySQLi\Connection.php on line 312.
 1 SYSTEMPATH\Database\MySQLi\Connection.php(312): mysqli->query('INSERT INTO `user_tbl` (`lastName`, `firstName`, `contactNo`, `userName`, `password`) VALUES (\'123\', \'Dan Keneth\', NULL, \'1234\', \'$2y$10$ZqvYVJFP6muiBWTNkl4kuO71WEqu5.xGFqirvzGJjimAVcoedGntO\')', 0)
 2 SYSTEMPATH\Database\BaseConnection.php(734): CodeIgniter\Database\MySQLi\Connection->execute('INSERT INTO `user_tbl` (`lastName`, `firstName`, `contactNo`, `userName`, `password`) VALUES (\'123\', \'Dan Keneth\', NULL, \'1234\', \'$2y$10$ZqvYVJFP6muiBWTNkl4kuO71WEqu5.xGFqirvzGJjimAVcoedGntO\')')
 3 SYSTEMPATH\Database\BaseConnection.php(648): CodeIgniter\Database\BaseConnection->simpleQuery('INSERT INTO `user_tbl` (`lastName`, `firstName`, `contactNo`, `userName`, `password`) VALUES (\'123\', \'Dan Keneth\', NULL, \'1234\', \'$2y$10$ZqvYVJFP6muiBWTNkl4kuO71WEqu5.xGFqirvzGJjimAVcoedGntO\')')
 4 SYSTEMPATH\Database\BaseBuilder.php(2340): CodeIgniter\Database\BaseConnection->query('INSERT INTO `user_tbl` (`lastName`, `firstName`, `contactNo`, `userName`, `password`) VALUES (:lastName:, :firstName:, :contactNo:, :userName:, :password:)', [...], false)
 5 SYSTEMPATH\Model.php(394): CodeIgniter\Database\BaseBuilder->insert()
 6 SYSTEMPATH\BaseModel.php(840): CodeIgniter\Model->doInsert([...])
 7 SYSTEMPATH\Model.php(802): CodeIgniter\BaseModel->insert([...], false)
 8 SYSTEMPATH\BaseModel.php(751): CodeIgniter\Model->insert([...], false)
 9 APPPATH\Controllers\AuthController.php(50): CodeIgniter\BaseModel->save([...])
10 SYSTEMPATH\CodeIgniter.php(933): App\Controllers\AuthController->register()
11 SYSTEMPATH\CodeIgniter.php(509): CodeIgniter\CodeIgniter->runController(Object(App\Controllers\AuthController))
12 SYSTEMPATH\CodeIgniter.php(355): CodeIgniter\CodeIgniter->handleRequest(null, Object(Config\Cache), false)
13 SYSTEMPATH\Boot.php(325): CodeIgniter\CodeIgniter->run()
14 SYSTEMPATH\Boot.php(67): CodeIgniter\Boot::runCodeIgniter(Object(CodeIgniter\CodeIgniter))
15 FCPATH\index.php(56): CodeIgniter\Boot::bootWeb(Object(Config\Paths))
16 SYSTEMPATH\rewrite.php(44): require_once('C:\\Backup\\trashtobigas\\public\\index.php')
ERROR - 2025-03-23 16:37:23 --> mysqli_sql_exception: Column 'contactNo' cannot be null in C:\Backup\trashtobigas\system\Database\MySQLi\Connection.php:312
Stack trace:
#0 C:\Backup\trashtobigas\system\Database\MySQLi\Connection.php(312): mysqli->query('INSERT INTO `us...', 0)
#1 C:\Backup\trashtobigas\system\Database\BaseConnection.php(734): CodeIgniter\Database\MySQLi\Connection->execute('INSERT INTO `us...')
#2 C:\Backup\trashtobigas\system\Database\BaseConnection.php(648): CodeIgniter\Database\BaseConnection->simpleQuery('INSERT INTO `us...')
#3 C:\Backup\trashtobigas\system\Database\BaseBuilder.php(2340): CodeIgniter\Database\BaseConnection->query('INSERT INTO `us...', Array, false)
#4 C:\Backup\trashtobigas\system\Model.php(394): CodeIgniter\Database\BaseBuilder->insert()
#5 C:\Backup\trashtobigas\system\BaseModel.php(840): CodeIgniter\Model->doInsert(Array)
#6 C:\Backup\trashtobigas\system\Model.php(802): CodeIgniter\BaseModel->insert(Array, false)
#7 C:\Backup\trashtobigas\system\BaseModel.php(751): CodeIgniter\Model->insert(Array, false)
#8 C:\Backup\trashtobigas\app\Controllers\AuthController.php(50): CodeIgniter\BaseModel->save(Array)
#9 C:\Backup\trashtobigas\system\CodeIgniter.php(933): App\Controllers\AuthController->register()
#10 C:\Backup\trashtobigas\system\CodeIgniter.php(509): CodeIgniter\CodeIgniter->runController(Object(App\Controllers\AuthController))
#11 C:\Backup\trashtobigas\system\CodeIgniter.php(355): CodeIgniter\CodeIgniter->handleRequest(NULL, Object(Config\Cache), false)
#12 C:\Backup\trashtobigas\system\Boot.php(325): CodeIgniter\CodeIgniter->run()
#13 C:\Backup\trashtobigas\system\Boot.php(67): CodeIgniter\Boot::runCodeIgniter(Object(CodeIgniter\CodeIgniter))
#14 C:\Backup\trashtobigas\public\index.php(56): CodeIgniter\Boot::bootWeb(Object(Config\Paths))
#15 C:\Backup\trashtobigas\system\rewrite.php(44): require_once('C:\\Backup\\trash...')
#16 {main}
CRITICAL - 2025-03-23 16:37:23 --> CodeIgniter\Database\Exceptions\DatabaseException: Column 'contactNo' cannot be null
[Method: POST, Route: registerUser]
in SYSTEMPATH\Database\BaseConnection.php on line 688.
 1 SYSTEMPATH\Database\BaseBuilder.php(2340): CodeIgniter\Database\BaseConnection->query('INSERT INTO `user_tbl` (`lastName`, `firstName`, `contactNo`, `userName`, `password`) VALUES (:lastName:, :firstName:, :contactNo:, :userName:, :password:)', [...], false)
 2 SYSTEMPATH\Model.php(394): CodeIgniter\Database\BaseBuilder->insert()
 3 SYSTEMPATH\BaseModel.php(840): CodeIgniter\Model->doInsert([...])
 4 SYSTEMPATH\Model.php(802): CodeIgniter\BaseModel->insert([...], false)
 5 SYSTEMPATH\BaseModel.php(751): CodeIgniter\Model->insert([...], false)
 6 APPPATH\Controllers\AuthController.php(50): CodeIgniter\BaseModel->save([...])
 7 SYSTEMPATH\CodeIgniter.php(933): App\Controllers\AuthController->register()
 8 SYSTEMPATH\CodeIgniter.php(509): CodeIgniter\CodeIgniter->runController(Object(App\Controllers\AuthController))
 9 SYSTEMPATH\CodeIgniter.php(355): CodeIgniter\CodeIgniter->handleRequest(null, Object(Config\Cache), false)
10 SYSTEMPATH\Boot.php(325): CodeIgniter\CodeIgniter->run()
11 SYSTEMPATH\Boot.php(67): CodeIgniter\Boot::runCodeIgniter(Object(CodeIgniter\CodeIgniter))
12 FCPATH\index.php(56): CodeIgniter\Boot::bootWeb(Object(Config\Paths))
13 SYSTEMPATH\rewrite.php(44): require_once('C:\\Backup\\trashtobigas\\public\\index.php')
CRITICAL - 2025-03-23 16:37:23 --> [Caused by] CodeIgniter\Database\Exceptions\DatabaseException: Column 'contactNo' cannot be null
in SYSTEMPATH\Database\MySQLi\Connection.php on line 317.
 1 SYSTEMPATH\Database\BaseConnection.php(734): CodeIgniter\Database\MySQLi\Connection->execute('INSERT INTO `user_tbl` (`lastName`, `firstName`, `contactNo`, `userName`, `password`) VALUES (\'Rontale\', \'da\', NULL, \'hello123\', \'$2y$10$EPUX5pjQnr78SBuoXoI4HekF35PpCA5jc0GGGgPqy2NTpvkI688Cu\')')
 2 SYSTEMPATH\Database\BaseConnection.php(648): CodeIgniter\Database\BaseConnection->simpleQuery('INSERT INTO `user_tbl` (`lastName`, `firstName`, `contactNo`, `userName`, `password`) VALUES (\'Rontale\', \'da\', NULL, \'hello123\', \'$2y$10$EPUX5pjQnr78SBuoXoI4HekF35PpCA5jc0GGGgPqy2NTpvkI688Cu\')')
 3 SYSTEMPATH\Database\BaseBuilder.php(2340): CodeIgniter\Database\BaseConnection->query('INSERT INTO `user_tbl` (`lastName`, `firstName`, `contactNo`, `userName`, `password`) VALUES (:lastName:, :firstName:, :contactNo:, :userName:, :password:)', [...], false)
 4 SYSTEMPATH\Model.php(394): CodeIgniter\Database\BaseBuilder->insert()
 5 SYSTEMPATH\BaseModel.php(840): CodeIgniter\Model->doInsert([...])
 6 SYSTEMPATH\Model.php(802): CodeIgniter\BaseModel->insert([...], false)
 7 SYSTEMPATH\BaseModel.php(751): CodeIgniter\Model->insert([...], false)
 8 APPPATH\Controllers\AuthController.php(50): CodeIgniter\BaseModel->save([...])
 9 SYSTEMPATH\CodeIgniter.php(933): App\Controllers\AuthController->register()
10 SYSTEMPATH\CodeIgniter.php(509): CodeIgniter\CodeIgniter->runController(Object(App\Controllers\AuthController))
11 SYSTEMPATH\CodeIgniter.php(355): CodeIgniter\CodeIgniter->handleRequest(null, Object(Config\Cache), false)
12 SYSTEMPATH\Boot.php(325): CodeIgniter\CodeIgniter->run()
13 SYSTEMPATH\Boot.php(67): CodeIgniter\Boot::runCodeIgniter(Object(CodeIgniter\CodeIgniter))
14 FCPATH\index.php(56): CodeIgniter\Boot::bootWeb(Object(Config\Paths))
15 SYSTEMPATH\rewrite.php(44): require_once('C:\\Backup\\trashtobigas\\public\\index.php')
CRITICAL - 2025-03-23 16:37:23 --> [Caused by] mysqli_sql_exception: Column 'contactNo' cannot be null
in SYSTEMPATH\Database\MySQLi\Connection.php on line 312.
 1 SYSTEMPATH\Database\MySQLi\Connection.php(312): mysqli->query('INSERT INTO `user_tbl` (`lastName`, `firstName`, `contactNo`, `userName`, `password`) VALUES (\'Rontale\', \'da\', NULL, \'hello123\', \'$2y$10$EPUX5pjQnr78SBuoXoI4HekF35PpCA5jc0GGGgPqy2NTpvkI688Cu\')', 0)
 2 SYSTEMPATH\Database\BaseConnection.php(734): CodeIgniter\Database\MySQLi\Connection->execute('INSERT INTO `user_tbl` (`lastName`, `firstName`, `contactNo`, `userName`, `password`) VALUES (\'Rontale\', \'da\', NULL, \'hello123\', \'$2y$10$EPUX5pjQnr78SBuoXoI4HekF35PpCA5jc0GGGgPqy2NTpvkI688Cu\')')
 3 SYSTEMPATH\Database\BaseConnection.php(648): CodeIgniter\Database\BaseConnection->simpleQuery('INSERT INTO `user_tbl` (`lastName`, `firstName`, `contactNo`, `userName`, `password`) VALUES (\'Rontale\', \'da\', NULL, \'hello123\', \'$2y$10$EPUX5pjQnr78SBuoXoI4HekF35PpCA5jc0GGGgPqy2NTpvkI688Cu\')')
 4 SYSTEMPATH\Database\BaseBuilder.php(2340): CodeIgniter\Database\BaseConnection->query('INSERT INTO `user_tbl` (`lastName`, `firstName`, `contactNo`, `userName`, `password`) VALUES (:lastName:, :firstName:, :contactNo:, :userName:, :password:)', [...], false)
 5 SYSTEMPATH\Model.php(394): CodeIgniter\Database\BaseBuilder->insert()
 6 SYSTEMPATH\BaseModel.php(840): CodeIgniter\Model->doInsert([...])
 7 SYSTEMPATH\Model.php(802): CodeIgniter\BaseModel->insert([...], false)
 8 SYSTEMPATH\BaseModel.php(751): CodeIgniter\Model->insert([...], false)
 9 APPPATH\Controllers\AuthController.php(50): CodeIgniter\BaseModel->save([...])
10 SYSTEMPATH\CodeIgniter.php(933): App\Controllers\AuthController->register()
11 SYSTEMPATH\CodeIgniter.php(509): CodeIgniter\CodeIgniter->runController(Object(App\Controllers\AuthController))
12 SYSTEMPATH\CodeIgniter.php(355): CodeIgniter\CodeIgniter->handleRequest(null, Object(Config\Cache), false)
13 SYSTEMPATH\Boot.php(325): CodeIgniter\CodeIgniter->run()
14 SYSTEMPATH\Boot.php(67): CodeIgniter\Boot::runCodeIgniter(Object(CodeIgniter\CodeIgniter))
15 FCPATH\index.php(56): CodeIgniter\Boot::bootWeb(Object(Config\Paths))
16 SYSTEMPATH\rewrite.php(44): require_once('C:\\Backup\\trashtobigas\\public\\index.php')
ERROR - 2025-03-23 16:38:40 --> mysqli_sql_exception: Column 'contactNo' cannot be null in C:\Backup\trashtobigas\system\Database\MySQLi\Connection.php:312
Stack trace:
#0 C:\Backup\trashtobigas\system\Database\MySQLi\Connection.php(312): mysqli->query('INSERT INTO `us...', 0)
#1 C:\Backup\trashtobigas\system\Database\BaseConnection.php(734): CodeIgniter\Database\MySQLi\Connection->execute('INSERT INTO `us...')
#2 C:\Backup\trashtobigas\system\Database\BaseConnection.php(648): CodeIgniter\Database\BaseConnection->simpleQuery('INSERT INTO `us...')
#3 C:\Backup\trashtobigas\system\Database\BaseBuilder.php(2340): CodeIgniter\Database\BaseConnection->query('INSERT INTO `us...', Array, false)
#4 C:\Backup\trashtobigas\system\Model.php(394): CodeIgniter\Database\BaseBuilder->insert()
#5 C:\Backup\trashtobigas\system\BaseModel.php(840): CodeIgniter\Model->doInsert(Array)
#6 C:\Backup\trashtobigas\system\Model.php(802): CodeIgniter\BaseModel->insert(Array, false)
#7 C:\Backup\trashtobigas\system\BaseModel.php(751): CodeIgniter\Model->insert(Array, false)
#8 C:\Backup\trashtobigas\app\Controllers\AuthController.php(50): CodeIgniter\BaseModel->save(Array)
#9 C:\Backup\trashtobigas\system\CodeIgniter.php(933): App\Controllers\AuthController->register()
#10 C:\Backup\trashtobigas\system\CodeIgniter.php(509): CodeIgniter\CodeIgniter->runController(Object(App\Controllers\AuthController))
#11 C:\Backup\trashtobigas\system\CodeIgniter.php(355): CodeIgniter\CodeIgniter->handleRequest(NULL, Object(Config\Cache), false)
#12 C:\Backup\trashtobigas\system\Boot.php(325): CodeIgniter\CodeIgniter->run()
#13 C:\Backup\trashtobigas\system\Boot.php(67): CodeIgniter\Boot::runCodeIgniter(Object(CodeIgniter\CodeIgniter))
#14 C:\Backup\trashtobigas\public\index.php(56): CodeIgniter\Boot::bootWeb(Object(Config\Paths))
#15 C:\Backup\trashtobigas\system\rewrite.php(44): require_once('C:\\Backup\\trash...')
#16 {main}
CRITICAL - 2025-03-23 16:38:40 --> CodeIgniter\Database\Exceptions\DatabaseException: Column 'contactNo' cannot be null
[Method: POST, Route: registerUser]
in SYSTEMPATH\Database\BaseConnection.php on line 688.
 1 SYSTEMPATH\Database\BaseBuilder.php(2340): CodeIgniter\Database\BaseConnection->query('INSERT INTO `user_tbl` (`lastName`, `firstName`, `contactNo`, `userName`, `password`) VALUES (:lastName:, :firstName:, :contactNo:, :userName:, :password:)', [...], false)
 2 SYSTEMPATH\Model.php(394): CodeIgniter\Database\BaseBuilder->insert()
 3 SYSTEMPATH\BaseModel.php(840): CodeIgniter\Model->doInsert([...])
 4 SYSTEMPATH\Model.php(802): CodeIgniter\BaseModel->insert([...], false)
 5 SYSTEMPATH\BaseModel.php(751): CodeIgniter\Model->insert([...], false)
 6 APPPATH\Controllers\AuthController.php(50): CodeIgniter\BaseModel->save([...])
 7 SYSTEMPATH\CodeIgniter.php(933): App\Controllers\AuthController->register()
 8 SYSTEMPATH\CodeIgniter.php(509): CodeIgniter\CodeIgniter->runController(Object(App\Controllers\AuthController))
 9 SYSTEMPATH\CodeIgniter.php(355): CodeIgniter\CodeIgniter->handleRequest(null, Object(Config\Cache), false)
10 SYSTEMPATH\Boot.php(325): CodeIgniter\CodeIgniter->run()
11 SYSTEMPATH\Boot.php(67): CodeIgniter\Boot::runCodeIgniter(Object(CodeIgniter\CodeIgniter))
12 FCPATH\index.php(56): CodeIgniter\Boot::bootWeb(Object(Config\Paths))
13 SYSTEMPATH\rewrite.php(44): require_once('C:\\Backup\\trashtobigas\\public\\index.php')
CRITICAL - 2025-03-23 16:38:40 --> [Caused by] CodeIgniter\Database\Exceptions\DatabaseException: Column 'contactNo' cannot be null
in SYSTEMPATH\Database\MySQLi\Connection.php on line 317.
 1 SYSTEMPATH\Database\BaseConnection.php(734): CodeIgniter\Database\MySQLi\Connection->execute('INSERT INTO `user_tbl` (`lastName`, `firstName`, `contactNo`, `userName`, `password`) VALUES (\'Rontale\', \'Dan Keneth\', NULL, \'dankeneth12\', \'$2y$10$9P/89phvLawNGMyuHdfX9Oef5q0Chq23ILJ0AkJN9iDdCAm1PR0yO\')')
 2 SYSTEMPATH\Database\BaseConnection.php(648): CodeIgniter\Database\BaseConnection->simpleQuery('INSERT INTO `user_tbl` (`lastName`, `firstName`, `contactNo`, `userName`, `password`) VALUES (\'Rontale\', \'Dan Keneth\', NULL, \'dankeneth12\', \'$2y$10$9P/89phvLawNGMyuHdfX9Oef5q0Chq23ILJ0AkJN9iDdCAm1PR0yO\')')
 3 SYSTEMPATH\Database\BaseBuilder.php(2340): CodeIgniter\Database\BaseConnection->query('INSERT INTO `user_tbl` (`lastName`, `firstName`, `contactNo`, `userName`, `password`) VALUES (:lastName:, :firstName:, :contactNo:, :userName:, :password:)', [...], false)
 4 SYSTEMPATH\Model.php(394): CodeIgniter\Database\BaseBuilder->insert()
 5 SYSTEMPATH\BaseModel.php(840): CodeIgniter\Model->doInsert([...])
 6 SYSTEMPATH\Model.php(802): CodeIgniter\BaseModel->insert([...], false)
 7 SYSTEMPATH\BaseModel.php(751): CodeIgniter\Model->insert([...], false)
 8 APPPATH\Controllers\AuthController.php(50): CodeIgniter\BaseModel->save([...])
 9 SYSTEMPATH\CodeIgniter.php(933): App\Controllers\AuthController->register()
10 SYSTEMPATH\CodeIgniter.php(509): CodeIgniter\CodeIgniter->runController(Object(App\Controllers\AuthController))
11 SYSTEMPATH\CodeIgniter.php(355): CodeIgniter\CodeIgniter->handleRequest(null, Object(Config\Cache), false)
12 SYSTEMPATH\Boot.php(325): CodeIgniter\CodeIgniter->run()
13 SYSTEMPATH\Boot.php(67): CodeIgniter\Boot::runCodeIgniter(Object(CodeIgniter\CodeIgniter))
14 FCPATH\index.php(56): CodeIgniter\Boot::bootWeb(Object(Config\Paths))
15 SYSTEMPATH\rewrite.php(44): require_once('C:\\Backup\\trashtobigas\\public\\index.php')
CRITICAL - 2025-03-23 16:38:40 --> [Caused by] mysqli_sql_exception: Column 'contactNo' cannot be null
in SYSTEMPATH\Database\MySQLi\Connection.php on line 312.
 1 SYSTEMPATH\Database\MySQLi\Connection.php(312): mysqli->query('INSERT INTO `user_tbl` (`lastName`, `firstName`, `contactNo`, `userName`, `password`) VALUES (\'Rontale\', \'Dan Keneth\', NULL, \'dankeneth12\', \'$2y$10$9P/89phvLawNGMyuHdfX9Oef5q0Chq23ILJ0AkJN9iDdCAm1PR0yO\')', 0)
 2 SYSTEMPATH\Database\BaseConnection.php(734): CodeIgniter\Database\MySQLi\Connection->execute('INSERT INTO `user_tbl` (`lastName`, `firstName`, `contactNo`, `userName`, `password`) VALUES (\'Rontale\', \'Dan Keneth\', NULL, \'dankeneth12\', \'$2y$10$9P/89phvLawNGMyuHdfX9Oef5q0Chq23ILJ0AkJN9iDdCAm1PR0yO\')')
 3 SYSTEMPATH\Database\BaseConnection.php(648): CodeIgniter\Database\BaseConnection->simpleQuery('INSERT INTO `user_tbl` (`lastName`, `firstName`, `contactNo`, `userName`, `password`) VALUES (\'Rontale\', \'Dan Keneth\', NULL, \'dankeneth12\', \'$2y$10$9P/89phvLawNGMyuHdfX9Oef5q0Chq23ILJ0AkJN9iDdCAm1PR0yO\')')
 4 SYSTEMPATH\Database\BaseBuilder.php(2340): CodeIgniter\Database\BaseConnection->query('INSERT INTO `user_tbl` (`lastName`, `firstName`, `contactNo`, `userName`, `password`) VALUES (:lastName:, :firstName:, :contactNo:, :userName:, :password:)', [...], false)
 5 SYSTEMPATH\Model.php(394): CodeIgniter\Database\BaseBuilder->insert()
 6 SYSTEMPATH\BaseModel.php(840): CodeIgniter\Model->doInsert([...])
 7 SYSTEMPATH\Model.php(802): CodeIgniter\BaseModel->insert([...], false)
 8 SYSTEMPATH\BaseModel.php(751): CodeIgniter\Model->insert([...], false)
 9 APPPATH\Controllers\AuthController.php(50): CodeIgniter\BaseModel->save([...])
10 SYSTEMPATH\CodeIgniter.php(933): App\Controllers\AuthController->register()
11 SYSTEMPATH\CodeIgniter.php(509): CodeIgniter\CodeIgniter->runController(Object(App\Controllers\AuthController))
12 SYSTEMPATH\CodeIgniter.php(355): CodeIgniter\CodeIgniter->handleRequest(null, Object(Config\Cache), false)
13 SYSTEMPATH\Boot.php(325): CodeIgniter\CodeIgniter->run()
14 SYSTEMPATH\Boot.php(67): CodeIgniter\Boot::runCodeIgniter(Object(CodeIgniter\CodeIgniter))
15 FCPATH\index.php(56): CodeIgniter\Boot::bootWeb(Object(Config\Paths))
16 SYSTEMPATH\rewrite.php(44): require_once('C:\\Backup\\trashtobigas\\public\\index.php')
ERROR - 2025-03-23 16:41:03 --> mysqli_sql_exception: Column 'role' cannot be null in C:\Backup\trashtobigas\system\Database\MySQLi\Connection.php:312
Stack trace:
#0 C:\Backup\trashtobigas\system\Database\MySQLi\Connection.php(312): mysqli->query('INSERT INTO `us...', 0)
#1 C:\Backup\trashtobigas\system\Database\BaseConnection.php(734): CodeIgniter\Database\MySQLi\Connection->execute('INSERT INTO `us...')
#2 C:\Backup\trashtobigas\system\Database\BaseConnection.php(648): CodeIgniter\Database\BaseConnection->simpleQuery('INSERT INTO `us...')
#3 C:\Backup\trashtobigas\system\Database\BaseBuilder.php(2340): CodeIgniter\Database\BaseConnection->query('INSERT INTO `us...', Array, false)
#4 C:\Backup\trashtobigas\system\Model.php(394): CodeIgniter\Database\BaseBuilder->insert()
#5 C:\Backup\trashtobigas\system\BaseModel.php(840): CodeIgniter\Model->doInsert(Array)
#6 C:\Backup\trashtobigas\system\Model.php(802): CodeIgniter\BaseModel->insert(Array, false)
#7 C:\Backup\trashtobigas\system\BaseModel.php(751): CodeIgniter\Model->insert(Array, false)
#8 C:\Backup\trashtobigas\app\Controllers\AuthController.php(52): CodeIgniter\BaseModel->save(Array)
#9 C:\Backup\trashtobigas\system\CodeIgniter.php(933): App\Controllers\AuthController->register()
#10 C:\Backup\trashtobigas\system\CodeIgniter.php(509): CodeIgniter\CodeIgniter->runController(Object(App\Controllers\AuthController))
#11 C:\Backup\trashtobigas\system\CodeIgniter.php(355): CodeIgniter\CodeIgniter->handleRequest(NULL, Object(Config\Cache), false)
#12 C:\Backup\trashtobigas\system\Boot.php(325): CodeIgniter\CodeIgniter->run()
#13 C:\Backup\trashtobigas\system\Boot.php(67): CodeIgniter\Boot::runCodeIgniter(Object(CodeIgniter\CodeIgniter))
#14 C:\Backup\trashtobigas\public\index.php(56): CodeIgniter\Boot::bootWeb(Object(Config\Paths))
#15 C:\Backup\trashtobigas\system\rewrite.php(44): require_once('C:\\Backup\\trash...')
#16 {main}
CRITICAL - 2025-03-23 16:41:03 --> CodeIgniter\Database\Exceptions\DatabaseException: Column 'role' cannot be null
[Method: POST, Route: registerUser]
in SYSTEMPATH\Database\BaseConnection.php on line 688.
 1 SYSTEMPATH\Database\BaseBuilder.php(2340): CodeIgniter\Database\BaseConnection->query('INSERT INTO `user_tbl` (`lastName`, `firstName`, `contactNo`, `userName`, `role`, `status`, `password`) VALUES (:lastName:, :firstName:, :contactNo:, :userName:, :role:, :status:, :password:)', [...], false)
 2 SYSTEMPATH\Model.php(394): CodeIgniter\Database\BaseBuilder->insert()
 3 SYSTEMPATH\BaseModel.php(840): CodeIgniter\Model->doInsert([...])
 4 SYSTEMPATH\Model.php(802): CodeIgniter\BaseModel->insert([...], false)
 5 SYSTEMPATH\BaseModel.php(751): CodeIgniter\Model->insert([...], false)
 6 APPPATH\Controllers\AuthController.php(52): CodeIgniter\BaseModel->save([...])
 7 SYSTEMPATH\CodeIgniter.php(933): App\Controllers\AuthController->register()
 8 SYSTEMPATH\CodeIgniter.php(509): CodeIgniter\CodeIgniter->runController(Object(App\Controllers\AuthController))
 9 SYSTEMPATH\CodeIgniter.php(355): CodeIgniter\CodeIgniter->handleRequest(null, Object(Config\Cache), false)
10 SYSTEMPATH\Boot.php(325): CodeIgniter\CodeIgniter->run()
11 SYSTEMPATH\Boot.php(67): CodeIgniter\Boot::runCodeIgniter(Object(CodeIgniter\CodeIgniter))
12 FCPATH\index.php(56): CodeIgniter\Boot::bootWeb(Object(Config\Paths))
13 SYSTEMPATH\rewrite.php(44): require_once('C:\\Backup\\trashtobigas\\public\\index.php')
CRITICAL - 2025-03-23 16:41:03 --> [Caused by] CodeIgniter\Database\Exceptions\DatabaseException: Column 'role' cannot be null
in SYSTEMPATH\Database\MySQLi\Connection.php on line 317.
 1 SYSTEMPATH\Database\BaseConnection.php(734): CodeIgniter\Database\MySQLi\Connection->execute('INSERT INTO `user_tbl` (`lastName`, `firstName`, `contactNo`, `userName`, `role`, `status`, `password`) VALUES (\'Rontale\', \'Dan Keneth\', \'09085353978\', \'dan123\', NULL, 1, \'$2y$10$CAZsuQck6w.bJv.ZFq2r3eeDtDQhx9L6XGlfwhcCAO/hErXcf3dgO\')')
 2 SYSTEMPATH\Database\BaseConnection.php(648): CodeIgniter\Database\BaseConnection->simpleQuery('INSERT INTO `user_tbl` (`lastName`, `firstName`, `contactNo`, `userName`, `role`, `status`, `password`) VALUES (\'Rontale\', \'Dan Keneth\', \'09085353978\', \'dan123\', NULL, 1, \'$2y$10$CAZsuQck6w.bJv.ZFq2r3eeDtDQhx9L6XGlfwhcCAO/hErXcf3dgO\')')
 3 SYSTEMPATH\Database\BaseBuilder.php(2340): CodeIgniter\Database\BaseConnection->query('INSERT INTO `user_tbl` (`lastName`, `firstName`, `contactNo`, `userName`, `role`, `status`, `password`) VALUES (:lastName:, :firstName:, :contactNo:, :userName:, :role:, :status:, :password:)', [...], false)
 4 SYSTEMPATH\Model.php(394): CodeIgniter\Database\BaseBuilder->insert()
 5 SYSTEMPATH\BaseModel.php(840): CodeIgniter\Model->doInsert([...])
 6 SYSTEMPATH\Model.php(802): CodeIgniter\BaseModel->insert([...], false)
 7 SYSTEMPATH\BaseModel.php(751): CodeIgniter\Model->insert([...], false)
 8 APPPATH\Controllers\AuthController.php(52): CodeIgniter\BaseModel->save([...])
 9 SYSTEMPATH\CodeIgniter.php(933): App\Controllers\AuthController->register()
10 SYSTEMPATH\CodeIgniter.php(509): CodeIgniter\CodeIgniter->runController(Object(App\Controllers\AuthController))
11 SYSTEMPATH\CodeIgniter.php(355): CodeIgniter\CodeIgniter->handleRequest(null, Object(Config\Cache), false)
12 SYSTEMPATH\Boot.php(325): CodeIgniter\CodeIgniter->run()
13 SYSTEMPATH\Boot.php(67): CodeIgniter\Boot::runCodeIgniter(Object(CodeIgniter\CodeIgniter))
14 FCPATH\index.php(56): CodeIgniter\Boot::bootWeb(Object(Config\Paths))
15 SYSTEMPATH\rewrite.php(44): require_once('C:\\Backup\\trashtobigas\\public\\index.php')
CRITICAL - 2025-03-23 16:41:03 --> [Caused by] mysqli_sql_exception: Column 'role' cannot be null
in SYSTEMPATH\Database\MySQLi\Connection.php on line 312.
 1 SYSTEMPATH\Database\MySQLi\Connection.php(312): mysqli->query('INSERT INTO `user_tbl` (`lastName`, `firstName`, `contactNo`, `userName`, `role`, `status`, `password`) VALUES (\'Rontale\', \'Dan Keneth\', \'09085353978\', \'dan123\', NULL, 1, \'$2y$10$CAZsuQck6w.bJv.ZFq2r3eeDtDQhx9L6XGlfwhcCAO/hErXcf3dgO\')', 0)
 2 SYSTEMPATH\Database\BaseConnection.php(734): CodeIgniter\Database\MySQLi\Connection->execute('INSERT INTO `user_tbl` (`lastName`, `firstName`, `contactNo`, `userName`, `role`, `status`, `password`) VALUES (\'Rontale\', \'Dan Keneth\', \'09085353978\', \'dan123\', NULL, 1, \'$2y$10$CAZsuQck6w.bJv.ZFq2r3eeDtDQhx9L6XGlfwhcCAO/hErXcf3dgO\')')
 3 SYSTEMPATH\Database\BaseConnection.php(648): CodeIgniter\Database\BaseConnection->simpleQuery('INSERT INTO `user_tbl` (`lastName`, `firstName`, `contactNo`, `userName`, `role`, `status`, `password`) VALUES (\'Rontale\', \'Dan Keneth\', \'09085353978\', \'dan123\', NULL, 1, \'$2y$10$CAZsuQck6w.bJv.ZFq2r3eeDtDQhx9L6XGlfwhcCAO/hErXcf3dgO\')')
 4 SYSTEMPATH\Database\BaseBuilder.php(2340): CodeIgniter\Database\BaseConnection->query('INSERT INTO `user_tbl` (`lastName`, `firstName`, `contactNo`, `userName`, `role`, `status`, `password`) VALUES (:lastName:, :firstName:, :contactNo:, :userName:, :role:, :status:, :password:)', [...], false)
 5 SYSTEMPATH\Model.php(394): CodeIgniter\Database\BaseBuilder->insert()
 6 SYSTEMPATH\BaseModel.php(840): CodeIgniter\Model->doInsert([...])
 7 SYSTEMPATH\Model.php(802): CodeIgniter\BaseModel->insert([...], false)
 8 SYSTEMPATH\BaseModel.php(751): CodeIgniter\Model->insert([...], false)
 9 APPPATH\Controllers\AuthController.php(52): CodeIgniter\BaseModel->save([...])
10 SYSTEMPATH\CodeIgniter.php(933): App\Controllers\AuthController->register()
11 SYSTEMPATH\CodeIgniter.php(509): CodeIgniter\CodeIgniter->runController(Object(App\Controllers\AuthController))
12 SYSTEMPATH\CodeIgniter.php(355): CodeIgniter\CodeIgniter->handleRequest(null, Object(Config\Cache), false)
13 SYSTEMPATH\Boot.php(325): CodeIgniter\CodeIgniter->run()
14 SYSTEMPATH\Boot.php(67): CodeIgniter\Boot::runCodeIgniter(Object(CodeIgniter\CodeIgniter))
15 FCPATH\index.php(56): CodeIgniter\Boot::bootWeb(Object(Config\Paths))
16 SYSTEMPATH\rewrite.php(44): require_once('C:\\Backup\\trashtobigas\\public\\index.php')
ERROR - 2025-03-23 16:41:06 --> mysqli_sql_exception: Column 'role' cannot be null in C:\Backup\trashtobigas\system\Database\MySQLi\Connection.php:312
Stack trace:
#0 C:\Backup\trashtobigas\system\Database\MySQLi\Connection.php(312): mysqli->query('INSERT INTO `us...', 0)
#1 C:\Backup\trashtobigas\system\Database\BaseConnection.php(734): CodeIgniter\Database\MySQLi\Connection->execute('INSERT INTO `us...')
#2 C:\Backup\trashtobigas\system\Database\BaseConnection.php(648): CodeIgniter\Database\BaseConnection->simpleQuery('INSERT INTO `us...')
#3 C:\Backup\trashtobigas\system\Database\BaseBuilder.php(2340): CodeIgniter\Database\BaseConnection->query('INSERT INTO `us...', Array, false)
#4 C:\Backup\trashtobigas\system\Model.php(394): CodeIgniter\Database\BaseBuilder->insert()
#5 C:\Backup\trashtobigas\system\BaseModel.php(840): CodeIgniter\Model->doInsert(Array)
#6 C:\Backup\trashtobigas\system\Model.php(802): CodeIgniter\BaseModel->insert(Array, false)
#7 C:\Backup\trashtobigas\system\BaseModel.php(751): CodeIgniter\Model->insert(Array, false)
#8 C:\Backup\trashtobigas\app\Controllers\AuthController.php(52): CodeIgniter\BaseModel->save(Array)
#9 C:\Backup\trashtobigas\system\CodeIgniter.php(933): App\Controllers\AuthController->register()
#10 C:\Backup\trashtobigas\system\CodeIgniter.php(509): CodeIgniter\CodeIgniter->runController(Object(App\Controllers\AuthController))
#11 C:\Backup\trashtobigas\system\CodeIgniter.php(355): CodeIgniter\CodeIgniter->handleRequest(NULL, Object(Config\Cache), false)
#12 C:\Backup\trashtobigas\system\Boot.php(325): CodeIgniter\CodeIgniter->run()
#13 C:\Backup\trashtobigas\system\Boot.php(67): CodeIgniter\Boot::runCodeIgniter(Object(CodeIgniter\CodeIgniter))
#14 C:\Backup\trashtobigas\public\index.php(56): CodeIgniter\Boot::bootWeb(Object(Config\Paths))
#15 C:\Backup\trashtobigas\system\rewrite.php(44): require_once('C:\\Backup\\trash...')
#16 {main}
CRITICAL - 2025-03-23 16:41:06 --> CodeIgniter\Database\Exceptions\DatabaseException: Column 'role' cannot be null
[Method: POST, Route: registerUser]
in SYSTEMPATH\Database\BaseConnection.php on line 688.
 1 SYSTEMPATH\Database\BaseBuilder.php(2340): CodeIgniter\Database\BaseConnection->query('INSERT INTO `user_tbl` (`lastName`, `firstName`, `contactNo`, `userName`, `role`, `status`, `password`) VALUES (:lastName:, :firstName:, :contactNo:, :userName:, :role:, :status:, :password:)', [...], false)
 2 SYSTEMPATH\Model.php(394): CodeIgniter\Database\BaseBuilder->insert()
 3 SYSTEMPATH\BaseModel.php(840): CodeIgniter\Model->doInsert([...])
 4 SYSTEMPATH\Model.php(802): CodeIgniter\BaseModel->insert([...], false)
 5 SYSTEMPATH\BaseModel.php(751): CodeIgniter\Model->insert([...], false)
 6 APPPATH\Controllers\AuthController.php(52): CodeIgniter\BaseModel->save([...])
 7 SYSTEMPATH\CodeIgniter.php(933): App\Controllers\AuthController->register()
 8 SYSTEMPATH\CodeIgniter.php(509): CodeIgniter\CodeIgniter->runController(Object(App\Controllers\AuthController))
 9 SYSTEMPATH\CodeIgniter.php(355): CodeIgniter\CodeIgniter->handleRequest(null, Object(Config\Cache), false)
10 SYSTEMPATH\Boot.php(325): CodeIgniter\CodeIgniter->run()
11 SYSTEMPATH\Boot.php(67): CodeIgniter\Boot::runCodeIgniter(Object(CodeIgniter\CodeIgniter))
12 FCPATH\index.php(56): CodeIgniter\Boot::bootWeb(Object(Config\Paths))
13 SYSTEMPATH\rewrite.php(44): require_once('C:\\Backup\\trashtobigas\\public\\index.php')
CRITICAL - 2025-03-23 16:41:06 --> [Caused by] CodeIgniter\Database\Exceptions\DatabaseException: Column 'role' cannot be null
in SYSTEMPATH\Database\MySQLi\Connection.php on line 317.
 1 SYSTEMPATH\Database\BaseConnection.php(734): CodeIgniter\Database\MySQLi\Connection->execute('INSERT INTO `user_tbl` (`lastName`, `firstName`, `contactNo`, `userName`, `role`, `status`, `password`) VALUES (\'Rontale\', \'Dan Keneth\', \'09085353978\', \'dan123\', NULL, 1, \'$2y$10$NeXN0jz4WY5U2QW1Djkvg.yF6882SpKpLTxL4Pw7Te6JceH.K7N.2\')')
 2 SYSTEMPATH\Database\BaseConnection.php(648): CodeIgniter\Database\BaseConnection->simpleQuery('INSERT INTO `user_tbl` (`lastName`, `firstName`, `contactNo`, `userName`, `role`, `status`, `password`) VALUES (\'Rontale\', \'Dan Keneth\', \'09085353978\', \'dan123\', NULL, 1, \'$2y$10$NeXN0jz4WY5U2QW1Djkvg.yF6882SpKpLTxL4Pw7Te6JceH.K7N.2\')')
 3 SYSTEMPATH\Database\BaseBuilder.php(2340): CodeIgniter\Database\BaseConnection->query('INSERT INTO `user_tbl` (`lastName`, `firstName`, `contactNo`, `userName`, `role`, `status`, `password`) VALUES (:lastName:, :firstName:, :contactNo:, :userName:, :role:, :status:, :password:)', [...], false)
 4 SYSTEMPATH\Model.php(394): CodeIgniter\Database\BaseBuilder->insert()
 5 SYSTEMPATH\BaseModel.php(840): CodeIgniter\Model->doInsert([...])
 6 SYSTEMPATH\Model.php(802): CodeIgniter\BaseModel->insert([...], false)
 7 SYSTEMPATH\BaseModel.php(751): CodeIgniter\Model->insert([...], false)
 8 APPPATH\Controllers\AuthController.php(52): CodeIgniter\BaseModel->save([...])
 9 SYSTEMPATH\CodeIgniter.php(933): App\Controllers\AuthController->register()
10 SYSTEMPATH\CodeIgniter.php(509): CodeIgniter\CodeIgniter->runController(Object(App\Controllers\AuthController))
11 SYSTEMPATH\CodeIgniter.php(355): CodeIgniter\CodeIgniter->handleRequest(null, Object(Config\Cache), false)
12 SYSTEMPATH\Boot.php(325): CodeIgniter\CodeIgniter->run()
13 SYSTEMPATH\Boot.php(67): CodeIgniter\Boot::runCodeIgniter(Object(CodeIgniter\CodeIgniter))
14 FCPATH\index.php(56): CodeIgniter\Boot::bootWeb(Object(Config\Paths))
15 SYSTEMPATH\rewrite.php(44): require_once('C:\\Backup\\trashtobigas\\public\\index.php')
CRITICAL - 2025-03-23 16:41:06 --> [Caused by] mysqli_sql_exception: Column 'role' cannot be null
in SYSTEMPATH\Database\MySQLi\Connection.php on line 312.
 1 SYSTEMPATH\Database\MySQLi\Connection.php(312): mysqli->query('INSERT INTO `user_tbl` (`lastName`, `firstName`, `contactNo`, `userName`, `role`, `status`, `password`) VALUES (\'Rontale\', \'Dan Keneth\', \'09085353978\', \'dan123\', NULL, 1, \'$2y$10$NeXN0jz4WY5U2QW1Djkvg.yF6882SpKpLTxL4Pw7Te6JceH.K7N.2\')', 0)
 2 SYSTEMPATH\Database\BaseConnection.php(734): CodeIgniter\Database\MySQLi\Connection->execute('INSERT INTO `user_tbl` (`lastName`, `firstName`, `contactNo`, `userName`, `role`, `status`, `password`) VALUES (\'Rontale\', \'Dan Keneth\', \'09085353978\', \'dan123\', NULL, 1, \'$2y$10$NeXN0jz4WY5U2QW1Djkvg.yF6882SpKpLTxL4Pw7Te6JceH.K7N.2\')')
 3 SYSTEMPATH\Database\BaseConnection.php(648): CodeIgniter\Database\BaseConnection->simpleQuery('INSERT INTO `user_tbl` (`lastName`, `firstName`, `contactNo`, `userName`, `role`, `status`, `password`) VALUES (\'Rontale\', \'Dan Keneth\', \'09085353978\', \'dan123\', NULL, 1, \'$2y$10$NeXN0jz4WY5U2QW1Djkvg.yF6882SpKpLTxL4Pw7Te6JceH.K7N.2\')')
 4 SYSTEMPATH\Database\BaseBuilder.php(2340): CodeIgniter\Database\BaseConnection->query('INSERT INTO `user_tbl` (`lastName`, `firstName`, `contactNo`, `userName`, `role`, `status`, `password`) VALUES (:lastName:, :firstName:, :contactNo:, :userName:, :role:, :status:, :password:)', [...], false)
 5 SYSTEMPATH\Model.php(394): CodeIgniter\Database\BaseBuilder->insert()
 6 SYSTEMPATH\BaseModel.php(840): CodeIgniter\Model->doInsert([...])
 7 SYSTEMPATH\Model.php(802): CodeIgniter\BaseModel->insert([...], false)
 8 SYSTEMPATH\BaseModel.php(751): CodeIgniter\Model->insert([...], false)
 9 APPPATH\Controllers\AuthController.php(52): CodeIgniter\BaseModel->save([...])
10 SYSTEMPATH\CodeIgniter.php(933): App\Controllers\AuthController->register()
11 SYSTEMPATH\CodeIgniter.php(509): CodeIgniter\CodeIgniter->runController(Object(App\Controllers\AuthController))
12 SYSTEMPATH\CodeIgniter.php(355): CodeIgniter\CodeIgniter->handleRequest(null, Object(Config\Cache), false)
13 SYSTEMPATH\Boot.php(325): CodeIgniter\CodeIgniter->run()
14 SYSTEMPATH\Boot.php(67): CodeIgniter\Boot::runCodeIgniter(Object(CodeIgniter\CodeIgniter))
15 FCPATH\index.php(56): CodeIgniter\Boot::bootWeb(Object(Config\Paths))
16 SYSTEMPATH\rewrite.php(44): require_once('C:\\Backup\\trashtobigas\\public\\index.php')
ERROR - 2025-03-23 16:41:24 --> mysqli_sql_exception: Column 'role' cannot be null in C:\Backup\trashtobigas\system\Database\MySQLi\Connection.php:312
Stack trace:
#0 C:\Backup\trashtobigas\system\Database\MySQLi\Connection.php(312): mysqli->query('INSERT INTO `us...', 0)
#1 C:\Backup\trashtobigas\system\Database\BaseConnection.php(734): CodeIgniter\Database\MySQLi\Connection->execute('INSERT INTO `us...')
#2 C:\Backup\trashtobigas\system\Database\BaseConnection.php(648): CodeIgniter\Database\BaseConnection->simpleQuery('INSERT INTO `us...')
#3 C:\Backup\trashtobigas\system\Database\BaseBuilder.php(2340): CodeIgniter\Database\BaseConnection->query('INSERT INTO `us...', Array, false)
#4 C:\Backup\trashtobigas\system\Model.php(394): CodeIgniter\Database\BaseBuilder->insert()
#5 C:\Backup\trashtobigas\system\BaseModel.php(840): CodeIgniter\Model->doInsert(Array)
#6 C:\Backup\trashtobigas\system\Model.php(802): CodeIgniter\BaseModel->insert(Array, false)
#7 C:\Backup\trashtobigas\system\BaseModel.php(751): CodeIgniter\Model->insert(Array, false)
#8 C:\Backup\trashtobigas\app\Controllers\AuthController.php(52): CodeIgniter\BaseModel->save(Array)
#9 C:\Backup\trashtobigas\system\CodeIgniter.php(933): App\Controllers\AuthController->register()
#10 C:\Backup\trashtobigas\system\CodeIgniter.php(509): CodeIgniter\CodeIgniter->runController(Object(App\Controllers\AuthController))
#11 C:\Backup\trashtobigas\system\CodeIgniter.php(355): CodeIgniter\CodeIgniter->handleRequest(NULL, Object(Config\Cache), false)
#12 C:\Backup\trashtobigas\system\Boot.php(325): CodeIgniter\CodeIgniter->run()
#13 C:\Backup\trashtobigas\system\Boot.php(67): CodeIgniter\Boot::runCodeIgniter(Object(CodeIgniter\CodeIgniter))
#14 C:\Backup\trashtobigas\public\index.php(56): CodeIgniter\Boot::bootWeb(Object(Config\Paths))
#15 C:\Backup\trashtobigas\system\rewrite.php(44): require_once('C:\\Backup\\trash...')
#16 {main}
CRITICAL - 2025-03-23 16:41:24 --> CodeIgniter\Database\Exceptions\DatabaseException: Column 'role' cannot be null
[Method: POST, Route: registerUser]
in SYSTEMPATH\Database\BaseConnection.php on line 688.
 1 SYSTEMPATH\Database\BaseBuilder.php(2340): CodeIgniter\Database\BaseConnection->query('INSERT INTO `user_tbl` (`lastName`, `firstName`, `contactNo`, `userName`, `role`, `status`, `password`) VALUES (:lastName:, :firstName:, :contactNo:, :userName:, :role:, :status:, :password:)', [...], false)
 2 SYSTEMPATH\Model.php(394): CodeIgniter\Database\BaseBuilder->insert()
 3 SYSTEMPATH\BaseModel.php(840): CodeIgniter\Model->doInsert([...])
 4 SYSTEMPATH\Model.php(802): CodeIgniter\BaseModel->insert([...], false)
 5 SYSTEMPATH\BaseModel.php(751): CodeIgniter\Model->insert([...], false)
 6 APPPATH\Controllers\AuthController.php(52): CodeIgniter\BaseModel->save([...])
 7 SYSTEMPATH\CodeIgniter.php(933): App\Controllers\AuthController->register()
 8 SYSTEMPATH\CodeIgniter.php(509): CodeIgniter\CodeIgniter->runController(Object(App\Controllers\AuthController))
 9 SYSTEMPATH\CodeIgniter.php(355): CodeIgniter\CodeIgniter->handleRequest(null, Object(Config\Cache), false)
10 SYSTEMPATH\Boot.php(325): CodeIgniter\CodeIgniter->run()
11 SYSTEMPATH\Boot.php(67): CodeIgniter\Boot::runCodeIgniter(Object(CodeIgniter\CodeIgniter))
12 FCPATH\index.php(56): CodeIgniter\Boot::bootWeb(Object(Config\Paths))
13 SYSTEMPATH\rewrite.php(44): require_once('C:\\Backup\\trashtobigas\\public\\index.php')
CRITICAL - 2025-03-23 16:41:24 --> [Caused by] CodeIgniter\Database\Exceptions\DatabaseException: Column 'role' cannot be null
in SYSTEMPATH\Database\MySQLi\Connection.php on line 317.
 1 SYSTEMPATH\Database\BaseConnection.php(734): CodeIgniter\Database\MySQLi\Connection->execute('INSERT INTO `user_tbl` (`lastName`, `firstName`, `contactNo`, `userName`, `role`, `status`, `password`) VALUES (\'Rontale\', \'Dan Keneth\', \'09085353978\', \'dan123\', NULL, 1, \'$2y$10$rKtXbIa2BufMSS1i3e4rZOPDOQGL7cdxJ7xf5DR.0c5Gigq/0oQHG\')')
 2 SYSTEMPATH\Database\BaseConnection.php(648): CodeIgniter\Database\BaseConnection->simpleQuery('INSERT INTO `user_tbl` (`lastName`, `firstName`, `contactNo`, `userName`, `role`, `status`, `password`) VALUES (\'Rontale\', \'Dan Keneth\', \'09085353978\', \'dan123\', NULL, 1, \'$2y$10$rKtXbIa2BufMSS1i3e4rZOPDOQGL7cdxJ7xf5DR.0c5Gigq/0oQHG\')')
 3 SYSTEMPATH\Database\BaseBuilder.php(2340): CodeIgniter\Database\BaseConnection->query('INSERT INTO `user_tbl` (`lastName`, `firstName`, `contactNo`, `userName`, `role`, `status`, `password`) VALUES (:lastName:, :firstName:, :contactNo:, :userName:, :role:, :status:, :password:)', [...], false)
 4 SYSTEMPATH\Model.php(394): CodeIgniter\Database\BaseBuilder->insert()
 5 SYSTEMPATH\BaseModel.php(840): CodeIgniter\Model->doInsert([...])
 6 SYSTEMPATH\Model.php(802): CodeIgniter\BaseModel->insert([...], false)
 7 SYSTEMPATH\BaseModel.php(751): CodeIgniter\Model->insert([...], false)
 8 APPPATH\Controllers\AuthController.php(52): CodeIgniter\BaseModel->save([...])
 9 SYSTEMPATH\CodeIgniter.php(933): App\Controllers\AuthController->register()
10 SYSTEMPATH\CodeIgniter.php(509): CodeIgniter\CodeIgniter->runController(Object(App\Controllers\AuthController))
11 SYSTEMPATH\CodeIgniter.php(355): CodeIgniter\CodeIgniter->handleRequest(null, Object(Config\Cache), false)
12 SYSTEMPATH\Boot.php(325): CodeIgniter\CodeIgniter->run()
13 SYSTEMPATH\Boot.php(67): CodeIgniter\Boot::runCodeIgniter(Object(CodeIgniter\CodeIgniter))
14 FCPATH\index.php(56): CodeIgniter\Boot::bootWeb(Object(Config\Paths))
15 SYSTEMPATH\rewrite.php(44): require_once('C:\\Backup\\trashtobigas\\public\\index.php')
CRITICAL - 2025-03-23 16:41:24 --> [Caused by] mysqli_sql_exception: Column 'role' cannot be null
in SYSTEMPATH\Database\MySQLi\Connection.php on line 312.
 1 SYSTEMPATH\Database\MySQLi\Connection.php(312): mysqli->query('INSERT INTO `user_tbl` (`lastName`, `firstName`, `contactNo`, `userName`, `role`, `status`, `password`) VALUES (\'Rontale\', \'Dan Keneth\', \'09085353978\', \'dan123\', NULL, 1, \'$2y$10$rKtXbIa2BufMSS1i3e4rZOPDOQGL7cdxJ7xf5DR.0c5Gigq/0oQHG\')', 0)
 2 SYSTEMPATH\Database\BaseConnection.php(734): CodeIgniter\Database\MySQLi\Connection->execute('INSERT INTO `user_tbl` (`lastName`, `firstName`, `contactNo`, `userName`, `role`, `status`, `password`) VALUES (\'Rontale\', \'Dan Keneth\', \'09085353978\', \'dan123\', NULL, 1, \'$2y$10$rKtXbIa2BufMSS1i3e4rZOPDOQGL7cdxJ7xf5DR.0c5Gigq/0oQHG\')')
 3 SYSTEMPATH\Database\BaseConnection.php(648): CodeIgniter\Database\BaseConnection->simpleQuery('INSERT INTO `user_tbl` (`lastName`, `firstName`, `contactNo`, `userName`, `role`, `status`, `password`) VALUES (\'Rontale\', \'Dan Keneth\', \'09085353978\', \'dan123\', NULL, 1, \'$2y$10$rKtXbIa2BufMSS1i3e4rZOPDOQGL7cdxJ7xf5DR.0c5Gigq/0oQHG\')')
 4 SYSTEMPATH\Database\BaseBuilder.php(2340): CodeIgniter\Database\BaseConnection->query('INSERT INTO `user_tbl` (`lastName`, `firstName`, `contactNo`, `userName`, `role`, `status`, `password`) VALUES (:lastName:, :firstName:, :contactNo:, :userName:, :role:, :status:, :password:)', [...], false)
 5 SYSTEMPATH\Model.php(394): CodeIgniter\Database\BaseBuilder->insert()
 6 SYSTEMPATH\BaseModel.php(840): CodeIgniter\Model->doInsert([...])
 7 SYSTEMPATH\Model.php(802): CodeIgniter\BaseModel->insert([...], false)
 8 SYSTEMPATH\BaseModel.php(751): CodeIgniter\Model->insert([...], false)
 9 APPPATH\Controllers\AuthController.php(52): CodeIgniter\BaseModel->save([...])
10 SYSTEMPATH\CodeIgniter.php(933): App\Controllers\AuthController->register()
11 SYSTEMPATH\CodeIgniter.php(509): CodeIgniter\CodeIgniter->runController(Object(App\Controllers\AuthController))
12 SYSTEMPATH\CodeIgniter.php(355): CodeIgniter\CodeIgniter->handleRequest(null, Object(Config\Cache), false)
13 SYSTEMPATH\Boot.php(325): CodeIgniter\CodeIgniter->run()
14 SYSTEMPATH\Boot.php(67): CodeIgniter\Boot::runCodeIgniter(Object(CodeIgniter\CodeIgniter))
15 FCPATH\index.php(56): CodeIgniter\Boot::bootWeb(Object(Config\Paths))
16 SYSTEMPATH\rewrite.php(44): require_once('C:\\Backup\\trashtobigas\\public\\index.php')
CRITICAL - 2025-03-23 16:42:58 --> CodeIgniter\HTTP\Exceptions\BadRequestException: The URI you submitted has disallowed characters: "<"
[Method: GET, Route: %3C]
in SYSTEMPATH\Router\Router.php on line 737.
 1 SYSTEMPATH\Router\Router.php(204): CodeIgniter\Router\Router->checkDisallowedChars('<')
 2 SYSTEMPATH\CodeIgniter.php(834): CodeIgniter\Router\Router->handle('<')
 3 SYSTEMPATH\CodeIgniter.php(457): CodeIgniter\CodeIgniter->tryToRouteIt(Object(CodeIgniter\Router\RouteCollection))
 4 SYSTEMPATH\CodeIgniter.php(355): CodeIgniter\CodeIgniter->handleRequest(null, Object(Config\Cache), false)
 5 SYSTEMPATH\Boot.php(325): CodeIgniter\CodeIgniter->run()
 6 SYSTEMPATH\Boot.php(67): CodeIgniter\Boot::runCodeIgniter(Object(CodeIgniter\CodeIgniter))
 7 FCPATH\index.php(56): CodeIgniter\Boot::bootWeb(Object(Config\Paths))
 8 SYSTEMPATH\rewrite.php(44): require_once('C:\\Backup\\trashtobigas\\public\\index.php')
CRITICAL - 2025-03-23 17:16:26 --> ParseError: syntax error, unexpected token "endforeach", expecting end of file
[Method: GET, Route: register]
in APPPATH\Views\register.php on line 404.
 1 SYSTEMPATH\View\View.php(237): CodeIgniter\View\View->CodeIgniter\View\{closure}()
 2 SYSTEMPATH\Common.php(1171): CodeIgniter\View\View->render('register', [], true)
 3 APPPATH\Controllers\AuthController.php(36): view('register', [...])
 4 SYSTEMPATH\CodeIgniter.php(933): App\Controllers\AuthController->viewRegister()
 5 SYSTEMPATH\CodeIgniter.php(509): CodeIgniter\CodeIgniter->runController(Object(App\Controllers\AuthController))
 6 SYSTEMPATH\CodeIgniter.php(355): CodeIgniter\CodeIgniter->handleRequest(null, Object(Config\Cache), false)
 7 SYSTEMPATH\Boot.php(325): CodeIgniter\CodeIgniter->run()
 8 SYSTEMPATH\Boot.php(67): CodeIgniter\Boot::runCodeIgniter(Object(CodeIgniter\CodeIgniter))
 9 FCPATH\index.php(56): CodeIgniter\Boot::bootWeb(Object(Config\Paths))
10 SYSTEMPATH\rewrite.php(44): require_once('C:\\Backup\\trashtobigas\\public\\index.php')
