CRITICAL - 2025-02-19 02:05:26 --> ArgumentCountError: Too few arguments to function App\Controllers\AdminController::delete(), 0 passed in C:\laragon\www\trashtobigas\system\CodeIgniter.php on line 933 and exactly 1 expected
[Method: POST, Route: admin/delete]
in APPPATH\Controllers\AdminController.php on line 136.
 1 SYSTEMPATH\CodeIgniter.php(933): App\Controllers\AdminController->delete()
 2 SYSTEMPATH\CodeIgniter.php(509): CodeIgniter\CodeIgniter->runController(Object(App\Controllers\AdminController))
 3 SYSTEMPATH\CodeIgniter.php(355): CodeIgniter\CodeIgniter->handleRequest(null, Object(Config\Cache), false)
 4 SYSTEMPATH\Boot.php(325): CodeIgniter\CodeIgniter->run()
 5 SYSTEMPATH\Boot.php(67): CodeIgniter\Boot::runCodeIgniter(Object(CodeIgniter\CodeIgniter))
 6 FCPATH\index.php(56): CodeIgniter\Boot::bootWeb(Object(Config\Paths))
 7 SYSTEMPATH\rewrite.php(44): require_once('C:\\laragon\\www\\trashtobigas\\public\\index.php')
CRITICAL - 2025-02-19 02:05:30 --> ArgumentCountError: Too few arguments to function App\Controllers\AdminController::delete(), 0 passed in C:\laragon\www\trashtobigas\system\CodeIgniter.php on line 933 and exactly 1 expected
[Method: POST, Route: admin/delete]
in APPPATH\Controllers\AdminController.php on line 136.
 1 SYSTEMPATH\CodeIgniter.php(933): App\Controllers\AdminController->delete()
 2 SYSTEMPATH\CodeIgniter.php(509): CodeIgniter\CodeIgniter->runController(Object(App\Controllers\AdminController))
 3 SYSTEMPATH\CodeIgniter.php(355): CodeIgniter\CodeIgniter->handleRequest(null, Object(Config\Cache), false)
 4 SYSTEMPATH\Boot.php(325): CodeIgniter\CodeIgniter->run()
 5 SYSTEMPATH\Boot.php(67): CodeIgniter\Boot::runCodeIgniter(Object(CodeIgniter\CodeIgniter))
 6 FCPATH\index.php(56): CodeIgniter\Boot::bootWeb(Object(Config\Paths))
 7 SYSTEMPATH\rewrite.php(44): require_once('C:\\laragon\\www\\trashtobigas\\public\\index.php')
CRITICAL - 2025-02-19 02:05:36 --> ArgumentCountError: Too few arguments to function App\Controllers\AdminController::delete(), 0 passed in C:\laragon\www\trashtobigas\system\CodeIgniter.php on line 933 and exactly 1 expected
[Method: POST, Route: admin/delete]
in APPPATH\Controllers\AdminController.php on line 136.
 1 SYSTEMPATH\CodeIgniter.php(933): App\Controllers\AdminController->delete()
 2 SYSTEMPATH\CodeIgniter.php(509): CodeIgniter\CodeIgniter->runController(Object(App\Controllers\AdminController))
 3 SYSTEMPATH\CodeIgniter.php(355): CodeIgniter\CodeIgniter->handleRequest(null, Object(Config\Cache), false)
 4 SYSTEMPATH\Boot.php(325): CodeIgniter\CodeIgniter->run()
 5 SYSTEMPATH\Boot.php(67): CodeIgniter\Boot::runCodeIgniter(Object(CodeIgniter\CodeIgniter))
 6 FCPATH\index.php(56): CodeIgniter\Boot::bootWeb(Object(Config\Paths))
 7 SYSTEMPATH\rewrite.php(44): require_once('C:\\laragon\\www\\trashtobigas\\public\\index.php')
CRITICAL - 2025-02-19 02:05:58 --> ArgumentCountError: Too few arguments to function App\Controllers\AdminController::delete(), 0 passed in C:\laragon\www\trashtobigas\system\CodeIgniter.php on line 933 and exactly 1 expected
[Method: POST, Route: admin/delete]
in APPPATH\Controllers\AdminController.php on line 136.
 1 SYSTEMPATH\CodeIgniter.php(933): App\Controllers\AdminController->delete()
 2 SYSTEMPATH\CodeIgniter.php(509): CodeIgniter\CodeIgniter->runController(Object(App\Controllers\AdminController))
 3 SYSTEMPATH\CodeIgniter.php(355): CodeIgniter\CodeIgniter->handleRequest(null, Object(Config\Cache), false)
 4 SYSTEMPATH\Boot.php(325): CodeIgniter\CodeIgniter->run()
 5 SYSTEMPATH\Boot.php(67): CodeIgniter\Boot::runCodeIgniter(Object(CodeIgniter\CodeIgniter))
 6 FCPATH\index.php(56): CodeIgniter\Boot::bootWeb(Object(Config\Paths))
 7 SYSTEMPATH\rewrite.php(44): require_once('C:\\laragon\\www\\trashtobigas\\public\\index.php')
CRITICAL - 2025-02-19 02:07:14 --> ArgumentCountError: Too few arguments to function App\Controllers\AdminController::delete(), 0 passed in C:\laragon\www\trashtobigas\system\CodeIgniter.php on line 933 and exactly 1 expected
[Method: POST, Route: admin/delete]
in APPPATH\Controllers\AdminController.php on line 136.
 1 SYSTEMPATH\CodeIgniter.php(933): App\Controllers\AdminController->delete()
 2 SYSTEMPATH\CodeIgniter.php(509): CodeIgniter\CodeIgniter->runController(Object(App\Controllers\AdminController))
 3 SYSTEMPATH\CodeIgniter.php(355): CodeIgniter\CodeIgniter->handleRequest(null, Object(Config\Cache), false)
 4 SYSTEMPATH\Boot.php(325): CodeIgniter\CodeIgniter->run()
 5 SYSTEMPATH\Boot.php(67): CodeIgniter\Boot::runCodeIgniter(Object(CodeIgniter\CodeIgniter))
 6 FCPATH\index.php(56): CodeIgniter\Boot::bootWeb(Object(Config\Paths))
 7 SYSTEMPATH\rewrite.php(44): require_once('C:\\laragon\\www\\trashtobigas\\public\\index.php')
CRITICAL - 2025-02-19 02:09:18 --> ArgumentCountError: Too few arguments to function App\Controllers\AdminController::delete(), 0 passed in C:\laragon\www\trashtobigas\system\CodeIgniter.php on line 933 and exactly 1 expected
[Method: POST, Route: admin/delete]
in APPPATH\Controllers\AdminController.php on line 136.
 1 SYSTEMPATH\CodeIgniter.php(933): App\Controllers\AdminController->delete()
 2 SYSTEMPATH\CodeIgniter.php(509): CodeIgniter\CodeIgniter->runController(Object(App\Controllers\AdminController))
 3 SYSTEMPATH\CodeIgniter.php(355): CodeIgniter\CodeIgniter->handleRequest(null, Object(Config\Cache), false)
 4 SYSTEMPATH\Boot.php(325): CodeIgniter\CodeIgniter->run()
 5 SYSTEMPATH\Boot.php(67): CodeIgniter\Boot::runCodeIgniter(Object(CodeIgniter\CodeIgniter))
 6 FCPATH\index.php(56): CodeIgniter\Boot::bootWeb(Object(Config\Paths))
 7 SYSTEMPATH\rewrite.php(44): require_once('C:\\laragon\\www\\trashtobigas\\public\\index.php')
CRITICAL - 2025-02-19 02:09:26 --> ArgumentCountError: Too few arguments to function App\Controllers\AdminController::delete(), 0 passed in C:\laragon\www\trashtobigas\system\CodeIgniter.php on line 933 and exactly 1 expected
[Method: POST, Route: admin/delete]
in APPPATH\Controllers\AdminController.php on line 136.
 1 SYSTEMPATH\CodeIgniter.php(933): App\Controllers\AdminController->delete()
 2 SYSTEMPATH\CodeIgniter.php(509): CodeIgniter\CodeIgniter->runController(Object(App\Controllers\AdminController))
 3 SYSTEMPATH\CodeIgniter.php(355): CodeIgniter\CodeIgniter->handleRequest(null, Object(Config\Cache), false)
 4 SYSTEMPATH\Boot.php(325): CodeIgniter\CodeIgniter->run()
 5 SYSTEMPATH\Boot.php(67): CodeIgniter\Boot::runCodeIgniter(Object(CodeIgniter\CodeIgniter))
 6 FCPATH\index.php(56): CodeIgniter\Boot::bootWeb(Object(Config\Paths))
 7 SYSTEMPATH\rewrite.php(44): require_once('C:\\laragon\\www\\trashtobigas\\public\\index.php')
CRITICAL - 2025-02-19 02:11:30 --> ParseError: syntax error, unexpected single-quoted string "admin/delete/(:any)"
[Method: GET, Route: admin/delete/16]
in APPPATH\Config\Routes.php on line 16.
 1 SYSTEMPATH\CodeIgniter.php(823): CodeIgniter\Router\RouteCollection->loadRoutes()
 2 SYSTEMPATH\CodeIgniter.php(457): CodeIgniter\CodeIgniter->tryToRouteIt(null)
 3 SYSTEMPATH\CodeIgniter.php(355): CodeIgniter\CodeIgniter->handleRequest(null, Object(Config\Cache), false)
 4 SYSTEMPATH\Boot.php(325): CodeIgniter\CodeIgniter->run()
 5 SYSTEMPATH\Boot.php(67): CodeIgniter\Boot::runCodeIgniter(Object(CodeIgniter\CodeIgniter))
 6 FCPATH\index.php(56): CodeIgniter\Boot::bootWeb(Object(Config\Paths))
 7 SYSTEMPATH\rewrite.php(44): require_once('C:\\laragon\\www\\trashtobigas\\public\\index.php')
CRITICAL - 2025-02-19 02:26:24 --> Error: Call to undefined function get()
[Method: POST, Route: admin/update/18]
in APPPATH\Config\Routes.php on line 17.
 1 SYSTEMPATH\Router\RouteCollection.php(340): require()
 2 SYSTEMPATH\CodeIgniter.php(823): CodeIgniter\Router\RouteCollection->loadRoutes()
 3 SYSTEMPATH\CodeIgniter.php(457): CodeIgniter\CodeIgniter->tryToRouteIt(null)
 4 SYSTEMPATH\CodeIgniter.php(355): CodeIgniter\CodeIgniter->handleRequest(null, Object(Config\Cache), false)
 5 SYSTEMPATH\Boot.php(325): CodeIgniter\CodeIgniter->run()
 6 SYSTEMPATH\Boot.php(67): CodeIgniter\Boot::runCodeIgniter(Object(CodeIgniter\CodeIgniter))
 7 FCPATH\index.php(56): CodeIgniter\Boot::bootWeb(Object(Config\Paths))
 8 SYSTEMPATH\rewrite.php(44): require_once('C:\\laragon\\www\\trashtobigas\\public\\index.php')
CRITICAL - 2025-02-19 02:27:35 --> Error: Call to undefined function get()
[Method: POST, Route: admin/update/18]
in APPPATH\Config\Routes.php on line 17.
 1 SYSTEMPATH\Router\RouteCollection.php(340): require()
 2 SYSTEMPATH\CodeIgniter.php(823): CodeIgniter\Router\RouteCollection->loadRoutes()
 3 SYSTEMPATH\CodeIgniter.php(457): CodeIgniter\CodeIgniter->tryToRouteIt(null)
 4 SYSTEMPATH\CodeIgniter.php(355): CodeIgniter\CodeIgniter->handleRequest(null, Object(Config\Cache), false)
 5 SYSTEMPATH\Boot.php(325): CodeIgniter\CodeIgniter->run()
 6 SYSTEMPATH\Boot.php(67): CodeIgniter\Boot::runCodeIgniter(Object(CodeIgniter\CodeIgniter))
 7 FCPATH\index.php(56): CodeIgniter\Boot::bootWeb(Object(Config\Paths))
 8 SYSTEMPATH\rewrite.php(44): require_once('C:\\laragon\\www\\trashtobigas\\public\\index.php')
CRITICAL - 2025-02-19 02:28:25 --> Error: Call to undefined function get()
[Method: POST, Route: admin/update/18]
in APPPATH\Config\Routes.php on line 17.
 1 SYSTEMPATH\Router\RouteCollection.php(340): require()
 2 SYSTEMPATH\CodeIgniter.php(823): CodeIgniter\Router\RouteCollection->loadRoutes()
 3 SYSTEMPATH\CodeIgniter.php(457): CodeIgniter\CodeIgniter->tryToRouteIt(null)
 4 SYSTEMPATH\CodeIgniter.php(355): CodeIgniter\CodeIgniter->handleRequest(null, Object(Config\Cache), false)
 5 SYSTEMPATH\Boot.php(325): CodeIgniter\CodeIgniter->run()
 6 SYSTEMPATH\Boot.php(67): CodeIgniter\Boot::runCodeIgniter(Object(CodeIgniter\CodeIgniter))
 7 FCPATH\index.php(56): CodeIgniter\Boot::bootWeb(Object(Config\Paths))
 8 SYSTEMPATH\rewrite.php(44): require_once('C:\\laragon\\www\\trashtobigas\\public\\index.php')
CRITICAL - 2025-02-19 02:28:38 --> Error: Call to undefined function get()
[Method: POST, Route: admin/update/18]
in APPPATH\Config\Routes.php on line 17.
 1 SYSTEMPATH\Router\RouteCollection.php(340): require()
 2 SYSTEMPATH\CodeIgniter.php(823): CodeIgniter\Router\RouteCollection->loadRoutes()
 3 SYSTEMPATH\CodeIgniter.php(457): CodeIgniter\CodeIgniter->tryToRouteIt(null)
 4 SYSTEMPATH\CodeIgniter.php(355): CodeIgniter\CodeIgniter->handleRequest(null, Object(Config\Cache), false)
 5 SYSTEMPATH\Boot.php(325): CodeIgniter\CodeIgniter->run()
 6 SYSTEMPATH\Boot.php(67): CodeIgniter\Boot::runCodeIgniter(Object(CodeIgniter\CodeIgniter))
 7 FCPATH\index.php(56): CodeIgniter\Boot::bootWeb(Object(Config\Paths))
 8 SYSTEMPATH\rewrite.php(44): require_once('C:\\laragon\\www\\trashtobigas\\public\\index.php')
CRITICAL - 2025-02-19 02:30:00 --> Error: Call to undefined function get()
[Method: POST, Route: admin/update/18]
in APPPATH\Config\Routes.php on line 17.
 1 SYSTEMPATH\Router\RouteCollection.php(340): require()
 2 SYSTEMPATH\CodeIgniter.php(823): CodeIgniter\Router\RouteCollection->loadRoutes()
 3 SYSTEMPATH\CodeIgniter.php(457): CodeIgniter\CodeIgniter->tryToRouteIt(null)
 4 SYSTEMPATH\CodeIgniter.php(355): CodeIgniter\CodeIgniter->handleRequest(null, Object(Config\Cache), false)
 5 SYSTEMPATH\Boot.php(325): CodeIgniter\CodeIgniter->run()
 6 SYSTEMPATH\Boot.php(67): CodeIgniter\Boot::runCodeIgniter(Object(CodeIgniter\CodeIgniter))
 7 FCPATH\index.php(56): CodeIgniter\Boot::bootWeb(Object(Config\Paths))
 8 SYSTEMPATH\rewrite.php(44): require_once('C:\\laragon\\www\\trashtobigas\\public\\index.php')
CRITICAL - 2025-02-19 02:30:45 --> Error: Call to undefined function get()
[Method: POST, Route: admin/update/18]
in APPPATH\Config\Routes.php on line 17.
 1 SYSTEMPATH\Router\RouteCollection.php(340): require()
 2 SYSTEMPATH\CodeIgniter.php(823): CodeIgniter\Router\RouteCollection->loadRoutes()
 3 SYSTEMPATH\CodeIgniter.php(457): CodeIgniter\CodeIgniter->tryToRouteIt(null)
 4 SYSTEMPATH\CodeIgniter.php(355): CodeIgniter\CodeIgniter->handleRequest(null, Object(Config\Cache), false)
 5 SYSTEMPATH\Boot.php(325): CodeIgniter\CodeIgniter->run()
 6 SYSTEMPATH\Boot.php(67): CodeIgniter\Boot::runCodeIgniter(Object(CodeIgniter\CodeIgniter))
 7 FCPATH\index.php(56): CodeIgniter\Boot::bootWeb(Object(Config\Paths))
 8 SYSTEMPATH\rewrite.php(44): require_once('C:\\laragon\\www\\trashtobigas\\public\\index.php')
CRITICAL - 2025-02-19 02:33:01 --> Error: Call to undefined function post()
[Method: POST, Route: admin/update/18]
in APPPATH\Config\Routes.php on line 17.
 1 SYSTEMPATH\Router\RouteCollection.php(340): require()
 2 SYSTEMPATH\CodeIgniter.php(823): CodeIgniter\Router\RouteCollection->loadRoutes()
 3 SYSTEMPATH\CodeIgniter.php(457): CodeIgniter\CodeIgniter->tryToRouteIt(null)
 4 SYSTEMPATH\CodeIgniter.php(355): CodeIgniter\CodeIgniter->handleRequest(null, Object(Config\Cache), false)
 5 SYSTEMPATH\Boot.php(325): CodeIgniter\CodeIgniter->run()
 6 SYSTEMPATH\Boot.php(67): CodeIgniter\Boot::runCodeIgniter(Object(CodeIgniter\CodeIgniter))
 7 FCPATH\index.php(56): CodeIgniter\Boot::bootWeb(Object(Config\Paths))
 8 SYSTEMPATH\rewrite.php(44): require_once('C:\\laragon\\www\\trashtobigas\\public\\index.php')
CRITICAL - 2025-02-19 03:15:31 --> ErrorException: Undefined property: App\Controllers\AdminController::$trashModel
[Method: GET, Route: admin/edit/23]
in APPPATH\Controllers\AdminController.php on line 110.
 1 APPPATH\Controllers\AdminController.php(110): CodeIgniter\Debug\Exceptions->errorHandler(2, 'Undefined property: App\\Controllers\\AdminController::$trashModel', 'C:\\laragon\\www\\trashtobigas\\app\\Controllers\\AdminController.php', 110)
 2 SYSTEMPATH\CodeIgniter.php(933): App\Controllers\AdminController->edit('23')
 3 SYSTEMPATH\CodeIgniter.php(509): CodeIgniter\CodeIgniter->runController(Object(App\Controllers\AdminController))
 4 SYSTEMPATH\CodeIgniter.php(355): CodeIgniter\CodeIgniter->handleRequest(null, Object(Config\Cache), false)
 5 SYSTEMPATH\Boot.php(325): CodeIgniter\CodeIgniter->run()
 6 SYSTEMPATH\Boot.php(67): CodeIgniter\Boot::runCodeIgniter(Object(CodeIgniter\CodeIgniter))
 7 FCPATH\index.php(56): CodeIgniter\Boot::bootWeb(Object(Config\Paths))
 8 SYSTEMPATH\rewrite.php(44): require_once('C:\\laragon\\www\\trashtobigas\\public\\index.php')
CRITICAL - 2025-02-19 06:11:24 --> ErrorException: Undefined property: App\Controllers\AdminController::$trashModel
[Method: GET, Route: admin/edit/23]
in APPPATH\Controllers\AdminController.php on line 110.
 1 APPPATH\Controllers\AdminController.php(110): CodeIgniter\Debug\Exceptions->errorHandler(2, 'Undefined property: App\\Controllers\\AdminController::$trashModel', 'C:\\laragon\\www\\trashtobigas\\app\\Controllers\\AdminController.php', 110)
 2 SYSTEMPATH\CodeIgniter.php(933): App\Controllers\AdminController->edit('23')
 3 SYSTEMPATH\CodeIgniter.php(509): CodeIgniter\CodeIgniter->runController(Object(App\Controllers\AdminController))
 4 SYSTEMPATH\CodeIgniter.php(355): CodeIgniter\CodeIgniter->handleRequest(null, Object(Config\Cache), false)
 5 SYSTEMPATH\Boot.php(325): CodeIgniter\CodeIgniter->run()
 6 SYSTEMPATH\Boot.php(67): CodeIgniter\Boot::runCodeIgniter(Object(CodeIgniter\CodeIgniter))
 7 FCPATH\index.php(56): CodeIgniter\Boot::bootWeb(Object(Config\Paths))
 8 SYSTEMPATH\rewrite.php(44): require_once('C:\\laragon\\www\\trashtobigas\\public\\index.php')
CRITICAL - 2025-02-19 06:11:59 --> Error: Class "App\Models\trsh" not found
[Method: GET, Route: admin/edit/23]
in APPPATH\Controllers\AdminController.php on line 16.
 1 SYSTEMPATH\CodeIgniter.php(903): App\Controllers\AdminController->__construct()
 2 SYSTEMPATH\CodeIgniter.php(500): CodeIgniter\CodeIgniter->createController()
 3 SYSTEMPATH\CodeIgniter.php(355): CodeIgniter\CodeIgniter->handleRequest(null, Object(Config\Cache), false)
 4 SYSTEMPATH\Boot.php(325): CodeIgniter\CodeIgniter->run()
 5 SYSTEMPATH\Boot.php(67): CodeIgniter\Boot::runCodeIgniter(Object(CodeIgniter\CodeIgniter))
 6 FCPATH\index.php(56): CodeIgniter\Boot::bootWeb(Object(Config\Paths))
 7 SYSTEMPATH\rewrite.php(44): require_once('C:\\laragon\\www\\trashtobigas\\public\\index.php')
CRITICAL - 2025-02-19 06:12:38 --> CodeIgniter\View\Exceptions\ViewException: Invalid file: "admin/edit_trash.php"
[Method: GET, Route: admin/edit/23]
in SYSTEMPATH\Exceptions\FrameworkException.php on line 41.
 1 SYSTEMPATH\View\View.php(222): CodeIgniter\Exceptions\FrameworkException::forInvalidFile('admin/edit_trash.php')
 2 SYSTEMPATH\Common.php(1171): CodeIgniter\View\View->render('admin/edit_trash', [], true)
 3 APPPATH\Controllers\AdminController.php(133): view('admin/edit_trash', [...])
 4 SYSTEMPATH\CodeIgniter.php(933): App\Controllers\AdminController->edit('23')
 5 SYSTEMPATH\CodeIgniter.php(509): CodeIgniter\CodeIgniter->runController(Object(App\Controllers\AdminController))
 6 SYSTEMPATH\CodeIgniter.php(355): CodeIgniter\CodeIgniter->handleRequest(null, Object(Config\Cache), false)
 7 SYSTEMPATH\Boot.php(325): CodeIgniter\CodeIgniter->run()
 8 SYSTEMPATH\Boot.php(67): CodeIgniter\Boot::runCodeIgniter(Object(CodeIgniter\CodeIgniter))
 9 FCPATH\index.php(56): CodeIgniter\Boot::bootWeb(Object(Config\Paths))
10 SYSTEMPATH\rewrite.php(44): require_once('C:\\laragon\\www\\trashtobigas\\public\\index.php')
CRITICAL - 2025-02-19 06:14:22 --> CodeIgniter\View\Exceptions\ViewException: Invalid file: "admin/edit_trash.php"
[Method: GET, Route: admin/edit/23]
in SYSTEMPATH\Exceptions\FrameworkException.php on line 41.
 1 SYSTEMPATH\View\View.php(222): CodeIgniter\Exceptions\FrameworkException::forInvalidFile('admin/edit_trash.php')
 2 SYSTEMPATH\Common.php(1171): CodeIgniter\View\View->render('admin/edit_trash', [], true)
 3 APPPATH\Controllers\AdminController.php(133): view('admin/edit_trash', [...])
 4 SYSTEMPATH\CodeIgniter.php(933): App\Controllers\AdminController->edit('23')
 5 SYSTEMPATH\CodeIgniter.php(509): CodeIgniter\CodeIgniter->runController(Object(App\Controllers\AdminController))
 6 SYSTEMPATH\CodeIgniter.php(355): CodeIgniter\CodeIgniter->handleRequest(null, Object(Config\Cache), false)
 7 SYSTEMPATH\Boot.php(325): CodeIgniter\CodeIgniter->run()
 8 SYSTEMPATH\Boot.php(67): CodeIgniter\Boot::runCodeIgniter(Object(CodeIgniter\CodeIgniter))
 9 FCPATH\index.php(56): CodeIgniter\Boot::bootWeb(Object(Config\Paths))
10 SYSTEMPATH\rewrite.php(44): require_once('C:\\laragon\\www\\trashtobigas\\public\\index.php')
CRITICAL - 2025-02-19 06:15:15 --> CodeIgniter\View\Exceptions\ViewException: Invalid file: "admin/edit_trash.php"
[Method: GET, Route: admin/edit/23]
in SYSTEMPATH\Exceptions\FrameworkException.php on line 41.
 1 SYSTEMPATH\View\View.php(222): CodeIgniter\Exceptions\FrameworkException::forInvalidFile('admin/edit_trash.php')
 2 SYSTEMPATH\Common.php(1171): CodeIgniter\View\View->render('admin/edit_trash', [], true)
 3 APPPATH\Controllers\AdminController.php(133): view('admin/edit_trash', [...])
 4 SYSTEMPATH\CodeIgniter.php(933): App\Controllers\AdminController->edit('23')
 5 SYSTEMPATH\CodeIgniter.php(509): CodeIgniter\CodeIgniter->runController(Object(App\Controllers\AdminController))
 6 SYSTEMPATH\CodeIgniter.php(355): CodeIgniter\CodeIgniter->handleRequest(null, Object(Config\Cache), false)
 7 SYSTEMPATH\Boot.php(325): CodeIgniter\CodeIgniter->run()
 8 SYSTEMPATH\Boot.php(67): CodeIgniter\Boot::runCodeIgniter(Object(CodeIgniter\CodeIgniter))
 9 FCPATH\index.php(56): CodeIgniter\Boot::bootWeb(Object(Config\Paths))
10 SYSTEMPATH\rewrite.php(44): require_once('C:\\laragon\\www\\trashtobigas\\public\\index.php')
CRITICAL - 2025-02-19 06:16:55 --> CodeIgniter\View\Exceptions\ViewException: Invalid file: "admin/edit_trash.php"
[Method: GET, Route: admin/edit/23]
in SYSTEMPATH\Exceptions\FrameworkException.php on line 41.
 1 SYSTEMPATH\View\View.php(222): CodeIgniter\Exceptions\FrameworkException::forInvalidFile('admin/edit_trash.php')
 2 SYSTEMPATH\Common.php(1171): CodeIgniter\View\View->render('admin/edit_trash', [], true)
 3 APPPATH\Controllers\AdminController.php(133): view('admin/edit_trash', [...])
 4 SYSTEMPATH\CodeIgniter.php(933): App\Controllers\AdminController->edit('23')
 5 SYSTEMPATH\CodeIgniter.php(509): CodeIgniter\CodeIgniter->runController(Object(App\Controllers\AdminController))
 6 SYSTEMPATH\CodeIgniter.php(355): CodeIgniter\CodeIgniter->handleRequest(null, Object(Config\Cache), false)
 7 SYSTEMPATH\Boot.php(325): CodeIgniter\CodeIgniter->run()
 8 SYSTEMPATH\Boot.php(67): CodeIgniter\Boot::runCodeIgniter(Object(CodeIgniter\CodeIgniter))
 9 FCPATH\index.php(56): CodeIgniter\Boot::bootWeb(Object(Config\Paths))
10 SYSTEMPATH\rewrite.php(44): require_once('C:\\laragon\\www\\trashtobigas\\public\\index.php')
CRITICAL - 2025-02-19 06:17:02 --> ErrorException: Undefined variable $Inv
[Method: GET, Route: admin/viewEdit/23]
in APPPATH\Views\admin\editGarbage.php on line 46.
 1 APPPATH\Views\admin\editGarbage.php(46): CodeIgniter\Debug\Exceptions->errorHandler(2, 'Undefined variable $Inv', 'C:\\laragon\\www\\trashtobigas\\app\\Views\\admin\\editGarbage.php', 46)
 2 SYSTEMPATH\View\View.php(234): include('C:\\laragon\\www\\trashtobigas\\app\\Views\\admin\\editGarbage.php')
 3 SYSTEMPATH\View\View.php(237): CodeIgniter\View\View->CodeIgniter\View\{closure}()
 4 SYSTEMPATH\Common.php(1171): CodeIgniter\View\View->render('admin/editGarbage', [], true)
 5 APPPATH\Controllers\AdminController.php(144): view('admin/editGarbage', [...])
 6 SYSTEMPATH\CodeIgniter.php(933): App\Controllers\AdminController->viewEdit('23')
 7 SYSTEMPATH\CodeIgniter.php(509): CodeIgniter\CodeIgniter->runController(Object(App\Controllers\AdminController))
 8 SYSTEMPATH\CodeIgniter.php(355): CodeIgniter\CodeIgniter->handleRequest(null, Object(Config\Cache), false)
 9 SYSTEMPATH\Boot.php(325): CodeIgniter\CodeIgniter->run()
10 SYSTEMPATH\Boot.php(67): CodeIgniter\Boot::runCodeIgniter(Object(CodeIgniter\CodeIgniter))
11 FCPATH\index.php(56): CodeIgniter\Boot::bootWeb(Object(Config\Paths))
12 SYSTEMPATH\rewrite.php(44): require_once('C:\\laragon\\www\\trashtobigas\\public\\index.php')
CRITICAL - 2025-02-19 06:17:21 --> ErrorException: Undefined variable $Inv
[Method: GET, Route: admin/viewEdit/23]
in APPPATH\Views\admin\editGarbage.php on line 46.
 1 APPPATH\Views\admin\editGarbage.php(46): CodeIgniter\Debug\Exceptions->errorHandler(2, 'Undefined variable $Inv', 'C:\\laragon\\www\\trashtobigas\\app\\Views\\admin\\editGarbage.php', 46)
 2 SYSTEMPATH\View\View.php(234): include('C:\\laragon\\www\\trashtobigas\\app\\Views\\admin\\editGarbage.php')
 3 SYSTEMPATH\View\View.php(237): CodeIgniter\View\View->CodeIgniter\View\{closure}()
 4 SYSTEMPATH\Common.php(1171): CodeIgniter\View\View->render('admin/editGarbage', [], true)
 5 APPPATH\Controllers\AdminController.php(144): view('admin/editGarbage', [...])
 6 SYSTEMPATH\CodeIgniter.php(933): App\Controllers\AdminController->viewEdit('23')
 7 SYSTEMPATH\CodeIgniter.php(509): CodeIgniter\CodeIgniter->runController(Object(App\Controllers\AdminController))
 8 SYSTEMPATH\CodeIgniter.php(355): CodeIgniter\CodeIgniter->handleRequest(null, Object(Config\Cache), false)
 9 SYSTEMPATH\Boot.php(325): CodeIgniter\CodeIgniter->run()
10 SYSTEMPATH\Boot.php(67): CodeIgniter\Boot::runCodeIgniter(Object(CodeIgniter\CodeIgniter))
11 FCPATH\index.php(56): CodeIgniter\Boot::bootWeb(Object(Config\Paths))
12 SYSTEMPATH\rewrite.php(44): require_once('C:\\laragon\\www\\trashtobigas\\public\\index.php')
CRITICAL - 2025-02-19 06:18:47 --> ErrorException: Undefined variable $editrsh
[Method: GET, Route: admin/viewEdit/23]
in APPPATH\Views\admin\editGarbage.php on line 25.
 1 APPPATH\Views\admin\editGarbage.php(25): CodeIgniter\Debug\Exceptions->errorHandler(2, 'Undefined variable $editrsh', 'C:\\laragon\\www\\trashtobigas\\app\\Views\\admin\\editGarbage.php', 25)
 2 SYSTEMPATH\View\View.php(234): include('C:\\laragon\\www\\trashtobigas\\app\\Views\\admin\\editGarbage.php')
 3 SYSTEMPATH\View\View.php(237): CodeIgniter\View\View->CodeIgniter\View\{closure}()
 4 SYSTEMPATH\Common.php(1171): CodeIgniter\View\View->render('admin/editGarbage', [], true)
 5 APPPATH\Controllers\AdminController.php(144): view('admin/editGarbage', [...])
 6 SYSTEMPATH\CodeIgniter.php(933): App\Controllers\AdminController->viewEdit('23')
 7 SYSTEMPATH\CodeIgniter.php(509): CodeIgniter\CodeIgniter->runController(Object(App\Controllers\AdminController))
 8 SYSTEMPATH\CodeIgniter.php(355): CodeIgniter\CodeIgniter->handleRequest(null, Object(Config\Cache), false)
 9 SYSTEMPATH\Boot.php(325): CodeIgniter\CodeIgniter->run()
10 SYSTEMPATH\Boot.php(67): CodeIgniter\Boot::runCodeIgniter(Object(CodeIgniter\CodeIgniter))
11 FCPATH\index.php(56): CodeIgniter\Boot::bootWeb(Object(Config\Paths))
12 SYSTEMPATH\rewrite.php(44): require_once('C:\\laragon\\www\\trashtobigas\\public\\index.php')
CRITICAL - 2025-02-19 06:49:27 --> ErrorException: Trying to access array offset on value of type null
[Method: GET, Route: admin/viewEdit/23]
in APPPATH\Views\admin\editGarbage.php on line 23.
 1 APPPATH\Views\admin\editGarbage.php(23): CodeIgniter\Debug\Exceptions->errorHandler(2, 'Trying to access array offset on value of type null', 'C:\\laragon\\www\\trashtobigas\\app\\Views\\admin\\editGarbage.php', 23)
 2 SYSTEMPATH\View\View.php(234): include('C:\\laragon\\www\\trashtobigas\\app\\Views\\admin\\editGarbage.php')
 3 SYSTEMPATH\View\View.php(237): CodeIgniter\View\View->CodeIgniter\View\{closure}()
 4 SYSTEMPATH\Common.php(1171): CodeIgniter\View\View->render('admin/editGarbage', [], true)
 5 APPPATH\Controllers\AdminController.php(137): view('admin/editGarbage', [...])
 6 SYSTEMPATH\CodeIgniter.php(933): App\Controllers\AdminController->viewEdit('23')
 7 SYSTEMPATH\CodeIgniter.php(509): CodeIgniter\CodeIgniter->runController(Object(App\Controllers\AdminController))
 8 SYSTEMPATH\CodeIgniter.php(355): CodeIgniter\CodeIgniter->handleRequest(null, Object(Config\Cache), false)
 9 SYSTEMPATH\Boot.php(325): CodeIgniter\CodeIgniter->run()
10 SYSTEMPATH\Boot.php(67): CodeIgniter\Boot::runCodeIgniter(Object(CodeIgniter\CodeIgniter))
11 FCPATH\index.php(56): CodeIgniter\Boot::bootWeb(Object(Config\Paths))
12 SYSTEMPATH\rewrite.php(44): require_once('C:\\laragon\\www\\trashtobigas\\public\\index.php')
CRITICAL - 2025-02-19 06:50:05 --> ErrorException: Trying to access array offset on value of type null
[Method: GET, Route: admin/viewEdit/23]
in APPPATH\Views\admin\editGarbage.php on line 23.
 1 APPPATH\Views\admin\editGarbage.php(23): CodeIgniter\Debug\Exceptions->errorHandler(2, 'Trying to access array offset on value of type null', 'C:\\laragon\\www\\trashtobigas\\app\\Views\\admin\\editGarbage.php', 23)
 2 SYSTEMPATH\View\View.php(234): include('C:\\laragon\\www\\trashtobigas\\app\\Views\\admin\\editGarbage.php')
 3 SYSTEMPATH\View\View.php(237): CodeIgniter\View\View->CodeIgniter\View\{closure}()
 4 SYSTEMPATH\Common.php(1171): CodeIgniter\View\View->render('admin/editGarbage', [], true)
 5 APPPATH\Controllers\AdminController.php(137): view('admin/editGarbage', [...])
 6 SYSTEMPATH\CodeIgniter.php(933): App\Controllers\AdminController->viewEdit('23')
 7 SYSTEMPATH\CodeIgniter.php(509): CodeIgniter\CodeIgniter->runController(Object(App\Controllers\AdminController))
 8 SYSTEMPATH\CodeIgniter.php(355): CodeIgniter\CodeIgniter->handleRequest(null, Object(Config\Cache), false)
 9 SYSTEMPATH\Boot.php(325): CodeIgniter\CodeIgniter->run()
10 SYSTEMPATH\Boot.php(67): CodeIgniter\Boot::runCodeIgniter(Object(CodeIgniter\CodeIgniter))
11 FCPATH\index.php(56): CodeIgniter\Boot::bootWeb(Object(Config\Paths))
12 SYSTEMPATH\rewrite.php(44): require_once('C:\\laragon\\www\\trashtobigas\\public\\index.php')
