ERROR - 2025-05-20 12:24:04 --> Error connecting to the database: mysqli_sql_exception: No connection could be made because the target machine actively refused it in C:\Backup\trashtobigas\system\Database\MySQLi\Connection.php:186
Stack trace:
#0 C:\Backup\trashtobigas\system\Database\MySQLi\Connection.php(186): mysqli->real_connect()
#1 C:\Backup\trashtobigas\system\Database\BaseConnection.php(421): CodeIgniter\Database\MySQLi\Connection->connect()
#2 C:\Backup\trashtobigas\system\Database\BaseConnection.php(616): CodeIgniter\Database\BaseConnection->initialize()
#3 C:\Backup\trashtobigas\system\Database\BaseBuilder.php(1644): CodeIgniter\Database\BaseConnection->query()
#4 C:\Backup\trashtobigas\system\Model.php(330): CodeIgniter\Database\BaseBuilder->get()
#5 C:\Backup\trashtobigas\system\BaseModel.php(714): CodeIgniter\Model->doFirst()
#6 C:\Backup\trashtobigas\app\Controllers\AuthController.php(363): CodeIgniter\BaseModel->first()
#7 C:\Backup\trashtobigas\system\CodeIgniter.php(933): App\Controllers\AuthController->attemptLogin()
#8 C:\Backup\trashtobigas\system\CodeIgniter.php(509): CodeIgniter\CodeIgniter->runController()
#9 C:\Backup\trashtobigas\system\CodeIgniter.php(355): CodeIgniter\CodeIgniter->handleRequest()
#10 C:\Backup\trashtobigas\system\Boot.php(325): CodeIgniter\CodeIgniter->run()
#11 C:\Backup\trashtobigas\system\Boot.php(67): CodeIgniter\Boot::runCodeIgniter()
#12 C:\Backup\trashtobigas\public\index.php(56): CodeIgniter\Boot::bootWeb()
#13 C:\Backup\trashtobigas\system\rewrite.php(44): require_once('...')
#14 {main}

Next CodeIgniter\Database\Exceptions\DatabaseException: No connection could be made because the target machine actively refused it in C:\Backup\trashtobigas\system\Database\MySQLi\Connection.php:231
Stack trace:
#0 C:\Backup\trashtobigas\system\Database\BaseConnection.php(421): CodeIgniter\Database\MySQLi\Connection->connect()
#1 C:\Backup\trashtobigas\system\Database\BaseConnection.php(616): CodeIgniter\Database\BaseConnection->initialize()
#2 C:\Backup\trashtobigas\system\Database\BaseBuilder.php(1644): CodeIgniter\Database\BaseConnection->query()
#3 C:\Backup\trashtobigas\system\Model.php(330): CodeIgniter\Database\BaseBuilder->get()
#4 C:\Backup\trashtobigas\system\BaseModel.php(714): CodeIgniter\Model->doFirst()
#5 C:\Backup\trashtobigas\app\Controllers\AuthController.php(363): CodeIgniter\BaseModel->first()
#6 C:\Backup\trashtobigas\system\CodeIgniter.php(933): App\Controllers\AuthController->attemptLogin()
#7 C:\Backup\trashtobigas\system\CodeIgniter.php(509): CodeIgniter\CodeIgniter->runController()
#8 C:\Backup\trashtobigas\system\CodeIgniter.php(355): CodeIgniter\CodeIgniter->handleRequest()
#9 C:\Backup\trashtobigas\system\Boot.php(325): CodeIgniter\CodeIgniter->run()
#10 C:\Backup\trashtobigas\system\Boot.php(67): CodeIgniter\Boot::runCodeIgniter()
#11 C:\Backup\trashtobigas\public\index.php(56): CodeIgniter\Boot::bootWeb()
#12 C:\Backup\trashtobigas\system\rewrite.php(44): require_once('...')
#13 {main}
CRITICAL - 2025-05-20 12:24:04 --> CodeIgniter\Database\Exceptions\DatabaseException: Unable to connect to the database.
Main connection [MySQLi]: No connection could be made because the target machine actively refused it
[Method: POST, Route: loginAuth]
in SYSTEMPATH\Database\BaseConnection.php on line 467.
 1 SYSTEMPATH\Database\BaseConnection.php(616): CodeIgniter\Database\BaseConnection->initialize()
 2 SYSTEMPATH\Database\BaseBuilder.php(1644): CodeIgniter\Database\BaseConnection->query()
 3 SYSTEMPATH\Model.php(330): CodeIgniter\Database\BaseBuilder->get()
 4 SYSTEMPATH\BaseModel.php(714): CodeIgniter\Model->doFirst()
 5 APPPATH\Controllers\AuthController.php(363): CodeIgniter\BaseModel->first()
 6 SYSTEMPATH\CodeIgniter.php(933): App\Controllers\AuthController->attemptLogin()
 7 SYSTEMPATH\CodeIgniter.php(509): CodeIgniter\CodeIgniter->runController()
 8 SYSTEMPATH\CodeIgniter.php(355): CodeIgniter\CodeIgniter->handleRequest()
 9 SYSTEMPATH\Boot.php(325): CodeIgniter\CodeIgniter->run()
10 SYSTEMPATH\Boot.php(67): CodeIgniter\Boot::runCodeIgniter()
11 FCPATH\index.php(56): CodeIgniter\Boot::bootWeb()
12 SYSTEMPATH\rewrite.php(44): require_once('C:\\Backup\\trashtobigas\\public\\index.php')
ERROR - 2025-05-20 12:24:40 --> Error connecting to the database: mysqli_sql_exception: No connection could be made because the target machine actively refused it in C:\Backup\trashtobigas\system\Database\MySQLi\Connection.php:186
Stack trace:
#0 C:\Backup\trashtobigas\system\Database\MySQLi\Connection.php(186): mysqli->real_connect()
#1 C:\Backup\trashtobigas\system\Database\BaseConnection.php(421): CodeIgniter\Database\MySQLi\Connection->connect()
#2 C:\Backup\trashtobigas\system\Database\BaseConnection.php(616): CodeIgniter\Database\BaseConnection->initialize()
#3 C:\Backup\trashtobigas\system\Database\BaseBuilder.php(1644): CodeIgniter\Database\BaseConnection->query()
#4 C:\Backup\trashtobigas\system\Model.php(330): CodeIgniter\Database\BaseBuilder->get()
#5 C:\Backup\trashtobigas\system\BaseModel.php(714): CodeIgniter\Model->doFirst()
#6 C:\Backup\trashtobigas\app\Controllers\AuthController.php(363): CodeIgniter\BaseModel->first()
#7 C:\Backup\trashtobigas\system\CodeIgniter.php(933): App\Controllers\AuthController->attemptLogin()
#8 C:\Backup\trashtobigas\system\CodeIgniter.php(509): CodeIgniter\CodeIgniter->runController()
#9 C:\Backup\trashtobigas\system\CodeIgniter.php(355): CodeIgniter\CodeIgniter->handleRequest()
#10 C:\Backup\trashtobigas\system\Boot.php(325): CodeIgniter\CodeIgniter->run()
#11 C:\Backup\trashtobigas\system\Boot.php(67): CodeIgniter\Boot::runCodeIgniter()
#12 C:\Backup\trashtobigas\public\index.php(56): CodeIgniter\Boot::bootWeb()
#13 C:\Backup\trashtobigas\system\rewrite.php(44): require_once('...')
#14 {main}

Next CodeIgniter\Database\Exceptions\DatabaseException: No connection could be made because the target machine actively refused it in C:\Backup\trashtobigas\system\Database\MySQLi\Connection.php:231
Stack trace:
#0 C:\Backup\trashtobigas\system\Database\BaseConnection.php(421): CodeIgniter\Database\MySQLi\Connection->connect()
#1 C:\Backup\trashtobigas\system\Database\BaseConnection.php(616): CodeIgniter\Database\BaseConnection->initialize()
#2 C:\Backup\trashtobigas\system\Database\BaseBuilder.php(1644): CodeIgniter\Database\BaseConnection->query()
#3 C:\Backup\trashtobigas\system\Model.php(330): CodeIgniter\Database\BaseBuilder->get()
#4 C:\Backup\trashtobigas\system\BaseModel.php(714): CodeIgniter\Model->doFirst()
#5 C:\Backup\trashtobigas\app\Controllers\AuthController.php(363): CodeIgniter\BaseModel->first()
#6 C:\Backup\trashtobigas\system\CodeIgniter.php(933): App\Controllers\AuthController->attemptLogin()
#7 C:\Backup\trashtobigas\system\CodeIgniter.php(509): CodeIgniter\CodeIgniter->runController()
#8 C:\Backup\trashtobigas\system\CodeIgniter.php(355): CodeIgniter\CodeIgniter->handleRequest()
#9 C:\Backup\trashtobigas\system\Boot.php(325): CodeIgniter\CodeIgniter->run()
#10 C:\Backup\trashtobigas\system\Boot.php(67): CodeIgniter\Boot::runCodeIgniter()
#11 C:\Backup\trashtobigas\public\index.php(56): CodeIgniter\Boot::bootWeb()
#12 C:\Backup\trashtobigas\system\rewrite.php(44): require_once('...')
#13 {main}
CRITICAL - 2025-05-20 12:24:40 --> CodeIgniter\Database\Exceptions\DatabaseException: Unable to connect to the database.
Main connection [MySQLi]: No connection could be made because the target machine actively refused it
[Method: POST, Route: loginAuth]
in SYSTEMPATH\Database\BaseConnection.php on line 467.
 1 SYSTEMPATH\Database\BaseConnection.php(616): CodeIgniter\Database\BaseConnection->initialize()
 2 SYSTEMPATH\Database\BaseBuilder.php(1644): CodeIgniter\Database\BaseConnection->query()
 3 SYSTEMPATH\Model.php(330): CodeIgniter\Database\BaseBuilder->get()
 4 SYSTEMPATH\BaseModel.php(714): CodeIgniter\Model->doFirst()
 5 APPPATH\Controllers\AuthController.php(363): CodeIgniter\BaseModel->first()
 6 SYSTEMPATH\CodeIgniter.php(933): App\Controllers\AuthController->attemptLogin()
 7 SYSTEMPATH\CodeIgniter.php(509): CodeIgniter\CodeIgniter->runController()
 8 SYSTEMPATH\CodeIgniter.php(355): CodeIgniter\CodeIgniter->handleRequest()
 9 SYSTEMPATH\Boot.php(325): CodeIgniter\CodeIgniter->run()
10 SYSTEMPATH\Boot.php(67): CodeIgniter\Boot::runCodeIgniter()
11 FCPATH\index.php(56): CodeIgniter\Boot::bootWeb()
12 SYSTEMPATH\rewrite.php(44): require_once('C:\\Backup\\trashtobigas\\public\\index.php')
CRITICAL - 2025-05-20 04:27:36 --> CodeIgniter\HTTP\Exceptions\BadRequestException: The URI you submitted has disallowed characters: "<"
[Method: GET, Route: applicantdetails/%3C]
in SYSTEMPATH\Router\Router.php on line 737.
 1 SYSTEMPATH\Router\Router.php(204): CodeIgniter\Router\Router->checkDisallowedChars()
 2 SYSTEMPATH\CodeIgniter.php(834): CodeIgniter\Router\Router->handle()
 3 SYSTEMPATH\CodeIgniter.php(457): CodeIgniter\CodeIgniter->tryToRouteIt()
 4 SYSTEMPATH\CodeIgniter.php(355): CodeIgniter\CodeIgniter->handleRequest()
 5 SYSTEMPATH\Boot.php(325): CodeIgniter\CodeIgniter->run()
 6 SYSTEMPATH\Boot.php(67): CodeIgniter\Boot::runCodeIgniter()
 7 FCPATH\index.php(56): CodeIgniter\Boot::bootWeb()
 8 SYSTEMPATH\rewrite.php(44): require_once('C:\\Backup\\trashtobigas\\public\\index.php')
CRITICAL - 2025-05-20 04:27:36 --> CodeIgniter\HTTP\Exceptions\BadRequestException: The URI you submitted has disallowed characters: "<"
[Method: GET, Route: applicantdetails/%3C]
in SYSTEMPATH\Router\Router.php on line 737.
 1 SYSTEMPATH\Router\Router.php(204): CodeIgniter\Router\Router->checkDisallowedChars()
 2 SYSTEMPATH\CodeIgniter.php(834): CodeIgniter\Router\Router->handle()
 3 SYSTEMPATH\CodeIgniter.php(457): CodeIgniter\CodeIgniter->tryToRouteIt()
 4 SYSTEMPATH\CodeIgniter.php(355): CodeIgniter\CodeIgniter->handleRequest()
 5 SYSTEMPATH\Boot.php(325): CodeIgniter\CodeIgniter->run()
 6 SYSTEMPATH\Boot.php(67): CodeIgniter\Boot::runCodeIgniter()
 7 FCPATH\index.php(56): CodeIgniter\Boot::bootWeb()
 8 SYSTEMPATH\rewrite.php(44): require_once('C:\\Backup\\trashtobigas\\public\\index.php')
