CRITICAL - 2025-02-17 06:49:10 --> ParseError: syntax error, unexpected end of file
[Method: GET, Route: home]
in APPPATH\Config\Routes.php on line 10.
 1 SYSTEMPATH\CodeIgniter.php(823): CodeIgniter\Router\RouteCollection->loadRoutes()
 2 SYSTEMPATH\CodeIgniter.php(457): CodeIgniter\CodeIgniter->tryToRouteIt(null)
 3 SYSTEMPATH\CodeIgniter.php(355): CodeIgniter\CodeIgniter->handleRequest(null, Object(Config\Cache), false)
 4 SYSTEMPATH\Boot.php(325): CodeIgniter\CodeIgniter->run()
 5 SYSTEMPATH\Boot.php(67): CodeIgniter\Boot::runCodeIgniter(Object(CodeIgniter\CodeIgniter))
 6 FCPATH\index.php(56): CodeIgniter\Boot::bootWeb(Object(Config\Paths))
 7 SYSTEMPATH\rewrite.php(44): require_once('C:\\laragon\\www\\TRASHTOBIGAS\\public\\index.php')
CRITICAL - 2025-02-17 07:01:31 --> ParseError: syntax error, unexpected token "}", expecting ";"
[Method: GET, Route: inventory]
in APPPATH\Controllers\AdminController.php on line 29.
 1 SYSTEMPATH\Autoloader\Autoloader.php(296): CodeIgniter\Autoloader\Autoloader->includeFile('C:\\laragon\\www\\TRASHTOBIGAS\\app\\Controllers\\AdminController.php')
 2 SYSTEMPATH\Autoloader\Autoloader.php(272): CodeIgniter\Autoloader\Autoloader->loadInNamespace('App\\Controllers\\AdminController')
 3 [internal function]: CodeIgniter\Autoloader\Autoloader->loadClass('App\\Controllers\\AdminController')
 4 SYSTEMPATH\CodeIgniter.php(887): class_exists('\\App\\Controllers\\AdminController', true)
 5 SYSTEMPATH\CodeIgniter.php(496): CodeIgniter\CodeIgniter->startController()
 6 SYSTEMPATH\CodeIgniter.php(355): CodeIgniter\CodeIgniter->handleRequest(null, Object(Config\Cache), false)
 7 SYSTEMPATH\Boot.php(325): CodeIgniter\CodeIgniter->run()
 8 SYSTEMPATH\Boot.php(67): CodeIgniter\Boot::runCodeIgniter(Object(CodeIgniter\CodeIgniter))
 9 FCPATH\index.php(56): CodeIgniter\Boot::bootWeb(Object(Config\Paths))
10 SYSTEMPATH\rewrite.php(44): require_once('C:\\laragon\\www\\TRASHTOBIGAS\\public\\index.php')
CRITICAL - 2025-02-17 07:03:34 --> Error: Call to a member function findAll() on null
[Method: GET, Route: inventory]
in APPPATH\Controllers\AdminController.php on line 43.
 1 SYSTEMPATH\CodeIgniter.php(933): App\Controllers\AdminController->inventory()
 2 SYSTEMPATH\CodeIgniter.php(509): CodeIgniter\CodeIgniter->runController(Object(App\Controllers\AdminController))
 3 SYSTEMPATH\CodeIgniter.php(355): CodeIgniter\CodeIgniter->handleRequest(null, Object(Config\Cache), false)
 4 SYSTEMPATH\Boot.php(325): CodeIgniter\CodeIgniter->run()
 5 SYSTEMPATH\Boot.php(67): CodeIgniter\Boot::runCodeIgniter(Object(CodeIgniter\CodeIgniter))
 6 FCPATH\index.php(56): CodeIgniter\Boot::bootWeb(Object(Config\Paths))
 7 SYSTEMPATH\rewrite.php(44): require_once('C:\\laragon\\www\\TRASHTOBIGAS\\public\\index.php')
CRITICAL - 2025-02-17 07:03:43 --> Error: Call to a member function first() on null
[Method: GET, Route: inventory]
in APPPATH\Controllers\AdminController.php on line 43.
 1 SYSTEMPATH\CodeIgniter.php(933): App\Controllers\AdminController->inventory()
 2 SYSTEMPATH\CodeIgniter.php(509): CodeIgniter\CodeIgniter->runController(Object(App\Controllers\AdminController))
 3 SYSTEMPATH\CodeIgniter.php(355): CodeIgniter\CodeIgniter->handleRequest(null, Object(Config\Cache), false)
 4 SYSTEMPATH\Boot.php(325): CodeIgniter\CodeIgniter->run()
 5 SYSTEMPATH\Boot.php(67): CodeIgniter\Boot::runCodeIgniter(Object(CodeIgniter\CodeIgniter))
 6 FCPATH\index.php(56): CodeIgniter\Boot::bootWeb(Object(Config\Paths))
 7 SYSTEMPATH\rewrite.php(44): require_once('C:\\laragon\\www\\TRASHTOBIGAS\\public\\index.php')
CRITICAL - 2025-02-17 07:05:47 --> Error: Call to a member function first() on null
[Method: GET, Route: inventory]
in APPPATH\Controllers\AdminController.php on line 43.
 1 SYSTEMPATH\CodeIgniter.php(933): App\Controllers\AdminController->inventory()
 2 SYSTEMPATH\CodeIgniter.php(509): CodeIgniter\CodeIgniter->runController(Object(App\Controllers\AdminController))
 3 SYSTEMPATH\CodeIgniter.php(355): CodeIgniter\CodeIgniter->handleRequest(null, Object(Config\Cache), false)
 4 SYSTEMPATH\Boot.php(325): CodeIgniter\CodeIgniter->run()
 5 SYSTEMPATH\Boot.php(67): CodeIgniter\Boot::runCodeIgniter(Object(CodeIgniter\CodeIgniter))
 6 FCPATH\index.php(56): CodeIgniter\Boot::bootWeb(Object(Config\Paths))
 7 SYSTEMPATH\rewrite.php(44): require_once('C:\\laragon\\www\\TRASHTOBIGAS\\public\\index.php')
CRITICAL - 2025-02-17 07:05:49 --> Error: Call to a member function first() on null
[Method: GET, Route: inventory]
in APPPATH\Controllers\AdminController.php on line 43.
 1 SYSTEMPATH\CodeIgniter.php(933): App\Controllers\AdminController->inventory()
 2 SYSTEMPATH\CodeIgniter.php(509): CodeIgniter\CodeIgniter->runController(Object(App\Controllers\AdminController))
 3 SYSTEMPATH\CodeIgniter.php(355): CodeIgniter\CodeIgniter->handleRequest(null, Object(Config\Cache), false)
 4 SYSTEMPATH\Boot.php(325): CodeIgniter\CodeIgniter->run()
 5 SYSTEMPATH\Boot.php(67): CodeIgniter\Boot::runCodeIgniter(Object(CodeIgniter\CodeIgniter))
 6 FCPATH\index.php(56): CodeIgniter\Boot::bootWeb(Object(Config\Paths))
 7 SYSTEMPATH\rewrite.php(44): require_once('C:\\laragon\\www\\TRASHTOBIGAS\\public\\index.php')
CRITICAL - 2025-02-17 07:06:05 --> ArgumentCountError: var_dump() expects at least 1 argument, 0 given
[Method: GET, Route: inventory]
in APPPATH\Controllers\AdminController.php on line 43.
 1 APPPATH\Controllers\AdminController.php(43): var_dump()
 2 SYSTEMPATH\CodeIgniter.php(933): App\Controllers\AdminController->inventory()
 3 SYSTEMPATH\CodeIgniter.php(509): CodeIgniter\CodeIgniter->runController(Object(App\Controllers\AdminController))
 4 SYSTEMPATH\CodeIgniter.php(355): CodeIgniter\CodeIgniter->handleRequest(null, Object(Config\Cache), false)
 5 SYSTEMPATH\Boot.php(325): CodeIgniter\CodeIgniter->run()
 6 SYSTEMPATH\Boot.php(67): CodeIgniter\Boot::runCodeIgniter(Object(CodeIgniter\CodeIgniter))
 7 FCPATH\index.php(56): CodeIgniter\Boot::bootWeb(Object(Config\Paths))
 8 SYSTEMPATH\rewrite.php(44): require_once('C:\\laragon\\www\\TRASHTOBIGAS\\public\\index.php')
CRITICAL - 2025-02-17 07:06:42 --> Error: Call to a member function findAll() on null
[Method: GET, Route: inventory]
in APPPATH\Controllers\AdminController.php on line 42.
 1 SYSTEMPATH\CodeIgniter.php(933): App\Controllers\AdminController->inventory()
 2 SYSTEMPATH\CodeIgniter.php(509): CodeIgniter\CodeIgniter->runController(Object(App\Controllers\AdminController))
 3 SYSTEMPATH\CodeIgniter.php(355): CodeIgniter\CodeIgniter->handleRequest(null, Object(Config\Cache), false)
 4 SYSTEMPATH\Boot.php(325): CodeIgniter\CodeIgniter->run()
 5 SYSTEMPATH\Boot.php(67): CodeIgniter\Boot::runCodeIgniter(Object(CodeIgniter\CodeIgniter))
 6 FCPATH\index.php(56): CodeIgniter\Boot::bootWeb(Object(Config\Paths))
 7 SYSTEMPATH\rewrite.php(44): require_once('C:\\laragon\\www\\TRASHTOBIGAS\\public\\index.php')
CRITICAL - 2025-02-17 07:07:11 --> Error: Call to a member function findAll() on null
[Method: GET, Route: inventory]
in APPPATH\Controllers\AdminController.php on line 42.
 1 SYSTEMPATH\CodeIgniter.php(933): App\Controllers\AdminController->inventory()
 2 SYSTEMPATH\CodeIgniter.php(509): CodeIgniter\CodeIgniter->runController(Object(App\Controllers\AdminController))
 3 SYSTEMPATH\CodeIgniter.php(355): CodeIgniter\CodeIgniter->handleRequest(null, Object(Config\Cache), false)
 4 SYSTEMPATH\Boot.php(325): CodeIgniter\CodeIgniter->run()
 5 SYSTEMPATH\Boot.php(67): CodeIgniter\Boot::runCodeIgniter(Object(CodeIgniter\CodeIgniter))
 6 FCPATH\index.php(56): CodeIgniter\Boot::bootWeb(Object(Config\Paths))
 7 SYSTEMPATH\rewrite.php(44): require_once('C:\\laragon\\www\\TRASHTOBIGAS\\public\\index.php')
CRITICAL - 2025-02-17 07:07:25 --> Error: Call to a member function findAll() on null
[Method: GET, Route: inventory]
in APPPATH\Controllers\AdminController.php on line 42.
 1 SYSTEMPATH\CodeIgniter.php(933): App\Controllers\AdminController->inventory()
 2 SYSTEMPATH\CodeIgniter.php(509): CodeIgniter\CodeIgniter->runController(Object(App\Controllers\AdminController))
 3 SYSTEMPATH\CodeIgniter.php(355): CodeIgniter\CodeIgniter->handleRequest(null, Object(Config\Cache), false)
 4 SYSTEMPATH\Boot.php(325): CodeIgniter\CodeIgniter->run()
 5 SYSTEMPATH\Boot.php(67): CodeIgniter\Boot::runCodeIgniter(Object(CodeIgniter\CodeIgniter))
 6 FCPATH\index.php(56): CodeIgniter\Boot::bootWeb(Object(Config\Paths))
 7 SYSTEMPATH\rewrite.php(44): require_once('C:\\laragon\\www\\TRASHTOBIGAS\\public\\index.php')
CRITICAL - 2025-02-17 07:07:46 --> Error: Call to a member function findAll() on null
[Method: GET, Route: inventory]
in APPPATH\Controllers\AdminController.php on line 42.
 1 SYSTEMPATH\CodeIgniter.php(933): App\Controllers\AdminController->inventory()
 2 SYSTEMPATH\CodeIgniter.php(509): CodeIgniter\CodeIgniter->runController(Object(App\Controllers\AdminController))
 3 SYSTEMPATH\CodeIgniter.php(355): CodeIgniter\CodeIgniter->handleRequest(null, Object(Config\Cache), false)
 4 SYSTEMPATH\Boot.php(325): CodeIgniter\CodeIgniter->run()
 5 SYSTEMPATH\Boot.php(67): CodeIgniter\Boot::runCodeIgniter(Object(CodeIgniter\CodeIgniter))
 6 FCPATH\index.php(56): CodeIgniter\Boot::bootWeb(Object(Config\Paths))
 7 SYSTEMPATH\rewrite.php(44): require_once('C:\\laragon\\www\\TRASHTOBIGAS\\public\\index.php')
ERROR - 2025-02-17 07:09:33 --> Error connecting to the database: mysqli_sql_exception: Unknown database 'trashtobigas' in C:\laragon\www\TRASHTOBIGAS\system\Database\MySQLi\Connection.php:187
Stack trace:
#0 C:\laragon\www\TRASHTOBIGAS\system\Database\MySQLi\Connection.php(187): mysqli->real_connect('localhost', 'root', 'dankeneth221133...', 'trashtobigas', 3306, '', 0)
#1 C:\laragon\www\TRASHTOBIGAS\system\Database\BaseConnection.php(421): CodeIgniter\Database\MySQLi\Connection->connect(false)
#2 C:\laragon\www\TRASHTOBIGAS\system\Database\BaseConnection.php(616): CodeIgniter\Database\BaseConnection->initialize()
#3 C:\laragon\www\TRASHTOBIGAS\system\Database\BaseBuilder.php(1644): CodeIgniter\Database\BaseConnection->query('SELECT *\nFROM `...', Array, false)
#4 C:\laragon\www\TRASHTOBIGAS\system\Model.php(286): CodeIgniter\Database\BaseBuilder->get()
#5 C:\laragon\www\TRASHTOBIGAS\system\BaseModel.php(676): CodeIgniter\Model->doFindAll(0, 0)
#6 C:\laragon\www\TRASHTOBIGAS\app\Controllers\AdminController.php(44): CodeIgniter\BaseModel->findAll()
#7 C:\laragon\www\TRASHTOBIGAS\system\CodeIgniter.php(933): App\Controllers\AdminController->inventory()
#8 C:\laragon\www\TRASHTOBIGAS\system\CodeIgniter.php(509): CodeIgniter\CodeIgniter->runController(Object(App\Controllers\AdminController))
#9 C:\laragon\www\TRASHTOBIGAS\system\CodeIgniter.php(355): CodeIgniter\CodeIgniter->handleRequest(NULL, Object(Config\Cache), false)
#10 C:\laragon\www\TRASHTOBIGAS\system\Boot.php(325): CodeIgniter\CodeIgniter->run()
#11 C:\laragon\www\TRASHTOBIGAS\system\Boot.php(67): CodeIgniter\Boot::runCodeIgniter(Object(CodeIgniter\CodeIgniter))
#12 C:\laragon\www\TRASHTOBIGAS\public\index.php(56): CodeIgniter\Boot::bootWeb(Object(Config\Paths))
#13 C:\laragon\www\TRASHTOBIGAS\system\rewrite.php(44): require_once('C:\\laragon\\www\\...')
#14 {main}

Next CodeIgniter\Database\Exceptions\DatabaseException: Unknown database 'trashtobigas' in C:\laragon\www\TRASHTOBIGAS\system\Database\MySQLi\Connection.php:231
Stack trace:
#0 C:\laragon\www\TRASHTOBIGAS\system\Database\BaseConnection.php(421): CodeIgniter\Database\MySQLi\Connection->connect(false)
#1 C:\laragon\www\TRASHTOBIGAS\system\Database\BaseConnection.php(616): CodeIgniter\Database\BaseConnection->initialize()
#2 C:\laragon\www\TRASHTOBIGAS\system\Database\BaseBuilder.php(1644): CodeIgniter\Database\BaseConnection->query('SELECT *\nFROM `...', Array, false)
#3 C:\laragon\www\TRASHTOBIGAS\system\Model.php(286): CodeIgniter\Database\BaseBuilder->get()
#4 C:\laragon\www\TRASHTOBIGAS\system\BaseModel.php(676): CodeIgniter\Model->doFindAll(0, 0)
#5 C:\laragon\www\TRASHTOBIGAS\app\Controllers\AdminController.php(44): CodeIgniter\BaseModel->findAll()
#6 C:\laragon\www\TRASHTOBIGAS\system\CodeIgniter.php(933): App\Controllers\AdminController->inventory()
#7 C:\laragon\www\TRASHTOBIGAS\system\CodeIgniter.php(509): CodeIgniter\CodeIgniter->runController(Object(App\Controllers\AdminController))
#8 C:\laragon\www\TRASHTOBIGAS\system\CodeIgniter.php(355): CodeIgniter\CodeIgniter->handleRequest(NULL, Object(Config\Cache), false)
#9 C:\laragon\www\TRASHTOBIGAS\system\Boot.php(325): CodeIgniter\CodeIgniter->run()
#10 C:\laragon\www\TRASHTOBIGAS\system\Boot.php(67): CodeIgniter\Boot::runCodeIgniter(Object(CodeIgniter\CodeIgniter))
#11 C:\laragon\www\TRASHTOBIGAS\public\index.php(56): CodeIgniter\Boot::bootWeb(Object(Config\Paths))
#12 C:\laragon\www\TRASHTOBIGAS\system\rewrite.php(44): require_once('C:\\laragon\\www\\...')
#13 {main}
CRITICAL - 2025-02-17 07:09:33 --> CodeIgniter\Database\Exceptions\DatabaseException: Unable to connect to the database.
Main connection [MySQLi]: Unknown database 'trashtobigas'
[Method: GET, Route: inventory]
in SYSTEMPATH\Database\BaseConnection.php on line 467.
 1 SYSTEMPATH\Database\BaseConnection.php(616): CodeIgniter\Database\BaseConnection->initialize()
 2 SYSTEMPATH\Database\BaseBuilder.php(1644): CodeIgniter\Database\BaseConnection->query('SELECT *
FROM `trashtype`', [], false)
 3 SYSTEMPATH\Model.php(286): CodeIgniter\Database\BaseBuilder->get()
 4 SYSTEMPATH\BaseModel.php(676): CodeIgniter\Model->doFindAll(0, 0)
 5 APPPATH\Controllers\AdminController.php(44): CodeIgniter\BaseModel->findAll()
 6 SYSTEMPATH\CodeIgniter.php(933): App\Controllers\AdminController->inventory()
 7 SYSTEMPATH\CodeIgniter.php(509): CodeIgniter\CodeIgniter->runController(Object(App\Controllers\AdminController))
 8 SYSTEMPATH\CodeIgniter.php(355): CodeIgniter\CodeIgniter->handleRequest(null, Object(Config\Cache), false)
 9 SYSTEMPATH\Boot.php(325): CodeIgniter\CodeIgniter->run()
10 SYSTEMPATH\Boot.php(67): CodeIgniter\Boot::runCodeIgniter(Object(CodeIgniter\CodeIgniter))
11 FCPATH\index.php(56): CodeIgniter\Boot::bootWeb(Object(Config\Paths))
12 SYSTEMPATH\rewrite.php(44): require_once('C:\\laragon\\www\\TRASHTOBIGAS\\public\\index.php')
CRITICAL - 2025-02-17 07:10:16 --> Error: Call to a member function findAll() on null
[Method: GET, Route: inventory]
in APPPATH\Controllers\AdminController.php on line 44.
 1 SYSTEMPATH\CodeIgniter.php(933): App\Controllers\AdminController->inventory()
 2 SYSTEMPATH\CodeIgniter.php(509): CodeIgniter\CodeIgniter->runController(Object(App\Controllers\AdminController))
 3 SYSTEMPATH\CodeIgniter.php(355): CodeIgniter\CodeIgniter->handleRequest(null, Object(Config\Cache), false)
 4 SYSTEMPATH\Boot.php(325): CodeIgniter\CodeIgniter->run()
 5 SYSTEMPATH\Boot.php(67): CodeIgniter\Boot::runCodeIgniter(Object(CodeIgniter\CodeIgniter))
 6 FCPATH\index.php(56): CodeIgniter\Boot::bootWeb(Object(Config\Paths))
 7 SYSTEMPATH\rewrite.php(44): require_once('C:\\laragon\\www\\TRASHTOBIGAS\\public\\index.php')
CRITICAL - 2025-02-17 07:21:03 --> CodeIgniter\View\Exceptions\ViewException: Invalid file: "admin/pos.php"
[Method: GET, Route: pos]
in SYSTEMPATH\Exceptions\FrameworkException.php on line 41.
 1 SYSTEMPATH\View\View.php(222): CodeIgniter\Exceptions\FrameworkException::forInvalidFile('admin/pos.php')
 2 SYSTEMPATH\Common.php(1171): CodeIgniter\View\View->render('admin/pos', [], true)
 3 APPPATH\Controllers\AdminController.php(57): view('admin/pos', [...])
 4 SYSTEMPATH\CodeIgniter.php(933): App\Controllers\AdminController->pos()
 5 SYSTEMPATH\CodeIgniter.php(509): CodeIgniter\CodeIgniter->runController(Object(App\Controllers\AdminController))
 6 SYSTEMPATH\CodeIgniter.php(355): CodeIgniter\CodeIgniter->handleRequest(null, Object(Config\Cache), false)
 7 SYSTEMPATH\Boot.php(325): CodeIgniter\CodeIgniter->run()
 8 SYSTEMPATH\Boot.php(67): CodeIgniter\Boot::runCodeIgniter(Object(CodeIgniter\CodeIgniter))
 9 FCPATH\index.php(56): CodeIgniter\Boot::bootWeb(Object(Config\Paths))
10 SYSTEMPATH\rewrite.php(44): require_once('C:\\laragon\\www\\TRASHTOBIGAS\\public\\index.php')
CRITICAL - 2025-02-17 07:22:32 --> ErrorException: Array to string conversion
[Method: GET, Route: pos]
in APPPATH\Views\admin\pos.php on line 10.
 1 APPPATH\Views\admin\pos.php(10): CodeIgniter\Debug\Exceptions->errorHandler(2, 'Array to string conversion', 'C:\\laragon\\www\\TRASHTOBIGAS\\app\\Views\\admin\\pos.php', 10)
 2 SYSTEMPATH\View\View.php(234): include('C:\\laragon\\www\\TRASHTOBIGAS\\app\\Views\\admin\\pos.php')
 3 SYSTEMPATH\View\View.php(237): CodeIgniter\View\View->CodeIgniter\View\{closure}()
 4 SYSTEMPATH\Common.php(1171): CodeIgniter\View\View->render('admin/pos', [], true)
 5 APPPATH\Controllers\AdminController.php(57): view('admin/pos', [...])
 6 SYSTEMPATH\CodeIgniter.php(933): App\Controllers\AdminController->pos()
 7 SYSTEMPATH\CodeIgniter.php(509): CodeIgniter\CodeIgniter->runController(Object(App\Controllers\AdminController))
 8 SYSTEMPATH\CodeIgniter.php(355): CodeIgniter\CodeIgniter->handleRequest(null, Object(Config\Cache), false)
 9 SYSTEMPATH\Boot.php(325): CodeIgniter\CodeIgniter->run()
10 SYSTEMPATH\Boot.php(67): CodeIgniter\Boot::runCodeIgniter(Object(CodeIgniter\CodeIgniter))
11 FCPATH\index.php(56): CodeIgniter\Boot::bootWeb(Object(Config\Paths))
12 SYSTEMPATH\rewrite.php(44): require_once('C:\\laragon\\www\\TRASHTOBIGAS\\public\\index.php')
CRITICAL - 2025-02-17 07:38:07 --> ParseError: syntax error, unexpected token "}"
[Method: POST, Route: insertTrash]
in APPPATH\Controllers\AdminController.php on line 40.
 1 SYSTEMPATH\Autoloader\Autoloader.php(296): CodeIgniter\Autoloader\Autoloader->includeFile('C:\\laragon\\www\\TRASHTOBIGAS\\app\\Controllers\\AdminController.php')
 2 SYSTEMPATH\Autoloader\Autoloader.php(272): CodeIgniter\Autoloader\Autoloader->loadInNamespace('App\\Controllers\\AdminController')
 3 [internal function]: CodeIgniter\Autoloader\Autoloader->loadClass('App\\Controllers\\AdminController')
 4 SYSTEMPATH\CodeIgniter.php(887): class_exists('\\App\\Controllers\\AdminController', true)
 5 SYSTEMPATH\CodeIgniter.php(496): CodeIgniter\CodeIgniter->startController()
 6 SYSTEMPATH\CodeIgniter.php(355): CodeIgniter\CodeIgniter->handleRequest(null, Object(Config\Cache), false)
 7 SYSTEMPATH\Boot.php(325): CodeIgniter\CodeIgniter->run()
 8 SYSTEMPATH\Boot.php(67): CodeIgniter\Boot::runCodeIgniter(Object(CodeIgniter\CodeIgniter))
 9 FCPATH\index.php(56): CodeIgniter\Boot::bootWeb(Object(Config\Paths))
10 SYSTEMPATH\rewrite.php(44): require_once('C:\\laragon\\www\\TRASHTOBIGAS\\public\\index.php')
